------------train
------------train
1
0
it: 100/80000, lr: 0.000020, loss: 9.6430, eta: 14:59:38, time: 66.8809
it: 200/80000, lr: 0.000040, loss: 9.0535, eta: 13:46:30, time: 56.7840
it: 300/80000, lr: 0.000079, loss: 8.0711, eta: 13:48:23, time: 62.7978
it: 400/80000, lr: 0.000157, loss: 6.5945, eta: 14:01:43, time: 66.6846
it: 500/80000, lr: 0.000314, loss: 5.1640, eta: 13:42:10, time: 56.4806
it: 600/80000, lr: 0.000627, loss: 4.4555, eta: 13:33:31, time: 58.6061
it: 700/80000, lr: 0.001250, loss: 4.5329, eta: 13:34:23, time: 62.4752
it: 800/80000, lr: 0.002495, loss: 4.2019, eta: 13:37:29, time: 64.1134
it: 900/80000, lr: 0.004977, loss: 4.1922, eta: 13:27:20, time: 55.7173
it: 1000/80000, lr: 0.009931, loss: 3.8750, eta: 13:22:14, time: 58.1432
==> warmup done, start to implement poly lr strategy
==> warmup done, start to implement poly lr strategy
it: 1100/80000, lr: 0.009989, loss: 4.1068, eta: 13:23:11, time: 62.5685
it: 1200/80000, lr: 0.009977, loss: 4.0138, eta: 13:25:26, time: 64.0610
it: 1300/80000, lr: 0.009966, loss: 3.7763, eta: 13:19:04, time: 56.0354
it: 1400/80000, lr: 0.009955, loss: 3.8041, eta: 13:18:47, time: 61.7055
it: 1500/80000, lr: 0.009943, loss: 3.7328, eta: 13:23:05, time: 67.0592
it: 1600/80000, lr: 0.009932, loss: 3.8040, eta: 13:18:17, time: 56.7539
it: 1700/80000, lr: 0.009920, loss: 3.7412, eta: 13:13:19, time: 55.9547
it: 1800/80000, lr: 0.009909, loss: 3.7235, eta: 13:13:02, time: 61.8165
it: 1900/80000, lr: 0.009898, loss: 3.5619, eta: 13:14:36, time: 64.5949
it: 2000/80000, lr: 0.009886, loss: 3.5388, eta: 13:09:44, time: 55.1319
it: 2100/80000, lr: 0.009875, loss: 3.8625, eta: 13:06:40, time: 57.4389
it: 2200/80000, lr: 0.009863, loss: 3.5829, eta: 13:05:49, time: 60.8624
it: 2300/80000, lr: 0.009852, loss: 3.6006, eta: 13:05:56, time: 62.5759
it: 2400/80000, lr: 0.009840, loss: 3.5741, eta: 13:01:54, time: 55.1000
it: 2500/80000, lr: 0.009829, loss: 3.6705, eta: 13:00:35, time: 59.8419
it: 2600/80000, lr: 0.009818, loss: 3.5607, eta: 12:59:20, time: 59.9728
it: 2700/80000, lr: 0.009806, loss: 3.5826, eta: 12:59:08, time: 62.1006
it: 2800/80000, lr: 0.009795, loss: 3.5366, eta: 12:56:34, time: 57.0654
it: 2900/80000, lr: 0.009783, loss: 3.5137, eta: 12:56:38, time: 62.7860
it: 3000/80000, lr: 0.009772, loss: 3.5081, eta: 12:56:51, time: 63.2881
it: 3100/80000, lr: 0.009761, loss: 3.4448, eta: 12:53:31, time: 54.9339
it: 3200/80000, lr: 0.009749, loss: 3.4660, eta: 12:51:53, time: 58.7795
it: 3300/80000, lr: 0.009738, loss: 3.5212, eta: 12:51:28, time: 61.8106
it: 3400/80000, lr: 0.009726, loss: 3.4112, eta: 12:50:25, time: 60.2253
it: 3500/80000, lr: 0.009715, loss: 3.4704, eta: 12:47:35, time: 55.3426
it: 3600/80000, lr: 0.009703, loss: 3.3694, eta: 12:46:50, time: 60.9151
it: 3700/80000, lr: 0.009692, loss: 3.4022, eta: 12:46:16, time: 61.5169
it: 3800/80000, lr: 0.009681, loss: 3.5437, eta: 12:44:59, time: 59.4043
it: 3900/80000, lr: 0.009669, loss: 3.4217, eta: 12:42:55, time: 56.9807
it: 4000/80000, lr: 0.009658, loss: 3.4185, eta: 12:42:25, time: 61.7298
it: 4100/80000, lr: 0.009646, loss: 3.5771, eta: 12:42:14, time: 62.8461
it: 4200/80000, lr: 0.009635, loss: 3.4600, eta: 12:39:45, time: 55.3263
it: 4300/80000, lr: 0.009623, loss: 3.5009, eta: 12:37:53, time: 57.2083
it: 4400/80000, lr: 0.009612, loss: 3.4271, eta: 12:37:31, time: 62.2694
it: 4500/80000, lr: 0.009600, loss: 3.3584, eta: 12:37:02, time: 62.0042
it: 4600/80000, lr: 0.009589, loss: 3.4641, eta: 12:35:23, time: 57.7479
it: 4700/80000, lr: 0.009578, loss: 3.3099, eta: 12:35:02, time: 62.5989
it: 4800/80000, lr: 0.009566, loss: 3.4202, eta: 12:32:43, time: 55.0748
it: 4900/80000, lr: 0.009555, loss: 3.2913, eta: 12:31:35, time: 59.5629
it: 5000/80000, lr: 0.009543, loss: 3.5560, eta: 12:29:18, time: 54.9353
it: 5100/80000, lr: 0.009532, loss: 3.4199, eta: 12:27:04, time: 54.8645
it: 5200/80000, lr: 0.009520, loss: 3.4399, eta: 12:24:52, time: 54.8375
it: 5300/80000, lr: 0.009509, loss: 3.4112, eta: 12:26:01, time: 68.9215
it: 5400/80000, lr: 0.009497, loss: 3.4536, eta: 12:25:38, time: 62.5826
it: 5500/80000, lr: 0.009486, loss: 3.3777, eta: 12:23:53, time: 56.6099
it: 5600/80000, lr: 0.009475, loss: 3.3349, eta: 12:22:40, time: 58.9675
it: 5700/80000, lr: 0.009463, loss: 3.3758, eta: 12:21:30, time: 59.1288
it: 5800/80000, lr: 0.009452, loss: 3.3947, eta: 12:20:21, time: 59.1198
it: 5900/80000, lr: 0.009440, loss: 3.4011, eta: 12:18:29, time: 55.7378
it: 6000/80000, lr: 0.009429, loss: 3.3364, eta: 12:17:15, time: 58.6425
it: 6100/80000, lr: 0.009417, loss: 3.3175, eta: 12:16:04, time: 58.8788
it: 6200/80000, lr: 0.009406, loss: 3.3296, eta: 12:15:06, time: 59.9147
it: 6300/80000, lr: 0.009394, loss: 3.3927, eta: 12:13:20, time: 55.7933
it: 6400/80000, lr: 0.009383, loss: 3.3649, eta: 12:12:19, time: 59.5464
it: 6500/80000, lr: 0.009371, loss: 3.4103, eta: 12:11:15, time: 59.3355
it: 6600/80000, lr: 0.009360, loss: 3.4329, eta: 12:10:23, time: 60.4250
it: 6700/80000, lr: 0.009348, loss: 3.4263, eta: 12:09:22, time: 59.5270
it: 6800/80000, lr: 0.009337, loss: 3.4683, eta: 12:07:36, time: 55.4228
it: 6900/80000, lr: 0.009325, loss: 3.3655, eta: 12:06:51, time: 61.0110
it: 7000/80000, lr: 0.009314, loss: 3.4625, eta: 12:06:01, time: 60.6176
it: 7100/80000, lr: 0.009302, loss: 3.3582, eta: 12:05:06, time: 60.1438
it: 7200/80000, lr: 0.009291, loss: 3.4601, eta: 12:03:20, time: 55.0887
it: 7300/80000, lr: 0.009279, loss: 3.2356, eta: 12:02:22, time: 59.7939
it: 7400/80000, lr: 0.009268, loss: 3.3414, eta: 12:01:29, time: 60.2131
it: 7500/80000, lr: 0.009256, loss: 3.3701, eta: 12:00:29, time: 59.5900
it: 7600/80000, lr: 0.009245, loss: 3.3537, eta: 11:58:45, time: 54.9670
it: 7700/80000, lr: 0.009233, loss: 3.3877, eta: 11:57:53, time: 60.3948
it: 7800/80000, lr: 0.009222, loss: 3.3331, eta: 11:56:55, time: 59.7332
it: 7900/80000, lr: 0.009210, loss: 3.3542, eta: 11:56:05, time: 60.6545
it: 8000/80000, lr: 0.009199, loss: 3.3453, eta: 11:54:24, time: 55.0320
it: 8100/80000, lr: 0.009187, loss: 3.3132, eta: 11:53:56, time: 63.0625
it: 8200/80000, lr: 0.009176, loss: 3.2905, eta: 11:53:42, time: 64.7794
it: 8300/80000, lr: 0.009164, loss: 3.2589, eta: 11:52:03, time: 55.0448
it: 8400/80000, lr: 0.009153, loss: 3.4115, eta: 11:50:31, time: 55.7980
it: 8500/80000, lr: 0.009141, loss: 3.3696, eta: 11:49:51, time: 61.9201
it: 8600/80000, lr: 0.009130, loss: 3.3156, eta: 11:49:34, time: 64.5918
it: 8700/80000, lr: 0.009118, loss: 3.3012, eta: 11:48:00, time: 55.4695
it: 8800/80000, lr: 0.009107, loss: 3.2643, eta: 11:47:06, time: 60.2456
it: 8900/80000, lr: 0.009095, loss: 3.3065, eta: 11:46:18, time: 61.1317
it: 9000/80000, lr: 0.009084, loss: 3.3027, eta: 11:45:16, time: 59.2266
it: 9100/80000, lr: 0.009072, loss: 3.3996, eta: 11:43:45, time: 55.5343
it: 9200/80000, lr: 0.009061, loss: 3.2771, eta: 11:43:03, time: 61.9338
it: 9300/80000, lr: 0.009049, loss: 3.3582, eta: 11:42:05, time: 59.7648
it: 9400/80000, lr: 0.009038, loss: 3.2980, eta: 11:41:08, time: 59.9438
it: 9500/80000, lr: 0.009026, loss: 3.3176, eta: 11:40:00, time: 58.4159
it: 9600/80000, lr: 0.009015, loss: 3.3205, eta: 11:39:21, time: 62.3699
it: 9700/80000, lr: 0.009003, loss: 3.2266, eta: 11:38:35, time: 61.4355
it: 9800/80000, lr: 0.008992, loss: 3.2617, eta: 11:37:04, time: 55.2309
it: 9900/80000, lr: 0.008980, loss: 3.2928, eta: 11:36:05, time: 59.7771
it: 10000/80000, lr: 0.008969, loss: 3.3213, eta: 11:35:15, time: 60.8957
it: 10100/80000, lr: 0.008957, loss: 3.3590, eta: 11:34:22, time: 60.4826
it: 10200/80000, lr: 0.008946, loss: 3.3553, eta: 11:32:52, time: 55.1782
it: 10300/80000, lr: 0.008934, loss: 3.3043, eta: 11:32:05, time: 61.4615
it: 10400/80000, lr: 0.008923, loss: 3.3274, eta: 11:31:23, time: 62.1790
it: 10500/80000, lr: 0.008911, loss: 3.2738, eta: 11:30:36, time: 61.5227
it: 10600/80000, lr: 0.008899, loss: 3.4200, eta: 11:29:05, time: 54.8671
it: 10700/80000, lr: 0.008888, loss: 3.2086, eta: 11:28:10, time: 60.2902
it: 10800/80000, lr: 0.008876, loss: 3.2465, eta: 11:27:59, time: 67.0514
it: 10900/80000, lr: 0.008865, loss: 3.2990, eta: 11:26:38, time: 56.3065
it: 11000/80000, lr: 0.008853, loss: 3.2616, eta: 11:25:13, time: 55.5893
it: 11100/80000, lr: 0.008842, loss: 3.3485, eta: 11:24:27, time: 61.8239
it: 11200/80000, lr: 0.008830, loss: 3.2905, eta: 11:24:08, time: 66.2226
it: 11300/80000, lr: 0.008819, loss: 3.2729, eta: 11:24:03, time: 68.5878
it: 11400/80000, lr: 0.008807, loss: 3.2594, eta: 11:22:35, time: 55.1612
it: 11500/80000, lr: 0.008796, loss: 3.2396, eta: 11:21:07, time: 54.8918
it: 11600/80000, lr: 0.008784, loss: 3.2335, eta: 11:20:07, time: 59.5251
it: 11700/80000, lr: 0.008772, loss: 3.2716, eta: 11:18:39, time: 54.9379
it: 11800/80000, lr: 0.008761, loss: 3.2732, eta: 11:17:14, time: 55.1021
it: 11900/80000, lr: 0.008749, loss: 3.2859, eta: 11:15:45, time: 54.5026
it: 12000/80000, lr: 0.008738, loss: 3.2321, eta: 11:14:52, time: 60.6888
it: 12100/80000, lr: 0.008726, loss: 3.1882, eta: 11:14:15, time: 63.5543
it: 12200/80000, lr: 0.008715, loss: 3.2292, eta: 11:13:19, time: 60.2784
it: 12300/80000, lr: 0.008703, loss: 3.2448, eta: 11:12:16, time: 58.8791
it: 12400/80000, lr: 0.008691, loss: 3.2329, eta: 11:11:00, time: 56.5927
it: 12500/80000, lr: 0.008680, loss: 3.1927, eta: 11:09:58, time: 59.1973
it: 12600/80000, lr: 0.008668, loss: 3.3097, eta: 11:08:35, time: 54.9986
it: 12700/80000, lr: 0.008657, loss: 3.2614, eta: 11:07:42, time: 60.8376
it: 12800/80000, lr: 0.008645, loss: 3.1762, eta: 11:06:47, time: 60.3116
it: 12900/80000, lr: 0.008634, loss: 3.1865, eta: 11:05:23, time: 54.9105
it: 13000/80000, lr: 0.008622, loss: 3.2730, eta: 11:04:01, time: 55.0517
it: 13100/80000, lr: 0.008610, loss: 3.2745, eta: 11:03:50, time: 69.0355
it: 13200/80000, lr: 0.008599, loss: 3.2911, eta: 11:02:53, time: 59.9299
it: 13300/80000, lr: 0.008587, loss: 3.1895, eta: 11:01:33, time: 55.4595
it: 13400/80000, lr: 0.008576, loss: 3.2420, eta: 11:00:54, time: 63.8187
it: 13500/80000, lr: 0.008564, loss: 3.1480, eta: 11:00:12, time: 63.0578
it: 13600/80000, lr: 0.008552, loss: 3.1869, eta: 10:58:57, time: 56.2933
it: 13700/80000, lr: 0.008541, loss: 3.2104, eta: 10:57:36, time: 55.2017
it: 13800/80000, lr: 0.008529, loss: 3.3230, eta: 10:57:17, time: 67.8773
it: 13900/80000, lr: 0.008518, loss: 3.2451, eta: 10:56:31, time: 62.5146
it: 14000/80000, lr: 0.008506, loss: 3.2002, eta: 10:55:13, time: 55.6616
it: 14100/80000, lr: 0.008495, loss: 3.2882, eta: 10:54:06, time: 58.0619
it: 14200/80000, lr: 0.008483, loss: 3.3430, eta: 10:53:44, time: 67.6561
it: 14300/80000, lr: 0.008471, loss: 3.2735, eta: 10:52:24, time: 55.0765
it: 14400/80000, lr: 0.008460, loss: 3.2413, eta: 10:51:24, time: 59.3999
it: 14500/80000, lr: 0.008448, loss: 3.1966, eta: 10:50:24, time: 59.4768
it: 14600/80000, lr: 0.008436, loss: 3.1553, eta: 10:49:23, time: 59.4566
it: 14700/80000, lr: 0.008425, loss: 3.3003, eta: 10:48:32, time: 61.3115
it: 14800/80000, lr: 0.008413, loss: 3.2006, eta: 10:47:37, time: 60.6505
it: 14900/80000, lr: 0.008402, loss: 3.2393, eta: 10:46:37, time: 59.6927
it: 15000/80000, lr: 0.008390, loss: 3.2037, eta: 10:45:36, time: 59.1819
it: 15100/80000, lr: 0.008378, loss: 3.1841, eta: 10:44:51, time: 63.0301
it: 15200/80000, lr: 0.008367, loss: 3.2926, eta: 10:43:41, time: 57.0408
it: 15300/80000, lr: 0.008355, loss: 3.1442, eta: 10:42:41, time: 59.4971
it: 15400/80000, lr: 0.008344, loss: 3.1672, eta: 10:41:54, time: 62.5794
it: 15500/80000, lr: 0.008332, loss: 3.2398, eta: 10:41:02, time: 61.6571
it: 15600/80000, lr: 0.008320, loss: 3.1782, eta: 10:39:44, time: 54.9985
it: 15700/80000, lr: 0.008309, loss: 3.1776, eta: 10:38:57, time: 62.7826
it: 15800/80000, lr: 0.008297, loss: 3.1698, eta: 10:38:11, time: 62.9906
it: 15900/80000, lr: 0.008285, loss: 3.1204, eta: 10:37:07, time: 58.5246
it: 16000/80000, lr: 0.008274, loss: 3.0899, eta: 10:36:10, time: 60.1901
it: 16100/80000, lr: 0.008262, loss: 3.2108, eta: 10:35:19, time: 61.8697
it: 16200/80000, lr: 0.008251, loss: 3.1809, eta: 10:34:29, time: 62.1242
it: 16300/80000, lr: 0.008239, loss: 3.1801, eta: 10:33:13, time: 55.4666
it: 16400/80000, lr: 0.008227, loss: 3.1042, eta: 10:32:21, time: 61.6591
it: 16500/80000, lr: 0.008216, loss: 3.2592, eta: 10:31:31, time: 62.0576
it: 16600/80000, lr: 0.008204, loss: 3.1987, eta: 10:30:19, time: 56.6968
it: 16700/80000, lr: 0.008192, loss: 3.2028, eta: 10:29:02, time: 55.0148
it: 16800/80000, lr: 0.008181, loss: 3.1365, eta: 10:28:34, time: 68.0346
it: 16900/80000, lr: 0.008169, loss: 3.2082, eta: 10:27:33, time: 59.2268
it: 17000/80000, lr: 0.008157, loss: 3.2506, eta: 10:26:17, time: 55.2017
it: 17100/80000, lr: 0.008146, loss: 3.2363, eta: 10:25:08, time: 57.1059
it: 17200/80000, lr: 0.008134, loss: 3.1264, eta: 10:24:39, time: 68.0625
it: 17300/80000, lr: 0.008122, loss: 3.3507, eta: 10:23:38, time: 59.2659
it: 17400/80000, lr: 0.008111, loss: 3.1222, eta: 10:22:21, time: 54.9171
it: 17500/80000, lr: 0.008099, loss: 3.1916, eta: 10:21:35, time: 63.6461
it: 17600/80000, lr: 0.008087, loss: 3.1306, eta: 10:20:45, time: 62.3528
it: 17700/80000, lr: 0.008076, loss: 3.1174, eta: 10:19:43, time: 59.0518
it: 17800/80000, lr: 0.008064, loss: 3.2487, eta: 10:18:29, time: 55.4110
it: 17900/80000, lr: 0.008052, loss: 3.2115, eta: 10:17:55, time: 67.2478
it: 18000/80000, lr: 0.008041, loss: 3.1904, eta: 10:17:07, time: 63.0225
it: 18100/80000, lr: 0.008029, loss: 3.2310, eta: 10:16:05, time: 59.0224
it: 18200/80000, lr: 0.008017, loss: 3.3056, eta: 10:14:52, time: 55.6486
it: 18300/80000, lr: 0.008006, loss: 3.2188, eta: 10:14:01, time: 62.3590
it: 18400/80000, lr: 0.007994, loss: 3.1394, eta: 10:12:46, time: 55.0712
it: 18500/80000, lr: 0.007982, loss: 3.1042, eta: 10:11:37, time: 56.9020
it: 18600/80000, lr: 0.007971, loss: 3.2925, eta: 10:10:41, time: 60.7701
it: 18700/80000, lr: 0.007959, loss: 3.2246, eta: 10:09:58, time: 64.7688
it: 18800/80000, lr: 0.007947, loss: 3.1126, eta: 10:08:42, time: 54.9335
it: 18900/80000, lr: 0.007936, loss: 3.0941, eta: 10:07:40, time: 58.6774
it: 19000/80000, lr: 0.007924, loss: 3.3179, eta: 10:07:03, time: 66.8122
it: 19100/80000, lr: 0.007912, loss: 3.1389, eta: 10:05:59, time: 58.4870
it: 19200/80000, lr: 0.007901, loss: 3.1760, eta: 10:04:46, time: 55.3301
it: 19300/80000, lr: 0.007889, loss: 3.1279, eta: 10:03:47, time: 59.9832
it: 19400/80000, lr: 0.007877, loss: 3.1380, eta: 10:03:11, time: 67.3176
it: 19500/80000, lr: 0.007865, loss: 3.1094, eta: 10:01:58, time: 55.3038
it: 19600/80000, lr: 0.007854, loss: 3.2317, eta: 10:00:48, time: 56.4389
it: 19700/80000, lr: 0.007842, loss: 3.1047, eta: 9:59:57, time: 62.6525
it: 19800/80000, lr: 0.007830, loss: 3.2115, eta: 9:59:17, time: 66.1499
it: 19900/80000, lr: 0.007819, loss: 3.1758, eta: 9:58:04, time: 55.2908
it: 20000/80000, lr: 0.007807, loss: 3.1663, eta: 9:57:03, time: 59.3410
it: 20100/80000, lr: 0.007795, loss: 3.1176, eta: 9:56:29, time: 68.2123
it: 20200/80000, lr: 0.007783, loss: 3.2697, eta: 9:55:17, time: 55.6940
it: 20300/80000, lr: 0.007772, loss: 3.1669, eta: 9:54:09, time: 56.9633
it: 20400/80000, lr: 0.007760, loss: 3.3395, eta: 9:53:20, time: 63.1741
it: 20500/80000, lr: 0.007748, loss: 3.1593, eta: 9:52:37, time: 65.6512
it: 20600/80000, lr: 0.007737, loss: 3.1114, eta: 9:51:24, time: 55.0013
it: 20700/80000, lr: 0.007725, loss: 3.1989, eta: 9:50:23, time: 59.3793
it: 20800/80000, lr: 0.007713, loss: 3.2899, eta: 9:49:34, time: 63.5133
it: 20900/80000, lr: 0.007701, loss: 3.1189, eta: 9:48:36, time: 60.4507
it: 21000/80000, lr: 0.007690, loss: 3.2290, eta: 9:47:26, time: 55.9534
it: 21100/80000, lr: 0.007678, loss: 3.1825, eta: 9:46:36, time: 63.4432
it: 21200/80000, lr: 0.007666, loss: 3.2999, eta: 9:45:34, time: 58.6844
it: 21300/80000, lr: 0.007654, loss: 3.1869, eta: 9:44:32, time: 59.2291
it: 21400/80000, lr: 0.007643, loss: 3.0822, eta: 9:43:35, time: 60.6807
it: 21500/80000, lr: 0.007631, loss: 3.0942, eta: 9:42:42, time: 62.3055
it: 21600/80000, lr: 0.007619, loss: 3.1175, eta: 9:41:45, time: 60.5545
it: 21700/80000, lr: 0.007608, loss: 3.1945, eta: 9:40:31, time: 54.7327
it: 21800/80000, lr: 0.007596, loss: 3.1438, eta: 9:39:36, time: 61.5007
it: 21900/80000, lr: 0.007584, loss: 3.1346, eta: 9:38:36, time: 59.6100
it: 22000/80000, lr: 0.007572, loss: 3.0967, eta: 9:37:35, time: 59.0876
it: 22100/80000, lr: 0.007561, loss: 3.1487, eta: 9:36:26, time: 56.4255
it: 22200/80000, lr: 0.007549, loss: 3.1632, eta: 9:35:36, time: 63.4042
it: 22300/80000, lr: 0.007537, loss: 3.1577, eta: 9:34:38, time: 60.2354
it: 22400/80000, lr: 0.007525, loss: 3.0400, eta: 9:33:37, time: 59.5923
it: 22500/80000, lr: 0.007514, loss: 3.1448, eta: 9:32:32, time: 57.5854
it: 22600/80000, lr: 0.007502, loss: 3.0635, eta: 9:31:42, time: 63.6624
it: 22700/80000, lr: 0.007490, loss: 3.0564, eta: 9:30:48, time: 61.9501
it: 22800/80000, lr: 0.007478, loss: 3.1332, eta: 9:29:38, time: 55.6881
it: 22900/80000, lr: 0.007466, loss: 3.0599, eta: 9:28:49, time: 64.0845
it: 23000/80000, lr: 0.007455, loss: 3.0763, eta: 9:28:00, time: 63.9490
it: 23100/80000, lr: 0.007443, loss: 3.0706, eta: 9:27:05, time: 61.9934
it: 23200/80000, lr: 0.007431, loss: 3.1888, eta: 9:25:57, time: 56.3891
it: 23300/80000, lr: 0.007419, loss: 3.0428, eta: 9:25:10, time: 64.8307
it: 23400/80000, lr: 0.007408, loss: 3.1308, eta: 9:24:21, time: 64.3983
it: 23500/80000, lr: 0.007396, loss: 3.1340, eta: 9:23:20, time: 59.3126
it: 23600/80000, lr: 0.007384, loss: 3.1851, eta: 9:22:13, time: 56.8466
it: 23700/80000, lr: 0.007372, loss: 3.1738, eta: 9:21:23, time: 63.8219
it: 23800/80000, lr: 0.007360, loss: 3.2344, eta: 9:20:26, time: 60.8936
it: 23900/80000, lr: 0.007349, loss: 3.1042, eta: 9:19:26, time: 60.0336
it: 24000/80000, lr: 0.007337, loss: 3.1445, eta: 9:18:22, time: 57.8131
it: 24100/80000, lr: 0.007325, loss: 3.1366, eta: 9:17:35, time: 65.3774
it: 24200/80000, lr: 0.007313, loss: 3.1512, eta: 9:16:44, time: 63.8255
it: 24300/80000, lr: 0.007302, loss: 3.2036, eta: 9:15:42, time: 58.7453
it: 24400/80000, lr: 0.007290, loss: 3.1027, eta: 9:14:50, time: 63.4506
it: 24500/80000, lr: 0.007278, loss: 3.0805, eta: 9:13:52, time: 60.8207
it: 24600/80000, lr: 0.007266, loss: 3.1376, eta: 9:12:55, time: 60.9771
it: 24700/80000, lr: 0.007254, loss: 3.1025, eta: 9:12:00, time: 62.3067
it: 24800/80000, lr: 0.007242, loss: 3.1819, eta: 9:11:13, time: 65.4011
it: 24900/80000, lr: 0.007231, loss: 3.0663, eta: 9:10:13, time: 60.1835
it: 25000/80000, lr: 0.007219, loss: 3.2290, eta: 9:09:24, time: 64.6228
it: 25100/80000, lr: 0.007207, loss: 3.0919, eta: 9:08:49, time: 71.3048
it: 25200/80000, lr: 0.007195, loss: 3.0703, eta: 9:08:08, time: 69.0140
it: 25300/80000, lr: 0.007183, loss: 3.1077, eta: 9:07:33, time: 71.2658
it: 25400/80000, lr: 0.007172, loss: 3.1180, eta: 9:07:15, time: 79.9663
it: 25500/80000, lr: 0.007160, loss: 3.1383, eta: 9:06:16, time: 60.4440
it: 25600/80000, lr: 0.007148, loss: 3.0673, eta: 9:06:08, time: 84.5213
it: 25700/80000, lr: 0.007136, loss: 3.0986, eta: 9:06:45, time: 106.4091
it: 25800/80000, lr: 0.007124, loss: 3.1100, eta: 9:05:59, time: 67.4488
it: 25900/80000, lr: 0.007112, loss: 3.1560, eta: 9:04:54, time: 58.2133
it: 26000/80000, lr: 0.007101, loss: 3.1629, eta: 9:03:47, time: 57.3566
it: 26100/80000, lr: 0.007089, loss: 3.0959, eta: 9:02:52, time: 62.9597
it: 26200/80000, lr: 0.007077, loss: 3.1620, eta: 9:01:45, time: 57.2753
it: 26300/80000, lr: 0.007065, loss: 3.1913, eta: 9:00:38, time: 57.1058
it: 26400/80000, lr: 0.007053, loss: 3.1019, eta: 8:59:30, time: 56.4075
it: 26500/80000, lr: 0.007041, loss: 3.0005, eta: 8:59:07, time: 79.1578
it: 26600/80000, lr: 0.007030, loss: 3.1006, eta: 8:59:04, time: 89.1565
it: 26700/80000, lr: 0.007018, loss: 3.0084, eta: 8:58:41, time: 79.3269
it: 26800/80000, lr: 0.007006, loss: 3.1512, eta: 8:58:31, time: 86.2393
it: 26900/80000, lr: 0.006994, loss: 3.0743, eta: 8:58:01, time: 76.2777
it: 27000/80000, lr: 0.006982, loss: 3.0699, eta: 8:56:53, time: 57.0531
it: 27100/80000, lr: 0.006970, loss: 3.2240, eta: 8:55:50, time: 59.5507
it: 27200/80000, lr: 0.006958, loss: 3.1455, eta: 8:55:14, time: 73.7662
it: 27300/80000, lr: 0.006947, loss: 3.0917, eta: 8:54:21, time: 64.5153
it: 27400/80000, lr: 0.006935, loss: 3.1322, eta: 8:53:16, time: 58.6022
it: 27500/80000, lr: 0.006923, loss: 3.1029, eta: 8:52:43, time: 75.6726
it: 27600/80000, lr: 0.006911, loss: 3.1266, eta: 8:52:01, time: 70.7479
it: 27700/80000, lr: 0.006899, loss: 3.1587, eta: 8:51:05, time: 63.3253
it: 27800/80000, lr: 0.006887, loss: 3.1488, eta: 8:50:17, time: 68.2505
it: 27900/80000, lr: 0.006875, loss: 3.1020, eta: 8:49:18, time: 61.6643
it: 28000/80000, lr: 0.006864, loss: 3.1341, eta: 8:48:17, time: 61.0811
it: 28100/80000, lr: 0.006852, loss: 3.2278, eta: 8:47:58, time: 83.7622
it: 28200/80000, lr: 0.006840, loss: 3.0241, eta: 8:47:36, time: 81.9168
it: 28300/80000, lr: 0.006828, loss: 3.1837, eta: 8:47:10, time: 80.4590
it: 28400/80000, lr: 0.006816, loss: 3.0464, eta: 8:46:03, time: 57.9203
it: 28500/80000, lr: 0.006804, loss: 3.0911, eta: 8:44:57, time: 58.7656
it: 28600/80000, lr: 0.006792, loss: 3.1334, eta: 8:43:52, time: 58.7340
it: 28700/80000, lr: 0.006780, loss: 3.0960, eta: 8:42:59, time: 65.6972
it: 28800/80000, lr: 0.006768, loss: 3.0447, eta: 8:42:06, time: 65.9085
it: 28900/80000, lr: 0.006757, loss: 3.1039, eta: 8:40:58, time: 57.3058
it: 29000/80000, lr: 0.006745, loss: 3.0889, eta: 8:39:45, time: 54.7993
it: 29100/80000, lr: 0.006733, loss: 3.1688, eta: 8:38:54, time: 66.4451
it: 29200/80000, lr: 0.006721, loss: 3.0145, eta: 8:37:58, time: 64.4073
it: 29300/80000, lr: 0.006709, loss: 3.0337, eta: 8:36:47, time: 55.4762
it: 29400/80000, lr: 0.006697, loss: 3.0277, eta: 8:35:43, time: 59.7258
it: 29500/80000, lr: 0.006685, loss: 3.1597, eta: 8:34:47, time: 63.7879
it: 29600/80000, lr: 0.006673, loss: 3.1689, eta: 8:33:45, time: 60.7900
it: 29700/80000, lr: 0.006661, loss: 3.0856, eta: 8:32:34, time: 55.6079
it: 29800/80000, lr: 0.006649, loss: 3.0286, eta: 8:31:40, time: 65.2822
it: 29900/80000, lr: 0.006637, loss: 3.0764, eta: 8:30:37, time: 60.1119
it: 30000/80000, lr: 0.006625, loss: 3.0480, eta: 8:29:27, time: 55.7771
it: 30100/80000, lr: 0.006614, loss: 3.0466, eta: 8:28:31, time: 64.0338
it: 30200/80000, lr: 0.006602, loss: 3.0888, eta: 8:27:38, time: 66.4351
it: 30300/80000, lr: 0.006590, loss: 3.0606, eta: 8:26:29, time: 55.9796
it: 30400/80000, lr: 0.006578, loss: 3.0924, eta: 8:25:27, time: 60.6285
it: 30500/80000, lr: 0.006566, loss: 3.0382, eta: 8:24:27, time: 61.7760
it: 30600/80000, lr: 0.006554, loss: 3.0370, eta: 8:23:23, time: 59.8273
it: 30700/80000, lr: 0.006542, loss: 3.0082, eta: 8:22:15, time: 56.5489
it: 30800/80000, lr: 0.006530, loss: 3.0449, eta: 8:21:16, time: 62.4535
it: 30900/80000, lr: 0.006518, loss: 3.1788, eta: 8:20:14, time: 60.7660
it: 31000/80000, lr: 0.006506, loss: 3.0424, eta: 8:19:05, time: 56.1840
it: 31100/80000, lr: 0.006494, loss: 3.0444, eta: 8:18:08, time: 63.5077
it: 31200/80000, lr: 0.006482, loss: 3.0955, eta: 8:17:06, time: 60.3708
it: 31300/80000, lr: 0.006470, loss: 3.1043, eta: 8:16:01, time: 59.1560
it: 31400/80000, lr: 0.006458, loss: 2.9978, eta: 8:14:57, time: 58.9908
it: 31500/80000, lr: 0.006446, loss: 3.0817, eta: 8:13:49, time: 56.7762
it: 31600/80000, lr: 0.006434, loss: 3.0665, eta: 8:12:39, time: 55.2704
it: 31700/80000, lr: 0.006422, loss: 3.1239, eta: 8:11:52, time: 69.7914
it: 31800/80000, lr: 0.006410, loss: 3.0701, eta: 8:10:51, time: 61.3007
it: 31900/80000, lr: 0.006398, loss: 3.1009, eta: 8:09:41, time: 55.4070
it: 32000/80000, lr: 0.006386, loss: 3.0922, eta: 8:08:44, time: 63.7489
it: 32100/80000, lr: 0.006374, loss: 3.0716, eta: 8:07:44, time: 61.7624
it: 32200/80000, lr: 0.006363, loss: 3.0278, eta: 8:06:39, time: 58.8291
it: 32300/80000, lr: 0.006351, loss: 3.1042, eta: 8:05:30, time: 55.2585
it: 32400/80000, lr: 0.006339, loss: 3.1112, eta: 8:04:36, time: 65.9784
it: 32500/80000, lr: 0.006327, loss: 2.9775, eta: 8:03:35, time: 60.9462
it: 32600/80000, lr: 0.006315, loss: 2.9180, eta: 8:02:26, time: 55.6245
it: 32700/80000, lr: 0.006303, loss: 3.1475, eta: 8:01:23, time: 60.0618
it: 32800/80000, lr: 0.006291, loss: 3.0460, eta: 8:00:35, time: 69.9603
it: 32900/80000, lr: 0.006279, loss: 3.0052, eta: 7:59:26, time: 55.8812
it: 33000/80000, lr: 0.006267, loss: 3.0479, eta: 7:58:18, time: 55.9826
it: 33100/80000, lr: 0.006255, loss: 2.9828, eta: 7:57:18, time: 62.1413
it: 33200/80000, lr: 0.006243, loss: 2.9719, eta: 7:56:21, time: 63.5754
it: 33300/80000, lr: 0.006231, loss: 2.9973, eta: 7:55:12, time: 55.5634
it: 33400/80000, lr: 0.006219, loss: 2.9944, eta: 7:54:16, time: 64.8480
it: 33500/80000, lr: 0.006207, loss: 3.0256, eta: 7:53:19, time: 63.9663
it: 33600/80000, lr: 0.006195, loss: 3.0690, eta: 7:52:11, time: 55.6069
it: 33700/80000, lr: 0.006183, loss: 2.9842, eta: 7:51:08, time: 60.0886
it: 33800/80000, lr: 0.006171, loss: 2.9761, eta: 7:50:06, time: 60.3852
it: 33900/80000, lr: 0.006158, loss: 2.9907, eta: 7:49:03, time: 59.2691
it: 34000/80000, lr: 0.006146, loss: 3.1044, eta: 7:47:58, time: 58.4833
it: 34100/80000, lr: 0.006134, loss: 3.0234, eta: 7:46:58, time: 61.2251
it: 34200/80000, lr: 0.006122, loss: 3.0557, eta: 7:45:52, time: 58.0737
it: 34300/80000, lr: 0.006110, loss: 3.0363, eta: 7:44:49, time: 59.3065
it: 34400/80000, lr: 0.006098, loss: 3.0518, eta: 7:43:45, time: 58.7371
it: 34500/80000, lr: 0.006086, loss: 3.0510, eta: 7:42:42, time: 59.4345
it: 34600/80000, lr: 0.006074, loss: 3.0845, eta: 7:41:39, time: 59.1765
it: 34700/80000, lr: 0.006062, loss: 3.0133, eta: 7:40:35, time: 58.9487
it: 34800/80000, lr: 0.006050, loss: 3.0167, eta: 7:39:37, time: 63.4295
it: 34900/80000, lr: 0.006038, loss: 3.0272, eta: 7:38:33, time: 58.9327
it: 35000/80000, lr: 0.006026, loss: 2.9772, eta: 7:37:31, time: 59.9527
it: 35100/80000, lr: 0.006014, loss: 3.1231, eta: 7:36:28, time: 59.6346
it: 35200/80000, lr: 0.006002, loss: 2.9576, eta: 7:35:27, time: 60.7431
it: 35300/80000, lr: 0.005990, loss: 3.0722, eta: 7:34:21, time: 57.1679
it: 35400/80000, lr: 0.005978, loss: 3.0749, eta: 7:33:19, time: 59.7709
it: 35500/80000, lr: 0.005966, loss: 2.9982, eta: 7:32:16, time: 59.9529
it: 35600/80000, lr: 0.005954, loss: 3.0485, eta: 7:31:13, time: 58.9605
it: 35700/80000, lr: 0.005942, loss: 3.0302, eta: 7:30:19, time: 66.4874
it: 35800/80000, lr: 0.005930, loss: 3.0496, eta: 7:29:17, time: 60.3029
it: 35900/80000, lr: 0.005918, loss: 3.0396, eta: 7:28:08, time: 54.9155
it: 36000/80000, lr: 0.005905, loss: 2.9755, eta: 7:27:00, time: 55.1738
it: 36100/80000, lr: 0.005893, loss: 3.0482, eta: 7:25:58, time: 59.8802
it: 36200/80000, lr: 0.005881, loss: 3.1088, eta: 7:24:50, time: 54.7790
it: 36300/80000, lr: 0.005869, loss: 2.9688, eta: 7:23:41, time: 54.9987
it: 36400/80000, lr: 0.005857, loss: 3.0304, eta: 7:22:33, time: 54.9214
it: 36500/80000, lr: 0.005845, loss: 2.9549, eta: 7:21:37, time: 64.8755
it: 36600/80000, lr: 0.005833, loss: 3.0818, eta: 7:20:38, time: 62.1905
it: 36700/80000, lr: 0.005821, loss: 3.0226, eta: 7:19:35, time: 59.4361
it: 36800/80000, lr: 0.005809, loss: 3.0477, eta: 7:18:28, time: 55.4712
it: 36900/80000, lr: 0.005797, loss: 2.9997, eta: 7:17:29, time: 62.6451
it: 37000/80000, lr: 0.005785, loss: 3.1042, eta: 7:16:28, time: 60.4681
it: 37100/80000, lr: 0.005772, loss: 3.1058, eta: 7:15:20, time: 54.9723
it: 37200/80000, lr: 0.005760, loss: 3.1353, eta: 7:14:12, time: 54.6915
it: 37300/80000, lr: 0.005748, loss: 3.0289, eta: 7:13:20, time: 68.6445
it: 37400/80000, lr: 0.005736, loss: 2.9923, eta: 7:12:18, time: 59.7171
it: 37500/80000, lr: 0.005724, loss: 3.0066, eta: 7:11:10, time: 55.2668
it: 37600/80000, lr: 0.005712, loss: 3.1374, eta: 7:10:15, time: 65.6120
it: 37700/80000, lr: 0.005700, loss: 3.0371, eta: 7:09:17, time: 63.1755
it: 37800/80000, lr: 0.005688, loss: 2.9322, eta: 7:08:11, time: 56.6066
it: 37900/80000, lr: 0.005675, loss: 3.0662, eta: 7:07:04, time: 55.5758
it: 38000/80000, lr: 0.005663, loss: 3.0565, eta: 7:06:11, time: 67.8795
it: 38100/80000, lr: 0.005651, loss: 3.0344, eta: 7:05:11, time: 61.9775
it: 38200/80000, lr: 0.005639, loss: 3.0349, eta: 7:04:05, time: 56.1388
it: 38300/80000, lr: 0.005627, loss: 3.0602, eta: 7:02:58, time: 55.1893
it: 38400/80000, lr: 0.005615, loss: 2.9328, eta: 7:02:02, time: 65.1071
it: 38500/80000, lr: 0.005603, loss: 2.9880, eta: 7:01:02, time: 61.4431
it: 38600/80000, lr: 0.005590, loss: 3.0906, eta: 6:59:58, time: 57.9169
it: 38700/80000, lr: 0.005578, loss: 2.9922, eta: 6:58:55, time: 59.6384
it: 38800/80000, lr: 0.005566, loss: 2.9801, eta: 6:57:54, time: 60.5765
it: 38900/80000, lr: 0.005554, loss: 2.9818, eta: 6:56:55, time: 62.6408
it: 39000/80000, lr: 0.005542, loss: 3.0134, eta: 6:55:49, time: 55.4651
it: 39100/80000, lr: 0.005530, loss: 2.9552, eta: 6:54:48, time: 61.2695
it: 39200/80000, lr: 0.005517, loss: 2.9774, eta: 6:53:51, time: 63.9053
it: 39300/80000, lr: 0.005505, loss: 2.9885, eta: 6:52:49, time: 60.1557
it: 39400/80000, lr: 0.005493, loss: 2.9763, eta: 6:51:42, time: 55.0399
it: 39500/80000, lr: 0.005481, loss: 2.9566, eta: 6:50:42, time: 61.6729
it: 39600/80000, lr: 0.005469, loss: 2.9332, eta: 6:49:42, time: 61.1548
it: 39700/80000, lr: 0.005457, loss: 3.0153, eta: 6:48:40, time: 59.5739
it: 39800/80000, lr: 0.005444, loss: 2.9911, eta: 6:47:33, time: 54.8842
it: 39900/80000, lr: 0.005432, loss: 2.9562, eta: 6:46:36, time: 64.6573
it: 40000/80000, lr: 0.005420, loss: 2.9750, eta: 6:45:37, time: 62.8432
it: 40100/80000, lr: 0.005408, loss: 2.9631, eta: 6:44:32, time: 56.5730
it: 40200/80000, lr: 0.005396, loss: 2.9278, eta: 6:43:30, time: 60.1379
it: 40300/80000, lr: 0.005383, loss: 2.9410, eta: 6:42:31, time: 62.7122
it: 40400/80000, lr: 0.005371, loss: 2.9853, eta: 6:41:33, time: 62.9231
it: 40500/80000, lr: 0.005359, loss: 2.9827, eta: 6:40:27, time: 55.6617
it: 40600/80000, lr: 0.005347, loss: 2.9996, eta: 6:39:26, time: 61.0497
it: 40700/80000, lr: 0.005335, loss: 2.9991, eta: 6:38:27, time: 62.9365
it: 40800/80000, lr: 0.005322, loss: 2.9328, eta: 6:37:27, time: 61.5845
it: 40900/80000, lr: 0.005310, loss: 2.9732, eta: 6:36:21, time: 55.0034
it: 41000/80000, lr: 0.005298, loss: 2.9525, eta: 6:35:20, time: 60.5047
it: 41100/80000, lr: 0.005286, loss: 2.9815, eta: 6:34:19, time: 61.0647
it: 41200/80000, lr: 0.005273, loss: 2.9500, eta: 6:33:17, time: 59.4803
it: 41300/80000, lr: 0.005261, loss: 3.0595, eta: 6:32:15, time: 59.8265
it: 41400/80000, lr: 0.005249, loss: 3.0349, eta: 6:31:14, time: 60.2121
it: 41500/80000, lr: 0.005237, loss: 3.0967, eta: 6:30:15, time: 62.8600
it: 41600/80000, lr: 0.005224, loss: 2.9900, eta: 6:29:11, time: 57.4374
it: 41700/80000, lr: 0.005212, loss: 2.9779, eta: 6:28:10, time: 60.4016
it: 41800/80000, lr: 0.005200, loss: 2.9381, eta: 6:27:10, time: 62.0978
it: 41900/80000, lr: 0.005188, loss: 2.9467, eta: 6:26:09, time: 60.9019
it: 42000/80000, lr: 0.005175, loss: 2.9592, eta: 6:25:04, time: 55.7487
it: 42100/80000, lr: 0.005163, loss: 3.0432, eta: 6:24:04, time: 61.7744
it: 42200/80000, lr: 0.005151, loss: 2.9334, eta: 6:23:05, time: 62.9953
it: 42300/80000, lr: 0.005139, loss: 2.9512, eta: 6:22:01, time: 56.9436
it: 42400/80000, lr: 0.005126, loss: 2.9636, eta: 6:20:55, time: 55.1212
it: 42500/80000, lr: 0.005114, loss: 2.9876, eta: 6:20:00, time: 67.5510
it: 42600/80000, lr: 0.005102, loss: 2.8840, eta: 6:19:02, time: 64.0509
it: 42700/80000, lr: 0.005090, loss: 3.1227, eta: 6:17:58, time: 56.9996
it: 42800/80000, lr: 0.005077, loss: 2.9431, eta: 6:16:59, time: 62.7041
it: 42900/80000, lr: 0.005065, loss: 3.0363, eta: 6:16:01, time: 63.3117
it: 43000/80000, lr: 0.005053, loss: 3.0096, eta: 6:15:00, time: 60.9425
it: 43100/80000, lr: 0.005040, loss: 2.8877, eta: 6:13:54, time: 54.8916
it: 43200/80000, lr: 0.005028, loss: 2.9758, eta: 6:12:56, time: 63.6991
it: 43300/80000, lr: 0.005016, loss: 2.9711, eta: 6:11:56, time: 61.6148
it: 43400/80000, lr: 0.005004, loss: 2.9344, eta: 6:10:53, time: 59.0473
it: 43500/80000, lr: 0.004991, loss: 2.9370, eta: 6:09:48, time: 55.3766
it: 43600/80000, lr: 0.004979, loss: 3.0016, eta: 6:08:49, time: 62.8225
it: 43700/80000, lr: 0.004967, loss: 3.0114, eta: 6:07:49, time: 62.3792
it: 43800/80000, lr: 0.004954, loss: 2.9499, eta: 6:06:47, time: 58.7725
it: 43900/80000, lr: 0.004942, loss: 2.8738, eta: 6:05:45, time: 59.0299
it: 44000/80000, lr: 0.004930, loss: 2.8695, eta: 6:04:43, time: 59.7681
it: 44100/80000, lr: 0.004917, loss: 2.9535, eta: 6:03:43, time: 62.3519
it: 44200/80000, lr: 0.004905, loss: 3.0339, eta: 6:02:43, time: 60.9704
it: 44300/80000, lr: 0.004893, loss: 2.9890, eta: 6:01:41, time: 59.9331
it: 44400/80000, lr: 0.004880, loss: 3.0318, eta: 6:00:39, time: 58.2337
it: 44500/80000, lr: 0.004868, loss: 2.9931, eta: 5:59:39, time: 62.4979
it: 44600/80000, lr: 0.004856, loss: 2.8939, eta: 5:58:35, time: 56.8001
it: 44700/80000, lr: 0.004843, loss: 2.9377, eta: 5:57:46, time: 75.6062
it: 44800/80000, lr: 0.004831, loss: 2.9820, eta: 5:56:45, time: 60.4336
it: 44900/80000, lr: 0.004819, loss: 2.9828, eta: 5:55:40, time: 55.5855
it: 45000/80000, lr: 0.004806, loss: 2.9194, eta: 5:54:35, time: 54.9642
it: 45100/80000, lr: 0.004794, loss: 3.0229, eta: 5:53:33, time: 60.1200
it: 45200/80000, lr: 0.004782, loss: 2.8898, eta: 5:52:28, time: 54.8585
it: 45300/80000, lr: 0.004769, loss: 2.9697, eta: 5:51:23, time: 54.8423
it: 45400/80000, lr: 0.004757, loss: 2.9939, eta: 5:50:22, time: 60.2050
it: 45500/80000, lr: 0.004744, loss: 2.9257, eta: 5:49:17, time: 55.2810
it: 45600/80000, lr: 0.004732, loss: 2.9166, eta: 5:48:12, time: 55.4542
it: 45700/80000, lr: 0.004720, loss: 2.9214, eta: 5:47:07, time: 55.5991
it: 45800/80000, lr: 0.004707, loss: 2.9306, eta: 5:46:12, time: 68.0747
it: 45900/80000, lr: 0.004695, loss: 2.9044, eta: 5:45:13, time: 62.6946
it: 46000/80000, lr: 0.004683, loss: 2.9052, eta: 5:44:10, time: 58.4805
it: 46100/80000, lr: 0.004670, loss: 2.9257, eta: 5:43:06, time: 55.3460
it: 46200/80000, lr: 0.004658, loss: 2.9251, eta: 5:42:08, time: 64.2316
it: 46300/80000, lr: 0.004645, loss: 2.9190, eta: 5:41:05, time: 58.2975
it: 46400/80000, lr: 0.004633, loss: 2.8933, eta: 5:40:00, time: 55.3393
it: 46500/80000, lr: 0.004620, loss: 2.8978, eta: 5:38:56, time: 55.6563
it: 46600/80000, lr: 0.004608, loss: 2.9565, eta: 5:38:02, time: 69.2939
it: 46700/80000, lr: 0.004596, loss: 3.0347, eta: 5:36:59, time: 58.7531
it: 46800/80000, lr: 0.004583, loss: 3.0282, eta: 5:35:55, time: 55.0769
it: 46900/80000, lr: 0.004571, loss: 2.9494, eta: 5:34:57, time: 64.6487
it: 47000/80000, lr: 0.004558, loss: 2.9005, eta: 5:33:57, time: 62.5710
it: 47100/80000, lr: 0.004546, loss: 2.8913, eta: 5:32:54, time: 56.4611
it: 47200/80000, lr: 0.004534, loss: 2.9092, eta: 5:31:49, time: 55.4318
it: 47300/80000, lr: 0.004521, loss: 2.9443, eta: 5:30:54, time: 68.5368
it: 47400/80000, lr: 0.004509, loss: 2.8626, eta: 5:29:51, time: 57.9499
it: 47500/80000, lr: 0.004496, loss: 2.9968, eta: 5:28:48, time: 56.8460
it: 47600/80000, lr: 0.004484, loss: 2.9324, eta: 5:27:50, time: 63.9866
it: 47700/80000, lr: 0.004471, loss: 2.9439, eta: 5:26:57, time: 72.9117
it: 47800/80000, lr: 0.004459, loss: 2.9815, eta: 5:25:53, time: 56.1861
it: 47900/80000, lr: 0.004446, loss: 2.9147, eta: 5:24:49, time: 55.9768
it: 48000/80000, lr: 0.004434, loss: 2.9007, eta: 5:23:55, time: 69.9422
it: 48100/80000, lr: 0.004421, loss: 2.9207, eta: 5:22:54, time: 60.2364
it: 48200/80000, lr: 0.004409, loss: 2.9058, eta: 5:21:50, time: 55.3926
it: 48300/80000, lr: 0.004396, loss: 2.8914, eta: 5:20:47, time: 58.2505
it: 48400/80000, lr: 0.004384, loss: 2.9066, eta: 5:19:51, time: 66.9209
it: 48500/80000, lr: 0.004371, loss: 2.9205, eta: 5:18:48, time: 58.2581
it: 48600/80000, lr: 0.004359, loss: 2.9079, eta: 5:17:44, time: 54.8076
it: 48700/80000, lr: 0.004346, loss: 2.9274, eta: 5:16:43, time: 60.3722
it: 48800/80000, lr: 0.004334, loss: 2.8889, eta: 5:15:46, time: 66.8661
it: 48900/80000, lr: 0.004321, loss: 2.8725, eta: 5:14:42, time: 55.5513
it: 49000/80000, lr: 0.004309, loss: 2.9030, eta: 5:13:39, time: 57.2695
it: 49100/80000, lr: 0.004296, loss: 2.8841, eta: 5:12:41, time: 64.3137
it: 49200/80000, lr: 0.004284, loss: 2.9662, eta: 5:11:45, time: 68.6446
it: 49300/80000, lr: 0.004271, loss: 2.8606, eta: 5:10:41, time: 56.3754
it: 49400/80000, lr: 0.004259, loss: 2.9048, eta: 5:09:41, time: 60.9212
it: 49500/80000, lr: 0.004246, loss: 2.8832, eta: 5:08:47, time: 71.9221
it: 49600/80000, lr: 0.004234, loss: 2.9195, eta: 5:07:45, time: 58.0724
it: 49700/80000, lr: 0.004221, loss: 2.9065, eta: 5:06:41, time: 55.8497
it: 49800/80000, lr: 0.004209, loss: 2.9089, eta: 5:05:42, time: 63.8869
it: 49900/80000, lr: 0.004196, loss: 2.9003, eta: 5:04:47, time: 69.9250
it: 50000/80000, lr: 0.004184, loss: 2.8999, eta: 5:03:44, time: 56.8440
it: 50100/80000, lr: 0.004171, loss: 2.9399, eta: 5:02:40, time: 54.9891
it: 50200/80000, lr: 0.004159, loss: 2.9387, eta: 5:01:40, time: 62.3739
it: 50300/80000, lr: 0.004146, loss: 2.9087, eta: 5:00:47, time: 73.3852
it: 50400/80000, lr: 0.004133, loss: 2.8928, eta: 4:59:44, time: 58.4293
it: 50500/80000, lr: 0.004121, loss: 2.9529, eta: 4:58:41, time: 55.6702
it: 50600/80000, lr: 0.004108, loss: 2.9210, eta: 4:57:44, time: 67.2504
it: 50700/80000, lr: 0.004096, loss: 2.8719, eta: 4:56:44, time: 62.1653
it: 50800/80000, lr: 0.004083, loss: 2.9295, eta: 4:55:41, time: 57.4443
it: 50900/80000, lr: 0.004071, loss: 2.9207, eta: 4:54:40, time: 59.6332
it: 51000/80000, lr: 0.004058, loss: 2.8676, eta: 4:53:42, time: 65.9024
it: 51100/80000, lr: 0.004045, loss: 2.8518, eta: 4:52:38, time: 55.1208
it: 51200/80000, lr: 0.004033, loss: 2.8491, eta: 4:51:34, time: 55.0088
it: 51300/80000, lr: 0.004020, loss: 2.8259, eta: 4:50:30, time: 54.9599
it: 51400/80000, lr: 0.004008, loss: 2.8881, eta: 4:49:29, time: 59.7290
it: 51500/80000, lr: 0.003995, loss: 2.8582, eta: 4:48:25, time: 54.9583
it: 51600/80000, lr: 0.003982, loss: 2.9192, eta: 4:47:21, time: 55.3268
it: 51700/80000, lr: 0.003970, loss: 2.8295, eta: 4:46:17, time: 55.0896
it: 51800/80000, lr: 0.003957, loss: 2.8149, eta: 4:45:17, time: 60.6435
it: 51900/80000, lr: 0.003944, loss: 2.8530, eta: 4:44:16, time: 61.5530
it: 52000/80000, lr: 0.003932, loss: 2.9096, eta: 4:43:16, time: 61.0086
it: 52100/80000, lr: 0.003919, loss: 2.9162, eta: 4:42:15, time: 59.5833
it: 52200/80000, lr: 0.003907, loss: 2.9157, eta: 4:41:11, time: 55.1864
it: 52300/80000, lr: 0.003894, loss: 2.8897, eta: 4:40:10, time: 60.6329
it: 52400/80000, lr: 0.003881, loss: 2.9100, eta: 4:39:08, time: 57.9938
it: 52500/80000, lr: 0.003869, loss: 2.8414, eta: 4:38:07, time: 60.4603
it: 52600/80000, lr: 0.003856, loss: 2.9953, eta: 4:37:07, time: 60.5061
it: 52700/80000, lr: 0.003843, loss: 2.8406, eta: 4:36:05, time: 59.1076
it: 52800/80000, lr: 0.003831, loss: 2.8646, eta: 4:35:02, time: 55.1882
it: 52900/80000, lr: 0.003818, loss: 2.8306, eta: 4:34:04, time: 67.0950
it: 53000/80000, lr: 0.003805, loss: 2.8737, eta: 4:33:04, time: 61.2018
it: 53100/80000, lr: 0.003793, loss: 2.9283, eta: 4:32:01, time: 56.4424
it: 53200/80000, lr: 0.003780, loss: 2.8607, eta: 4:31:02, time: 63.4880
it: 53300/80000, lr: 0.003767, loss: 2.8885, eta: 4:30:01, time: 60.4411
it: 53400/80000, lr: 0.003754, loss: 2.8495, eta: 4:28:59, time: 57.4601
it: 53500/80000, lr: 0.003742, loss: 2.8632, eta: 4:27:57, time: 57.9872
it: 53600/80000, lr: 0.003729, loss: 2.8302, eta: 4:26:58, time: 65.6410
it: 53700/80000, lr: 0.003716, loss: 2.8308, eta: 4:25:57, time: 58.3283
it: 53800/80000, lr: 0.003704, loss: 2.8562, eta: 4:24:54, time: 56.9025
it: 53900/80000, lr: 0.003691, loss: 2.9037, eta: 4:23:54, time: 60.9652
it: 54000/80000, lr: 0.003678, loss: 2.9012, eta: 4:22:54, time: 63.6043
it: 54100/80000, lr: 0.003665, loss: 2.8941, eta: 4:21:52, time: 56.9078
it: 54200/80000, lr: 0.003653, loss: 2.8045, eta: 4:20:51, time: 60.7811
it: 54300/80000, lr: 0.003640, loss: 2.8820, eta: 4:19:50, time: 58.8002
it: 54400/80000, lr: 0.003627, loss: 2.9136, eta: 4:18:50, time: 62.7110
it: 54500/80000, lr: 0.003614, loss: 2.7985, eta: 4:17:49, time: 61.1192
it: 54600/80000, lr: 0.003602, loss: 2.8587, eta: 4:16:47, time: 56.9974
it: 54700/80000, lr: 0.003589, loss: 2.8418, eta: 4:15:48, time: 63.1607
it: 54800/80000, lr: 0.003576, loss: 2.8832, eta: 4:14:46, time: 59.3348
it: 54900/80000, lr: 0.003563, loss: 2.8007, eta: 4:13:44, time: 56.7204
it: 55000/80000, lr: 0.003551, loss: 2.8576, eta: 4:12:42, time: 57.6457
it: 55100/80000, lr: 0.003538, loss: 2.8392, eta: 4:11:42, time: 61.9771
it: 55200/80000, lr: 0.003525, loss: 2.8116, eta: 4:10:40, time: 59.1344
it: 55300/80000, lr: 0.003512, loss: 2.8436, eta: 4:09:40, time: 61.7272
it: 55400/80000, lr: 0.003499, loss: 2.8417, eta: 4:08:38, time: 57.6507
it: 55500/80000, lr: 0.003487, loss: 2.7947, eta: 4:07:39, time: 63.1180
it: 55600/80000, lr: 0.003474, loss: 2.9442, eta: 4:06:38, time: 60.3476
it: 55700/80000, lr: 0.003461, loss: 2.9071, eta: 4:05:36, time: 57.6272
it: 55800/80000, lr: 0.003448, loss: 2.8352, eta: 4:04:34, time: 57.6227
it: 55900/80000, lr: 0.003435, loss: 2.8652, eta: 4:03:37, time: 68.3590
it: 56000/80000, lr: 0.003422, loss: 2.8334, eta: 4:02:35, time: 57.9333
it: 56100/80000, lr: 0.003410, loss: 2.8643, eta: 4:01:36, time: 64.1272
it: 56200/80000, lr: 0.003397, loss: 2.8418, eta: 4:00:36, time: 63.7268
it: 56300/80000, lr: 0.003384, loss: 2.8734, eta: 3:59:33, time: 54.9740
it: 56400/80000, lr: 0.003371, loss: 2.9394, eta: 3:58:31, time: 55.3700
it: 56500/80000, lr: 0.003358, loss: 2.8245, eta: 3:57:28, time: 55.3820
it: 56600/80000, lr: 0.003345, loss: 2.8958, eta: 3:56:27, time: 59.9917
it: 56700/80000, lr: 0.003333, loss: 2.8560, eta: 3:55:24, time: 55.0335
it: 56800/80000, lr: 0.003320, loss: 2.8548, eta: 3:54:21, time: 55.8835
it: 56900/80000, lr: 0.003307, loss: 2.8620, eta: 3:53:20, time: 59.5623
it: 57000/80000, lr: 0.003294, loss: 2.7755, eta: 3:52:22, time: 66.0562
it: 57100/80000, lr: 0.003281, loss: 2.7620, eta: 3:51:19, time: 55.2882
it: 57200/80000, lr: 0.003268, loss: 2.8864, eta: 3:50:16, time: 55.1857
it: 57300/80000, lr: 0.003255, loss: 2.8807, eta: 3:49:15, time: 59.5817
it: 57400/80000, lr: 0.003242, loss: 2.8689, eta: 3:48:13, time: 55.3039
it: 57500/80000, lr: 0.003229, loss: 2.7964, eta: 3:47:10, time: 54.9924
it: 57600/80000, lr: 0.003216, loss: 2.8689, eta: 3:46:07, time: 55.2004
it: 57700/80000, lr: 0.003204, loss: 2.9864, eta: 3:45:06, time: 59.9884
it: 57800/80000, lr: 0.003191, loss: 2.8852, eta: 3:44:04, time: 55.2826
it: 57900/80000, lr: 0.003178, loss: 2.8222, eta: 3:43:02, time: 55.8286
it: 58000/80000, lr: 0.003165, loss: 2.8679, eta: 3:41:59, time: 55.4128
it: 58100/80000, lr: 0.003152, loss: 2.8106, eta: 3:40:58, time: 59.7743
it: 58200/80000, lr: 0.003139, loss: 2.8231, eta: 3:39:56, time: 55.3150
it: 58300/80000, lr: 0.003126, loss: 2.8147, eta: 3:38:53, time: 55.8549
it: 58400/80000, lr: 0.003113, loss: 2.7925, eta: 3:37:51, time: 55.4684
it: 58500/80000, lr: 0.003100, loss: 2.8035, eta: 3:36:50, time: 60.3282
it: 58600/80000, lr: 0.003087, loss: 2.8140, eta: 3:35:48, time: 55.5211
it: 58700/80000, lr: 0.003074, loss: 2.8431, eta: 3:34:46, time: 55.1211
it: 58800/80000, lr: 0.003061, loss: 2.8146, eta: 3:33:45, time: 58.6686
it: 58900/80000, lr: 0.003048, loss: 2.7980, eta: 3:32:42, time: 54.6422
it: 59000/80000, lr: 0.003035, loss: 2.8115, eta: 3:31:39, time: 54.8822
it: 59100/80000, lr: 0.003022, loss: 2.8208, eta: 3:30:37, time: 54.7372
it: 59200/80000, lr: 0.003009, loss: 2.8280, eta: 3:29:36, time: 58.8368
it: 59300/80000, lr: 0.002996, loss: 2.8343, eta: 3:28:33, time: 54.6814
it: 59400/80000, lr: 0.002983, loss: 2.8307, eta: 3:27:31, time: 54.7281
it: 59500/80000, lr: 0.002970, loss: 2.8562, eta: 3:26:28, time: 54.2821
it: 59600/80000, lr: 0.002957, loss: 2.8216, eta: 3:25:27, time: 58.6134
it: 59700/80000, lr: 0.002944, loss: 2.7683, eta: 3:24:25, time: 54.9651
it: 59800/80000, lr: 0.002931, loss: 2.7859, eta: 3:23:23, time: 54.6991
it: 59900/80000, lr: 0.002918, loss: 2.8402, eta: 3:22:22, time: 59.3823
it: 60000/80000, lr: 0.002905, loss: 2.7709, eta: 3:21:20, time: 54.7399
it: 60100/80000, lr: 0.002891, loss: 2.8020, eta: 3:20:17, time: 54.6846
it: 60200/80000, lr: 0.002878, loss: 2.7791, eta: 3:19:15, time: 54.7920
it: 60300/80000, lr: 0.002865, loss: 2.8626, eta: 3:18:15, time: 59.6437
it: 60400/80000, lr: 0.002852, loss: 2.7836, eta: 3:17:13, time: 55.2458
it: 60500/80000, lr: 0.002839, loss: 2.7817, eta: 3:16:10, time: 55.1677
it: 60600/80000, lr: 0.002826, loss: 2.7764, eta: 3:15:08, time: 54.7686
it: 60700/80000, lr: 0.002813, loss: 2.7511, eta: 3:14:07, time: 58.8705
it: 60800/80000, lr: 0.002800, loss: 2.7826, eta: 3:13:05, time: 54.6113
it: 60900/80000, lr: 0.002787, loss: 2.8192, eta: 3:12:03, time: 54.9963
it: 61000/80000, lr: 0.002774, loss: 2.7947, eta: 3:11:01, time: 54.1000
it: 61100/80000, lr: 0.002760, loss: 2.7732, eta: 3:10:00, time: 58.5358
it: 61200/80000, lr: 0.002747, loss: 2.8458, eta: 3:08:58, time: 54.6093
it: 61300/80000, lr: 0.002734, loss: 2.7283, eta: 3:07:56, time: 54.6488
it: 61400/80000, lr: 0.002721, loss: 2.8730, eta: 3:06:55, time: 58.8988
it: 61500/80000, lr: 0.002708, loss: 2.7762, eta: 3:05:54, time: 55.1627
it: 61600/80000, lr: 0.002695, loss: 2.7315, eta: 3:04:52, time: 54.9739
it: 61700/80000, lr: 0.002681, loss: 2.8230, eta: 3:03:50, time: 54.8650
it: 61800/80000, lr: 0.002668, loss: 2.8078, eta: 3:02:49, time: 58.9476
it: 61900/80000, lr: 0.002655, loss: 2.7753, eta: 3:01:47, time: 55.1402
it: 62000/80000, lr: 0.002642, loss: 2.8346, eta: 3:00:46, time: 55.5325
it: 62100/80000, lr: 0.002629, loss: 2.8626, eta: 2:59:44, time: 55.0120
it: 62200/80000, lr: 0.002615, loss: 2.8910, eta: 2:58:43, time: 59.1262
it: 62300/80000, lr: 0.002602, loss: 2.8046, eta: 2:57:41, time: 54.4357
it: 62400/80000, lr: 0.002589, loss: 2.7923, eta: 2:56:40, time: 54.6070
it: 62500/80000, lr: 0.002576, loss: 2.8038, eta: 2:55:39, time: 58.8093
it: 62600/80000, lr: 0.002562, loss: 2.7534, eta: 2:54:37, time: 54.9667
it: 62700/80000, lr: 0.002549, loss: 2.7690, eta: 2:53:36, time: 54.6208
it: 62800/80000, lr: 0.002536, loss: 2.7841, eta: 2:52:34, time: 54.4882
it: 62900/80000, lr: 0.002523, loss: 2.8347, eta: 2:51:33, time: 59.0718
it: 63000/80000, lr: 0.002509, loss: 2.8254, eta: 2:50:32, time: 54.9812
it: 63100/80000, lr: 0.002496, loss: 2.7980, eta: 2:49:30, time: 54.8681
it: 63200/80000, lr: 0.002483, loss: 2.8210, eta: 2:48:29, time: 54.9849
it: 63300/80000, lr: 0.002469, loss: 2.7668, eta: 2:47:28, time: 58.4526
it: 63400/80000, lr: 0.002456, loss: 2.8167, eta: 2:46:26, time: 54.7187
it: 63500/80000, lr: 0.002443, loss: 2.7676, eta: 2:45:25, time: 54.5757
it: 63600/80000, lr: 0.002430, loss: 2.7609, eta: 2:44:23, time: 54.6043
it: 63700/80000, lr: 0.002416, loss: 2.8024, eta: 2:43:23, time: 58.8791
it: 63800/80000, lr: 0.002403, loss: 2.7173, eta: 2:42:21, time: 55.1235
it: 63900/80000, lr: 0.002389, loss: 2.7383, eta: 2:41:20, time: 54.9475
it: 64000/80000, lr: 0.002376, loss: 2.7885, eta: 2:40:19, time: 58.5806
it: 64100/80000, lr: 0.002363, loss: 2.7782, eta: 2:39:18, time: 54.4636
it: 64200/80000, lr: 0.002349, loss: 2.7706, eta: 2:38:16, time: 54.5466
it: 64300/80000, lr: 0.002336, loss: 2.7647, eta: 2:37:15, time: 54.0508
it: 64400/80000, lr: 0.002323, loss: 2.7643, eta: 2:36:14, time: 58.4005
it: 64500/80000, lr: 0.002309, loss: 2.7510, eta: 2:35:13, time: 54.9422
it: 64600/80000, lr: 0.002296, loss: 2.7633, eta: 2:34:12, time: 54.7951
it: 64700/80000, lr: 0.002282, loss: 2.7279, eta: 2:33:10, time: 55.0646
it: 64800/80000, lr: 0.002269, loss: 2.7504, eta: 2:32:10, time: 58.4439
it: 64900/80000, lr: 0.002255, loss: 2.7804, eta: 2:31:09, time: 54.8791
it: 65000/80000, lr: 0.002242, loss: 2.7284, eta: 2:30:07, time: 55.0042
it: 65100/80000, lr: 0.002229, loss: 2.8141, eta: 2:29:06, time: 54.6089
it: 65200/80000, lr: 0.002215, loss: 2.7054, eta: 2:28:06, time: 59.0282
it: 65300/80000, lr: 0.002202, loss: 2.7596, eta: 2:27:05, time: 54.7182
it: 65400/80000, lr: 0.002188, loss: 2.7551, eta: 2:26:03, time: 54.4050
it: 65500/80000, lr: 0.002175, loss: 2.7743, eta: 2:25:03, time: 58.5355
it: 65600/80000, lr: 0.002161, loss: 2.7684, eta: 2:24:02, time: 54.6407
it: 65700/80000, lr: 0.002148, loss: 2.8458, eta: 2:23:01, time: 54.7872
it: 65800/80000, lr: 0.002134, loss: 2.7705, eta: 2:21:59, time: 54.9333
it: 65900/80000, lr: 0.002121, loss: 2.7466, eta: 2:20:59, time: 58.6207
it: 66000/80000, lr: 0.002107, loss: 2.7780, eta: 2:19:58, time: 54.8338
it: 66100/80000, lr: 0.002094, loss: 2.7844, eta: 2:18:57, time: 54.8177
it: 66200/80000, lr: 0.002080, loss: 2.7706, eta: 2:17:56, time: 54.5255
it: 66300/80000, lr: 0.002066, loss: 2.7445, eta: 2:16:56, time: 58.8132
it: 66400/80000, lr: 0.002053, loss: 2.7419, eta: 2:15:55, time: 55.2790
it: 66500/80000, lr: 0.002039, loss: 2.7495, eta: 2:14:54, time: 54.6134
it: 66600/80000, lr: 0.002026, loss: 2.7241, eta: 2:13:54, time: 58.8488
it: 66700/80000, lr: 0.002012, loss: 2.8571, eta: 2:12:53, time: 54.5563
it: 66800/80000, lr: 0.001998, loss: 2.7783, eta: 2:11:52, time: 54.6535
it: 66900/80000, lr: 0.001985, loss: 2.7915, eta: 2:10:51, time: 55.2167
it: 67000/80000, lr: 0.001971, loss: 2.7669, eta: 2:09:51, time: 58.8694
it: 67100/80000, lr: 0.001957, loss: 2.7397, eta: 2:08:50, time: 54.5576
it: 67200/80000, lr: 0.001944, loss: 2.7320, eta: 2:07:49, time: 54.6777
it: 67300/80000, lr: 0.001930, loss: 2.7864, eta: 2:06:48, time: 54.7141
it: 67400/80000, lr: 0.001916, loss: 2.7074, eta: 2:05:48, time: 58.9402
it: 67500/80000, lr: 0.001903, loss: 2.7548, eta: 2:04:47, time: 54.8404
it: 67600/80000, lr: 0.001889, loss: 2.7444, eta: 2:03:46, time: 54.3517
it: 67700/80000, lr: 0.001875, loss: 2.7209, eta: 2:02:45, time: 54.3169
it: 67800/80000, lr: 0.001862, loss: 2.7172, eta: 2:01:45, time: 58.4944
it: 67900/80000, lr: 0.001848, loss: 2.7725, eta: 2:00:44, time: 54.9137
it: 68000/80000, lr: 0.001834, loss: 2.7299, eta: 1:59:43, time: 54.5226
it: 68100/80000, lr: 0.001820, loss: 2.6732, eta: 1:58:43, time: 58.7391
it: 68200/80000, lr: 0.001807, loss: 2.6750, eta: 1:57:43, time: 54.7435
it: 68300/80000, lr: 0.001793, loss: 2.7434, eta: 1:56:42, time: 54.9063
it: 68400/80000, lr: 0.001779, loss: 2.7102, eta: 1:55:41, time: 54.8887
it: 68500/80000, lr: 0.001765, loss: 2.7370, eta: 1:54:41, time: 58.8222
it: 68600/80000, lr: 0.001751, loss: 2.6985, eta: 1:53:40, time: 54.9124
it: 68700/80000, lr: 0.001738, loss: 2.7360, eta: 1:52:40, time: 54.7745
it: 68800/80000, lr: 0.001724, loss: 2.7589, eta: 1:51:39, time: 54.9296
it: 68900/80000, lr: 0.001710, loss: 2.7138, eta: 1:50:39, time: 58.2128
it: 69000/80000, lr: 0.001696, loss: 2.7341, eta: 1:49:39, time: 54.7824
it: 69100/80000, lr: 0.001682, loss: 2.7062, eta: 1:48:38, time: 54.8157
it: 69200/80000, lr: 0.001668, loss: 2.7166, eta: 1:47:38, time: 59.0938
it: 69300/80000, lr: 0.001654, loss: 2.7329, eta: 1:46:37, time: 54.7732
it: 69400/80000, lr: 0.001640, loss: 2.7166, eta: 1:45:37, time: 55.1915
it: 69500/80000, lr: 0.001626, loss: 2.6916, eta: 1:44:36, time: 55.1594
it: 69600/80000, lr: 0.001613, loss: 2.6746, eta: 1:43:37, time: 58.3984
it: 69700/80000, lr: 0.001599, loss: 2.7303, eta: 1:42:36, time: 54.8429
it: 69800/80000, lr: 0.001585, loss: 2.7071, eta: 1:41:36, time: 54.9568
it: 69900/80000, lr: 0.001571, loss: 2.7013, eta: 1:40:35, time: 55.1858
it: 70000/80000, lr: 0.001557, loss: 2.7325, eta: 1:39:35, time: 58.6925
it: 70100/80000, lr: 0.001543, loss: 2.7024, eta: 1:38:35, time: 54.7371
it: 70200/80000, lr: 0.001529, loss: 2.7253, eta: 1:37:34, time: 54.4185
it: 70300/80000, lr: 0.001515, loss: 2.7128, eta: 1:36:34, time: 54.3810
it: 70400/80000, lr: 0.001500, loss: 2.7196, eta: 1:35:34, time: 58.7575
training done, model saved to: ./bi/model_70400.pth
it: 70500/80000, lr: 0.001486, loss: 2.7191, eta: 1:34:34, time: 55.0376
it: 70600/80000, lr: 0.001472, loss: 2.6659, eta: 1:33:33, time: 54.9416
it: 70700/80000, lr: 0.001458, loss: 2.7100, eta: 1:32:33, time: 58.2286
it: 70800/80000, lr: 0.001444, loss: 2.7092, eta: 1:31:33, time: 54.6319
training done, model saved to: ./bi/model_70800.pth
it: 70900/80000, lr: 0.001430, loss: 2.6891, eta: 1:30:33, time: 55.1386
it: 71000/80000, lr: 0.001416, loss: 2.6975, eta: 1:29:32, time: 54.7879
it: 71100/80000, lr: 0.001402, loss: 2.6352, eta: 1:28:33, time: 58.9259
it: 71200/80000, lr: 0.001387, loss: 2.6983, eta: 1:27:32, time: 55.3752
training done, model saved to: ./bi/model_71200.pth
it: 71300/80000, lr: 0.001373, loss: 2.6604, eta: 1:26:32, time: 54.6971
it: 71400/80000, lr: 0.001359, loss: 2.7171, eta: 1:25:32, time: 54.6050
it: 71500/80000, lr: 0.001345, loss: 2.6889, eta: 1:24:32, time: 58.9898
it: 71600/80000, lr: 0.001331, loss: 2.7104, eta: 1:23:32, time: 54.7178
training done, model saved to: ./bi/model_71600.pth
it: 71700/80000, lr: 0.001316, loss: 2.6817, eta: 1:22:31, time: 54.6507
it: 71800/80000, lr: 0.001302, loss: 2.6608, eta: 1:21:32, time: 58.5810
it: 71900/80000, lr: 0.001288, loss: 2.6713, eta: 1:20:32, time: 54.8702
it: 72000/80000, lr: 0.001273, loss: 2.6672, eta: 1:19:31, time: 54.5631
training done, model saved to: ./bi/model_72000.pth
it: 72100/80000, lr: 0.001259, loss: 2.6590, eta: 1:18:31, time: 55.0682
it: 72200/80000, lr: 0.001245, loss: 2.6992, eta: 1:17:31, time: 58.5206
it: 72300/80000, lr: 0.001230, loss: 2.6756, eta: 1:16:31, time: 54.9713
it: 72400/80000, lr: 0.001216, loss: 2.6545, eta: 1:15:31, time: 54.8153
training done, model saved to: ./bi/model_72400.pth
it: 72500/80000, lr: 0.001202, loss: 2.7283, eta: 1:14:31, time: 54.7214
it: 72600/80000, lr: 0.001187, loss: 2.6579, eta: 1:13:31, time: 58.9271
it: 72700/80000, lr: 0.001173, loss: 2.6903, eta: 1:12:31, time: 54.6864
it: 72800/80000, lr: 0.001158, loss: 2.6831, eta: 1:11:31, time: 54.7465
training done, model saved to: ./bi/model_72800.pth
it: 72900/80000, lr: 0.001144, loss: 2.6838, eta: 1:10:31, time: 54.5152
it: 73000/80000, lr: 0.001129, loss: 2.6586, eta: 1:09:31, time: 58.4604
it: 73100/80000, lr: 0.001115, loss: 2.6723, eta: 1:08:31, time: 54.8892
it: 73200/80000, lr: 0.001100, loss: 2.7061, eta: 1:07:31, time: 54.5340
training done, model saved to: ./bi/model_73200.pth
it: 73300/80000, lr: 0.001086, loss: 2.6828, eta: 1:06:32, time: 59.2253
it: 73400/80000, lr: 0.001071, loss: 2.7208, eta: 1:05:32, time: 54.6238
it: 73500/80000, lr: 0.001056, loss: 2.6349, eta: 1:04:32, time: 54.9075
it: 73600/80000, lr: 0.001042, loss: 2.6520, eta: 1:03:32, time: 54.5572
training done, model saved to: ./bi/model_73600.pth
it: 73700/80000, lr: 0.001027, loss: 2.6757, eta: 1:02:32, time: 58.5866
it: 73800/80000, lr: 0.001012, loss: 2.7057, eta: 1:01:32, time: 54.4104
it: 73900/80000, lr: 0.000998, loss: 2.6715, eta: 1:00:32, time: 54.8148
it: 74000/80000, lr: 0.000983, loss: 2.6611, eta: 0:59:32, time: 54.7271
training done, model saved to: ./bi/model_74000.pth
it: 74100/80000, lr: 0.000968, loss: 2.6542, eta: 0:58:33, time: 58.4775
it: 74200/80000, lr: 0.000953, loss: 2.6739, eta: 0:57:33, time: 54.5557
it: 74300/80000, lr: 0.000939, loss: 2.6466, eta: 0:56:33, time: 54.6399
it: 74400/80000, lr: 0.000924, loss: 2.6537, eta: 0:55:33, time: 54.3435
training done, model saved to: ./bi/model_74400.pth
it: 74500/80000, lr: 0.000909, loss: 2.6690, eta: 0:54:33, time: 59.2895
it: 74600/80000, lr: 0.000894, loss: 2.6920, eta: 0:53:33, time: 54.6806
it: 74700/80000, lr: 0.000879, loss: 2.6969, eta: 0:52:34, time: 54.5994
it: 74800/80000, lr: 0.000864, loss: 2.6559, eta: 0:51:34, time: 58.6650
training done, model saved to: ./bi/model_74800.pth
it: 74900/80000, lr: 0.000849, loss: 2.6404, eta: 0:50:34, time: 54.7459
it: 75000/80000, lr: 0.000834, loss: 2.6204, eta: 0:49:34, time: 54.2163
it: 75100/80000, lr: 0.000819, loss: 2.6322, eta: 0:48:35, time: 54.7479
it: 75200/80000, lr: 0.000804, loss: 2.6199, eta: 0:47:35, time: 58.2674
training done, model saved to: ./bi/model_75200.pth
it: 75300/80000, lr: 0.000789, loss: 2.6417, eta: 0:46:36, time: 59.1962
it: 75400/80000, lr: 0.000774, loss: 2.6134, eta: 0:45:36, time: 54.4092
it: 75500/80000, lr: 0.000759, loss: 2.6675, eta: 0:44:36, time: 58.5797
it: 75600/80000, lr: 0.000744, loss: 2.6339, eta: 0:43:37, time: 58.3187
training done, model saved to: ./bi/model_75600.pth
it: 75700/80000, lr: 0.000728, loss: 2.6603, eta: 0:42:37, time: 62.5428
it: 75800/80000, lr: 0.000713, loss: 2.6422, eta: 0:41:38, time: 56.5160
it: 75900/80000, lr: 0.000698, loss: 2.6367, eta: 0:40:39, time: 64.3403
it: 76000/80000, lr: 0.000682, loss: 2.6586, eta: 0:39:39, time: 59.0636
training done, model saved to: ./bi/model_76000.pth
it: 76100/80000, lr: 0.000667, loss: 2.6213, eta: 0:38:40, time: 59.1964
it: 76200/80000, lr: 0.000652, loss: 2.6054, eta: 0:37:40, time: 60.0557
it: 76300/80000, lr: 0.000636, loss: 2.6297, eta: 0:36:41, time: 64.1502
it: 76400/80000, lr: 0.000621, loss: 2.6138, eta: 0:35:41, time: 58.2896
training done, model saved to: ./bi/model_76400.pth
it: 76500/80000, lr: 0.000605, loss: 2.6539, eta: 0:34:42, time: 58.9948
it: 76600/80000, lr: 0.000590, loss: 2.6418, eta: 0:33:42, time: 60.7420
it: 76700/80000, lr: 0.000574, loss: 2.6352, eta: 0:32:43, time: 64.3015
it: 76800/80000, lr: 0.000558, loss: 2.6096, eta: 0:31:44, time: 58.6921
training done, model saved to: ./bi/model_76800.pth
it: 76900/80000, lr: 0.000543, loss: 2.6162, eta: 0:30:44, time: 59.9681
it: 77000/80000, lr: 0.000527, loss: 2.6288, eta: 0:29:45, time: 57.4166
it: 77100/80000, lr: 0.000511, loss: 2.6359, eta: 0:28:45, time: 65.9557
it: 77200/80000, lr: 0.000495, loss: 2.5860, eta: 0:27:46, time: 58.3486
training done, model saved to: ./bi/model_77200.pth
it: 77300/80000, lr: 0.000479, loss: 2.5992, eta: 0:26:46, time: 61.2957
it: 77400/80000, lr: 0.000463, loss: 2.6168, eta: 0:25:47, time: 64.3739
it: 77500/80000, lr: 0.000447, loss: 2.6517, eta: 0:24:48, time: 58.0336
it: 77600/80000, lr: 0.000431, loss: 2.6356, eta: 0:23:48, time: 60.1288
training done, model saved to: ./bi/model_77600.pth
it: 77700/80000, lr: 0.000415, loss: 2.6596, eta: 0:22:49, time: 58.5974
it: 77800/80000, lr: 0.000399, loss: 2.6761, eta: 0:21:49, time: 64.2919
it: 77900/80000, lr: 0.000382, loss: 2.6086, eta: 0:20:50, time: 61.1812
it: 78000/80000, lr: 0.000366, loss: 2.6330, eta: 0:19:50, time: 58.4992
training done, model saved to: ./bi/model_78000.pth
it: 78100/80000, lr: 0.000349, loss: 2.6015, eta: 0:18:51, time: 58.8758
it: 78200/80000, lr: 0.000333, loss: 2.5846, eta: 0:17:51, time: 63.7029
it: 78300/80000, lr: 0.000316, loss: 2.6497, eta: 0:16:52, time: 60.7088
it: 78400/80000, lr: 0.000299, loss: 2.5751, eta: 0:15:52, time: 57.9744
training done, model saved to: ./bi/model_78400.pth
it: 78500/80000, lr: 0.000282, loss: 2.5986, eta: 0:14:53, time: 64.0810
it: 78600/80000, lr: 0.000265, loss: 2.6401, eta: 0:13:53, time: 60.7038
it: 78700/80000, lr: 0.000248, loss: 2.5746, eta: 0:12:54, time: 58.6463
it: 78800/80000, lr: 0.000231, loss: 2.6277, eta: 0:11:54, time: 58.0390
training done, model saved to: ./bi/model_78800.pth
it: 78900/80000, lr: 0.000214, loss: 2.6072, eta: 0:10:55, time: 64.2863
it: 79000/80000, lr: 0.000196, loss: 2.6399, eta: 0:09:55, time: 58.1614
it: 79100/80000, lr: 0.000178, loss: 2.5908, eta: 0:08:56, time: 57.9787
it: 79200/80000, lr: 0.000160, loss: 2.6209, eta: 0:07:56, time: 58.0624
training done, model saved to: ./bi/model_79200.pth
it: 79300/80000, lr: 0.000142, loss: 2.5903, eta: 0:06:57, time: 66.2525
it: 79400/80000, lr: 0.000124, loss: 2.6002, eta: 0:05:57, time: 58.1402
it: 79500/80000, lr: 0.000105, loss: 2.6010, eta: 0:04:58, time: 58.3475
it: 79600/80000, lr: 0.000086, loss: 2.5638, eta: 0:03:58, time: 59.0368
training done, model saved to: ./bi/model_79600.pth
it: 79700/80000, lr: 0.000067, loss: 2.5667, eta: 0:02:59, time: 63.8028
it: 79800/80000, lr: 0.000046, loss: 2.5479, eta: 0:01:59, time: 58.6398
it: 79900/80000, lr: 0.000025, loss: 2.5967, eta: 0:01:00, time: 58.2975
it: 80000/80000, lr: 0.000000, loss: 2.6149, eta: 0:00:00, time: 65.9632
training done, model saved to: ./bi/model_final.pth
