------------train
------------train
1
0
it: 100/80000, lr: 0.000020, loss: 9.6453, eta: 1 day, 4:32:39, time: 127.3222
it: 200/80000, lr: 0.000040, loss: 8.9672, eta: 1 day, 2:51:36, time: 113.8114
it: 300/80000, lr: 0.000079, loss: 8.0506, eta: 1 day, 2:16:38, time: 113.7539
it: 400/80000, lr: 0.000157, loss: 6.6233, eta: 1 day, 2:22:27, time: 121.0368
it: 500/80000, lr: 0.000314, loss: 5.0290, eta: 1 day, 2:06:49, time: 114.1377
it: 600/80000, lr: 0.000627, loss: 4.4389, eta: 1 day, 1:57:39, time: 114.9974
it: 700/80000, lr: 0.001250, loss: 4.6417, eta: 1 day, 1:51:17, time: 115.3752
it: 800/80000, lr: 0.002495, loss: 4.2113, eta: 1 day, 1:56:37, time: 121.7830
it: 900/80000, lr: 0.004977, loss: 4.0906, eta: 1 day, 1:49:19, time: 114.2929
it: 1000/80000, lr: 0.009931, loss: 4.1159, eta: 1 day, 1:44:56, time: 115.6761
==> warmup done, start to implement poly lr strategy
==> warmup done, start to implement poly lr strategy
it: 1100/80000, lr: 0.009989, loss: 4.0592, eta: 1 day, 1:39:13, time: 114.1911
it: 1200/80000, lr: 0.009977, loss: 3.9171, eta: 1 day, 1:46:39, time: 125.6235
it: 1300/80000, lr: 0.009966, loss: 3.7296, eta: 1 day, 1:41:42, time: 114.8064
it: 1400/80000, lr: 0.009955, loss: 3.8471, eta: 1 day, 1:40:11, time: 118.0071
it: 1500/80000, lr: 0.009943, loss: 3.8978, eta: 1 day, 1:48:51, time: 129.7475
it: 1600/80000, lr: 0.009932, loss: 3.9912, eta: 1 day, 1:46:34, time: 117.9941
it: 1700/80000, lr: 0.009920, loss: 3.7648, eta: 1 day, 1:42:17, time: 115.3474
it: 1800/80000, lr: 0.009909, loss: 3.7003, eta: 1 day, 1:40:49, time: 118.8875
it: 1900/80000, lr: 0.009898, loss: 3.7009, eta: 1 day, 1:45:51, time: 128.4247
it: 2000/80000, lr: 0.009886, loss: 3.6060, eta: 1 day, 1:43:39, time: 118.4265
it: 2100/80000, lr: 0.009875, loss: 3.7391, eta: 1 day, 1:40:13, time: 116.3928
it: 2200/80000, lr: 0.009863, loss: 3.6030, eta: 1 day, 1:36:37, time: 115.8692
it: 2300/80000, lr: 0.009852, loss: 3.5864, eta: 1 day, 1:41:55, time: 131.4166
it: 2400/80000, lr: 0.009840, loss: 3.6561, eta: 1 day, 1:37:18, time: 114.1858
it: 2500/80000, lr: 0.009829, loss: 3.5281, eta: 1 day, 1:34:56, time: 118.1290
it: 2600/80000, lr: 0.009818, loss: 3.8625, eta: 1 day, 1:30:35, time: 114.0374
it: 2700/80000, lr: 0.009806, loss: 3.6010, eta: 1 day, 1:35:54, time: 133.9509
it: 2800/80000, lr: 0.009795, loss: 3.6170, eta: 1 day, 1:31:35, time: 114.1293
it: 2900/80000, lr: 0.009783, loss: 3.5890, eta: 1 day, 1:29:21, time: 118.4764
it: 3000/80000, lr: 0.009772, loss: 3.5879, eta: 1 day, 1:32:02, time: 129.9339
it: 3100/80000, lr: 0.009761, loss: 3.6028, eta: 1 day, 1:29:48, time: 118.7701
it: 3200/80000, lr: 0.009749, loss: 3.5946, eta: 1 day, 1:26:05, time: 115.0390
it: 3300/80000, lr: 0.009738, loss: 3.5128, eta: 1 day, 1:24:23, time: 119.9709
it: 3400/80000, lr: 0.009726, loss: 3.5255, eta: 1 day, 1:25:57, time: 128.7011
it: 3500/80000, lr: 0.009715, loss: 3.5029, eta: 1 day, 1:22:38, time: 115.9251
it: 3600/80000, lr: 0.009703, loss: 3.5422, eta: 1 day, 1:18:47, time: 114.1678
it: 3700/80000, lr: 0.009692, loss: 3.5536, eta: 1 day, 1:15:43, time: 116.1160
it: 3800/80000, lr: 0.009681, loss: 3.5724, eta: 1 day, 1:15:59, time: 125.9200
it: 3900/80000, lr: 0.009669, loss: 3.5895, eta: 1 day, 1:13:09, time: 116.7979
it: 4000/80000, lr: 0.009658, loss: 3.4947, eta: 1 day, 1:09:24, time: 113.7309
it: 4100/80000, lr: 0.009646, loss: 3.5083, eta: 1 day, 1:10:19, time: 128.5857
it: 4200/80000, lr: 0.009635, loss: 3.4637, eta: 1 day, 1:06:12, time: 112.3123
it: 4300/80000, lr: 0.009623, loss: 3.5255, eta: 1 day, 1:03:43, time: 117.4956
it: 4400/80000, lr: 0.009612, loss: 3.4479, eta: 1 day, 1:00:26, time: 114.6606
it: 4500/80000, lr: 0.009600, loss: 3.4079, eta: 1 day, 1:01:38, time: 130.4606
it: 4600/80000, lr: 0.009589, loss: 3.4102, eta: 1 day, 0:59:24, time: 118.4420
it: 4700/80000, lr: 0.009578, loss: 3.3596, eta: 1 day, 0:56:05, time: 114.3899
it: 4800/80000, lr: 0.009566, loss: 3.5463, eta: 1 day, 0:54:05, time: 119.1161
it: 4900/80000, lr: 0.009555, loss: 3.3528, eta: 1 day, 0:53:56, time: 126.4431
it: 5000/80000, lr: 0.009543, loss: 3.4728, eta: 1 day, 0:50:48, time: 114.7660
it: 5100/80000, lr: 0.009532, loss: 3.4659, eta: 1 day, 0:47:30, time: 113.9189
it: 5200/80000, lr: 0.009520, loss: 3.5494, eta: 1 day, 0:44:31, time: 114.9537
it: 5300/80000, lr: 0.009509, loss: 3.5041, eta: 1 day, 0:43:01, time: 121.1711
it: 5400/80000, lr: 0.009497, loss: 3.5134, eta: 1 day, 0:40:09, time: 115.2517
it: 5500/80000, lr: 0.009486, loss: 3.4601, eta: 1 day, 0:36:56, time: 113.6276
it: 5600/80000, lr: 0.009475, loss: 3.4462, eta: 1 day, 0:35:49, time: 122.8203
it: 5700/80000, lr: 0.009463, loss: 3.4717, eta: 1 day, 0:32:40, time: 113.6822
it: 5800/80000, lr: 0.009452, loss: 3.5088, eta: 1 day, 0:30:06, time: 116.1953
it: 5900/80000, lr: 0.009440, loss: 3.5028, eta: 1 day, 0:27:01, time: 113.5800
it: 6000/80000, lr: 0.009429, loss: 3.3908, eta: 1 day, 0:26:38, time: 126.5206
it: 6100/80000, lr: 0.009417, loss: 3.4400, eta: 1 day, 0:24:03, time: 115.9390
it: 6200/80000, lr: 0.009406, loss: 3.3525, eta: 1 day, 0:21:20, time: 115.1772
it: 6300/80000, lr: 0.009394, loss: 3.4512, eta: 1 day, 0:18:47, time: 115.9007
it: 6400/80000, lr: 0.009383, loss: 3.4930, eta: 1 day, 0:18:46, time: 129.0144
it: 6500/80000, lr: 0.009371, loss: 3.4636, eta: 1 day, 0:16:34, time: 117.7054
it: 6600/80000, lr: 0.009360, loss: 3.3789, eta: 1 day, 0:13:45, time: 114.4187
it: 6700/80000, lr: 0.009348, loss: 3.4294, eta: 1 day, 0:14:15, time: 132.4377
it: 6800/80000, lr: 0.009337, loss: 3.4933, eta: 1 day, 0:11:17, time: 113.5377
it: 6900/80000, lr: 0.009325, loss: 3.5107, eta: 1 day, 0:09:23, time: 119.4681
it: 7000/80000, lr: 0.009314, loss: 3.5117, eta: 1 day, 0:06:38, time: 114.5657
it: 7100/80000, lr: 0.009302, loss: 3.4897, eta: 1 day, 0:06:56, time: 132.2103
it: 7200/80000, lr: 0.009291, loss: 3.5200, eta: 1 day, 0:04:08, time: 114.2094
it: 7300/80000, lr: 0.009279, loss: 3.3676, eta: 1 day, 0:01:58, time: 118.0035
it: 7400/80000, lr: 0.009268, loss: 3.4800, eta: 23:59:04, time: 113.3372
it: 7500/80000, lr: 0.009256, loss: 3.2971, eta: 23:57:59, time: 124.5819
it: 7600/80000, lr: 0.009245, loss: 3.6320, eta: 23:55:13, time: 114.0531
it: 7700/80000, lr: 0.009233, loss: 3.3755, eta: 23:52:40, time: 115.3324
it: 7800/80000, lr: 0.009222, loss: 3.3699, eta: 23:49:53, time: 113.6142
it: 7900/80000, lr: 0.009210, loss: 3.4441, eta: 23:49:25, time: 128.8218
it: 8000/80000, lr: 0.009199, loss: 3.4634, eta: 23:46:55, time: 115.4480
it: 8100/80000, lr: 0.009187, loss: 3.3400, eta: 23:44:31, time: 116.1402
it: 8200/80000, lr: 0.009176, loss: 3.4300, eta: 23:44:20, time: 131.1752
it: 8300/80000, lr: 0.009164, loss: 3.4161, eta: 23:41:29, time: 113.0560
it: 8400/80000, lr: 0.009153, loss: 3.5370, eta: 23:39:29, time: 118.7485
it: 8500/80000, lr: 0.009141, loss: 3.3534, eta: 23:36:51, time: 114.3003
it: 8600/80000, lr: 0.009130, loss: 3.3941, eta: 23:35:59, time: 126.9813
it: 8700/80000, lr: 0.009118, loss: 3.4644, eta: 23:33:17, time: 113.7260
it: 8800/80000, lr: 0.009107, loss: 3.4559, eta: 23:31:17, time: 118.8285
it: 8900/80000, lr: 0.009095, loss: 3.3309, eta: 23:28:37, time: 113.7828
it: 9000/80000, lr: 0.009084, loss: 3.3933, eta: 23:28:16, time: 131.2795
it: 9100/80000, lr: 0.009072, loss: 3.3762, eta: 23:25:42, time: 114.5662
it: 9200/80000, lr: 0.009061, loss: 3.4627, eta: 23:23:44, time: 119.0696
it: 9300/80000, lr: 0.009049, loss: 3.4280, eta: 23:21:05, time: 113.6987
it: 9400/80000, lr: 0.009038, loss: 3.4632, eta: 23:20:58, time: 133.7559
it: 9500/80000, lr: 0.009026, loss: 3.4266, eta: 23:18:30, time: 115.1302
it: 9600/80000, lr: 0.009015, loss: 3.4032, eta: 23:16:36, time: 119.7142
it: 9700/80000, lr: 0.009003, loss: 3.3512, eta: 23:15:53, time: 129.4944
it: 9800/80000, lr: 0.008992, loss: 3.3471, eta: 23:13:56, time: 119.4423
it: 9900/80000, lr: 0.008980, loss: 3.3811, eta: 23:11:38, time: 116.5254
it: 10000/80000, lr: 0.008969, loss: 3.3012, eta: 23:09:24, time: 116.9656
it: 10100/80000, lr: 0.008957, loss: 3.3677, eta: 23:09:18, time: 135.3910
it: 10200/80000, lr: 0.008946, loss: 3.3290, eta: 23:06:47, time: 114.6764
it: 10300/80000, lr: 0.008934, loss: 3.3727, eta: 23:04:53, time: 119.9216
it: 10400/80000, lr: 0.008923, loss: 3.4081, eta: 23:02:18, time: 113.8282
it: 10500/80000, lr: 0.008911, loss: 3.1976, eta: 23:01:51, time: 133.1501
it: 10600/80000, lr: 0.008899, loss: 3.3714, eta: 22:59:18, time: 114.1742
it: 10700/80000, lr: 0.008888, loss: 3.3118, eta: 22:57:18, time: 119.0597
it: 10800/80000, lr: 0.008876, loss: 3.4034, eta: 22:56:27, time: 129.9242
it: 10900/80000, lr: 0.008865, loss: 3.3680, eta: 22:54:18, time: 117.7878
it: 11000/80000, lr: 0.008853, loss: 3.3018, eta: 22:51:46, time: 114.2455
it: 11100/80000, lr: 0.008842, loss: 3.4115, eta: 22:49:48, time: 119.3954
it: 11200/80000, lr: 0.008830, loss: 3.3116, eta: 22:48:49, time: 129.0544
it: 11300/80000, lr: 0.008819, loss: 3.4966, eta: 22:46:47, time: 118.9664
it: 11400/80000, lr: 0.008807, loss: 3.2583, eta: 22:44:25, time: 115.6540
it: 11500/80000, lr: 0.008796, loss: 3.3746, eta: 22:42:25, time: 119.2699
it: 11600/80000, lr: 0.008784, loss: 3.3844, eta: 22:41:24, time: 129.2279
it: 11700/80000, lr: 0.008772, loss: 3.4006, eta: 22:39:14, time: 117.5670
it: 11800/80000, lr: 0.008761, loss: 3.3710, eta: 22:37:13, time: 119.0746
it: 11900/80000, lr: 0.008749, loss: 3.4537, eta: 22:34:45, time: 114.5091
it: 12000/80000, lr: 0.008738, loss: 3.2824, eta: 22:34:09, time: 134.0639
it: 12100/80000, lr: 0.008726, loss: 3.3643, eta: 22:31:43, time: 114.6372
it: 12200/80000, lr: 0.008715, loss: 3.3504, eta: 22:29:42, time: 119.2051
it: 12300/80000, lr: 0.008703, loss: 3.2832, eta: 22:28:36, time: 129.1749
it: 12400/80000, lr: 0.008691, loss: 3.3656, eta: 22:26:31, time: 118.4926
it: 12500/80000, lr: 0.008680, loss: 3.2991, eta: 22:24:06, time: 114.7506
it: 12600/80000, lr: 0.008668, loss: 3.3253, eta: 22:22:06, time: 119.4443
it: 12700/80000, lr: 0.008657, loss: 3.3528, eta: 22:20:58, time: 129.1594
it: 12800/80000, lr: 0.008645, loss: 3.4346, eta: 22:18:56, time: 119.0541
it: 12900/80000, lr: 0.008634, loss: 3.4631, eta: 22:16:33, time: 115.0565
it: 13000/80000, lr: 0.008622, loss: 3.3830, eta: 22:14:32, time: 119.1890
it: 13100/80000, lr: 0.008610, loss: 3.2581, eta: 22:13:25, time: 129.9151
it: 13200/80000, lr: 0.008599, loss: 3.2992, eta: 22:11:23, time: 119.0179
it: 13300/80000, lr: 0.008587, loss: 3.3235, eta: 22:08:59, time: 114.6722
it: 13400/80000, lr: 0.008576, loss: 3.2847, eta: 22:08:14, time: 134.6253
it: 13500/80000, lr: 0.008564, loss: 3.2652, eta: 22:06:07, time: 118.1070
it: 13600/80000, lr: 0.008552, loss: 3.3021, eta: 22:03:42, time: 114.5032
it: 13700/80000, lr: 0.008541, loss: 3.3465, eta: 22:01:41, time: 119.2514
it: 13800/80000, lr: 0.008529, loss: 3.2543, eta: 22:00:21, time: 127.9627
it: 13900/80000, lr: 0.008518, loss: 3.3193, eta: 21:58:12, time: 117.7222
it: 14000/80000, lr: 0.008506, loss: 3.3092, eta: 21:55:46, time: 113.9931
it: 14100/80000, lr: 0.008495, loss: 3.3031, eta: 21:53:40, time: 118.3498
it: 14200/80000, lr: 0.008483, loss: 3.4517, eta: 21:52:22, time: 128.5896
it: 14300/80000, lr: 0.008471, loss: 3.2786, eta: 21:50:16, time: 118.3152
it: 14400/80000, lr: 0.008460, loss: 3.4061, eta: 21:47:54, time: 114.6504
it: 14500/80000, lr: 0.008448, loss: 3.2664, eta: 21:45:49, time: 118.3671
it: 14600/80000, lr: 0.008436, loss: 3.2866, eta: 21:44:38, time: 130.6118
it: 14700/80000, lr: 0.008425, loss: 3.2727, eta: 21:42:35, time: 118.8513
it: 14800/80000, lr: 0.008413, loss: 3.2273, eta: 21:40:13, time: 114.7267
it: 14900/80000, lr: 0.008402, loss: 3.3659, eta: 21:39:08, time: 132.0050
it: 15000/80000, lr: 0.008390, loss: 3.2939, eta: 21:36:37, time: 112.5794
it: 15100/80000, lr: 0.008378, loss: 3.2972, eta: 21:34:36, time: 119.3744
it: 15200/80000, lr: 0.008367, loss: 3.4230, eta: 21:32:10, time: 113.6269
it: 15300/80000, lr: 0.008355, loss: 3.3753, eta: 21:31:07, time: 132.9365
it: 15400/80000, lr: 0.008344, loss: 3.3089, eta: 21:28:53, time: 116.4329
it: 15500/80000, lr: 0.008332, loss: 3.2973, eta: 21:26:46, time: 117.8135
it: 15600/80000, lr: 0.008320, loss: 3.3945, eta: 21:24:39, time: 118.0619
it: 15700/80000, lr: 0.008309, loss: 3.3637, eta: 21:23:19, time: 129.3791
it: 15800/80000, lr: 0.008297, loss: 3.2916, eta: 21:21:19, time: 119.5157
it: 15900/80000, lr: 0.008285, loss: 3.1799, eta: 21:18:56, time: 114.1782
it: 16000/80000, lr: 0.008274, loss: 3.3019, eta: 21:17:43, time: 131.3920
it: 16100/80000, lr: 0.008262, loss: 3.3764, eta: 21:15:18, time: 113.3525
it: 16200/80000, lr: 0.008251, loss: 3.2399, eta: 21:13:18, time: 119.6026
it: 16300/80000, lr: 0.008239, loss: 3.3012, eta: 21:10:56, time: 114.0851
it: 16400/80000, lr: 0.008227, loss: 3.2459, eta: 21:09:41, time: 131.2109
it: 16500/80000, lr: 0.008216, loss: 3.1903, eta: 21:07:21, time: 114.6117
it: 16600/80000, lr: 0.008204, loss: 3.4295, eta: 21:05:20, time: 119.2555
it: 16700/80000, lr: 0.008192, loss: 3.3198, eta: 21:03:00, time: 114.6494
it: 16800/80000, lr: 0.008181, loss: 3.2758, eta: 21:01:45, time: 131.4806
it: 16900/80000, lr: 0.008169, loss: 3.3176, eta: 20:59:28, time: 115.1806
it: 17000/80000, lr: 0.008157, loss: 3.3404, eta: 20:57:26, time: 119.2377
it: 17100/80000, lr: 0.008146, loss: 3.3874, eta: 20:55:07, time: 114.4290
it: 17200/80000, lr: 0.008134, loss: 3.2376, eta: 20:53:54, time: 132.4648
it: 17300/80000, lr: 0.008122, loss: 3.2945, eta: 20:51:52, time: 119.1338
it: 17400/80000, lr: 0.008111, loss: 3.1649, eta: 20:49:32, time: 114.3013
it: 17500/80000, lr: 0.008099, loss: 3.2351, eta: 20:48:34, time: 136.9088
it: 17600/80000, lr: 0.008087, loss: 3.2082, eta: 20:46:11, time: 113.5112
it: 17700/80000, lr: 0.008076, loss: 3.2319, eta: 20:44:10, time: 119.4103
it: 17800/80000, lr: 0.008064, loss: 3.2523, eta: 20:41:53, time: 115.0140
it: 17900/80000, lr: 0.008052, loss: 3.2798, eta: 20:40:52, time: 136.6069
it: 18000/80000, lr: 0.008041, loss: 3.2853, eta: 20:38:33, time: 114.4885
it: 18100/80000, lr: 0.008029, loss: 3.3342, eta: 20:36:33, time: 119.7635
it: 18200/80000, lr: 0.008017, loss: 3.2455, eta: 20:34:16, time: 114.7424
it: 18300/80000, lr: 0.008006, loss: 3.2316, eta: 20:33:04, time: 134.0265
it: 18400/80000, lr: 0.007994, loss: 3.1629, eta: 20:30:46, time: 114.5946
it: 18500/80000, lr: 0.007982, loss: 3.2745, eta: 20:28:43, time: 118.9888
it: 18600/80000, lr: 0.007971, loss: 3.2585, eta: 20:26:23, time: 113.5443
it: 18700/80000, lr: 0.007959, loss: 3.2845, eta: 20:24:53, time: 128.9167
it: 18800/80000, lr: 0.007947, loss: 3.2018, eta: 20:22:41, time: 116.4446
it: 18900/80000, lr: 0.007936, loss: 3.1855, eta: 20:20:35, time: 117.7659
it: 19000/80000, lr: 0.007924, loss: 3.3039, eta: 20:19:03, time: 128.5572
it: 19100/80000, lr: 0.007912, loss: 3.1807, eta: 20:16:43, time: 113.8070
it: 19200/80000, lr: 0.007901, loss: 3.2948, eta: 20:14:41, time: 118.9332
it: 19300/80000, lr: 0.007889, loss: 3.2119, eta: 20:12:22, time: 114.0329
it: 19400/80000, lr: 0.007877, loss: 3.1538, eta: 20:11:06, time: 133.6119
it: 19500/80000, lr: 0.007865, loss: 3.2939, eta: 20:08:48, time: 114.2998
it: 19600/80000, lr: 0.007854, loss: 3.2815, eta: 20:06:44, time: 118.5629
it: 19700/80000, lr: 0.007842, loss: 3.2108, eta: 20:04:26, time: 113.8709
it: 19800/80000, lr: 0.007830, loss: 3.3466, eta: 20:03:07, time: 133.1806
it: 19900/80000, lr: 0.007819, loss: 3.2926, eta: 20:00:50, time: 114.1770
it: 20000/80000, lr: 0.007807, loss: 3.2461, eta: 19:58:48, time: 119.4327
it: 20100/80000, lr: 0.007795, loss: 3.3132, eta: 19:57:16, time: 129.0878
it: 20200/80000, lr: 0.007783, loss: 3.2324, eta: 19:55:11, time: 118.2901
it: 20300/80000, lr: 0.007772, loss: 3.3710, eta: 19:52:55, time: 114.5442
it: 20400/80000, lr: 0.007760, loss: 3.2973, eta: 19:50:55, time: 119.7794
it: 20500/80000, lr: 0.007748, loss: 3.2283, eta: 19:49:21, time: 128.8688
it: 20600/80000, lr: 0.007737, loss: 3.2990, eta: 19:47:21, time: 119.7760
it: 20700/80000, lr: 0.007725, loss: 3.2838, eta: 19:45:19, time: 119.3084
it: 20800/80000, lr: 0.007713, loss: 3.2976, eta: 19:43:05, time: 114.7783
it: 20900/80000, lr: 0.007701, loss: 3.2575, eta: 19:41:46, time: 134.3638
it: 21000/80000, lr: 0.007690, loss: 3.2535, eta: 19:39:31, time: 114.6314
it: 21100/80000, lr: 0.007678, loss: 3.2312, eta: 19:37:27, time: 118.5396
it: 21200/80000, lr: 0.007666, loss: 3.1999, eta: 19:35:09, time: 113.3742
it: 21300/80000, lr: 0.007654, loss: 3.1713, eta: 19:33:51, time: 135.1480
it: 21400/80000, lr: 0.007643, loss: 3.2324, eta: 19:31:36, time: 114.5033
it: 21500/80000, lr: 0.007631, loss: 3.2490, eta: 19:29:35, time: 119.5988
it: 21600/80000, lr: 0.007619, loss: 3.2021, eta: 19:28:02, time: 130.0324
it: 21700/80000, lr: 0.007608, loss: 3.1888, eta: 19:26:27, time: 129.1374
it: 21800/80000, lr: 0.007596, loss: 3.2973, eta: 19:24:50, time: 128.7318
it: 21900/80000, lr: 0.007584, loss: 3.4408, eta: 19:23:20, time: 131.3696
it: 22000/80000, lr: 0.007572, loss: 3.2383, eta: 19:22:15, time: 141.1405
it: 22100/80000, lr: 0.007561, loss: 3.2591, eta: 19:20:50, time: 133.5781
it: 22200/80000, lr: 0.007549, loss: 3.1757, eta: 19:19:07, time: 127.0418
it: 22300/80000, lr: 0.007537, loss: 3.2376, eta: 19:17:32, time: 129.9784
it: 22400/80000, lr: 0.007525, loss: 3.2386, eta: 19:16:32, time: 143.8625
it: 22500/80000, lr: 0.007514, loss: 3.2026, eta: 19:14:49, time: 127.6486
it: 22600/80000, lr: 0.007502, loss: 3.1854, eta: 19:13:10, time: 128.8200
it: 22700/80000, lr: 0.007490, loss: 3.1699, eta: 19:12:02, time: 141.4062
it: 22800/80000, lr: 0.007478, loss: 3.1565, eta: 19:10:07, time: 122.8999
it: 22900/80000, lr: 0.007466, loss: 3.2349, eta: 19:07:50, time: 113.7856
it: 23000/80000, lr: 0.007455, loss: 3.1783, eta: 19:05:46, time: 119.3249
it: 23100/80000, lr: 0.007443, loss: 3.1445, eta: 19:04:06, time: 129.0498
it: 23200/80000, lr: 0.007431, loss: 3.2407, eta: 19:02:00, time: 118.6276
it: 23300/80000, lr: 0.007419, loss: 3.1425, eta: 18:59:45, time: 114.4093
it: 23400/80000, lr: 0.007408, loss: 3.2247, eta: 18:57:39, time: 118.7359
it: 23500/80000, lr: 0.007396, loss: 3.1157, eta: 18:56:00, time: 129.3919
it: 23600/80000, lr: 0.007384, loss: 3.1969, eta: 18:53:52, time: 117.7432
it: 23700/80000, lr: 0.007372, loss: 3.2139, eta: 18:51:36, time: 113.9447
it: 23800/80000, lr: 0.007360, loss: 3.1960, eta: 18:49:32, time: 119.0164
it: 23900/80000, lr: 0.007349, loss: 3.1455, eta: 18:48:00, time: 133.0263
it: 24000/80000, lr: 0.007337, loss: 3.1601, eta: 18:45:52, time: 117.2746
it: 24100/80000, lr: 0.007325, loss: 3.2631, eta: 18:43:55, time: 122.3374
it: 24200/80000, lr: 0.007313, loss: 3.2365, eta: 18:42:26, time: 134.2178
it: 24300/80000, lr: 0.007302, loss: 3.1306, eta: 18:40:46, time: 129.9608
it: 24400/80000, lr: 0.007290, loss: 3.1046, eta: 18:39:02, time: 128.0395
it: 24500/80000, lr: 0.007278, loss: 3.2632, eta: 18:37:27, time: 132.0981
it: 24600/80000, lr: 0.007266, loss: 3.0977, eta: 18:36:23, time: 145.8937
it: 24700/80000, lr: 0.007254, loss: 3.2898, eta: 18:34:46, time: 131.7445
it: 24800/80000, lr: 0.007242, loss: 3.2035, eta: 18:33:04, time: 129.3511
it: 24900/80000, lr: 0.007231, loss: 3.2299, eta: 18:31:22, time: 129.4250
it: 25000/80000, lr: 0.007219, loss: 3.3395, eta: 18:30:11, time: 143.7912
it: 25100/80000, lr: 0.007207, loss: 3.1401, eta: 18:28:32, time: 131.2662
it: 25200/80000, lr: 0.007195, loss: 3.2310, eta: 18:26:46, time: 128.0291
it: 25300/80000, lr: 0.007183, loss: 3.1620, eta: 18:25:38, time: 145.9127
it: 25400/80000, lr: 0.007172, loss: 3.1863, eta: 18:23:50, time: 127.4858
it: 25500/80000, lr: 0.007160, loss: 3.1971, eta: 18:22:13, time: 132.7336
it: 25600/80000, lr: 0.007148, loss: 3.2408, eta: 18:20:32, time: 130.7219
it: 25700/80000, lr: 0.007136, loss: 3.1658, eta: 18:19:16, time: 142.9141
it: 25800/80000, lr: 0.007124, loss: 3.2981, eta: 18:17:32, time: 129.8779
it: 25900/80000, lr: 0.007112, loss: 3.2403, eta: 18:15:44, time: 127.6974
it: 26000/80000, lr: 0.007101, loss: 3.2810, eta: 18:13:58, time: 129.2114
it: 26100/80000, lr: 0.007089, loss: 3.2083, eta: 18:12:38, time: 141.6557
it: 26200/80000, lr: 0.007077, loss: 3.2722, eta: 18:10:58, time: 132.0263
it: 26300/80000, lr: 0.007065, loss: 3.2488, eta: 18:09:13, time: 129.8274
it: 26400/80000, lr: 0.007053, loss: 3.1501, eta: 18:07:29, time: 130.3703
it: 26500/80000, lr: 0.007041, loss: 3.1145, eta: 18:06:12, time: 144.0378
it: 26600/80000, lr: 0.007030, loss: 3.2045, eta: 18:04:28, time: 130.8155
it: 26700/80000, lr: 0.007018, loss: 3.1925, eta: 18:02:40, time: 128.4979
it: 26800/80000, lr: 0.007006, loss: 3.1704, eta: 18:01:27, time: 146.7431
it: 26900/80000, lr: 0.006994, loss: 3.1993, eta: 17:59:38, time: 128.4568
it: 27000/80000, lr: 0.006982, loss: 3.1280, eta: 17:57:51, time: 129.7800
it: 27100/80000, lr: 0.006970, loss: 3.1659, eta: 17:56:08, time: 131.4881
it: 27200/80000, lr: 0.006958, loss: 3.1519, eta: 17:54:45, time: 142.4157
it: 27300/80000, lr: 0.006947, loss: 3.1877, eta: 17:53:03, time: 132.5800
it: 27400/80000, lr: 0.006935, loss: 3.1629, eta: 17:51:13, time: 128.3898
it: 27500/80000, lr: 0.006923, loss: 3.1241, eta: 17:49:20, time: 126.9624
it: 27600/80000, lr: 0.006911, loss: 3.2389, eta: 17:47:30, time: 128.8321
it: 27700/80000, lr: 0.006899, loss: 3.1101, eta: 17:45:18, time: 116.8347
it: 27800/80000, lr: 0.006887, loss: 3.2047, eta: 17:43:04, time: 116.1566
it: 27900/80000, lr: 0.006875, loss: 3.1830, eta: 17:40:51, time: 116.4092
it: 28000/80000, lr: 0.006864, loss: 3.3505, eta: 17:38:53, time: 124.3063
it: 28100/80000, lr: 0.006852, loss: 3.1617, eta: 17:36:42, time: 117.1942
it: 28200/80000, lr: 0.006840, loss: 3.0573, eta: 17:34:26, time: 115.0161
it: 28300/80000, lr: 0.006828, loss: 3.1180, eta: 17:32:29, time: 124.4440
it: 28400/80000, lr: 0.006816, loss: 3.1208, eta: 17:30:13, time: 114.5094
it: 28500/80000, lr: 0.006804, loss: 3.2698, eta: 17:28:00, time: 116.2160
it: 28600/80000, lr: 0.006792, loss: 3.2230, eta: 17:25:48, time: 116.7701
it: 28700/80000, lr: 0.006780, loss: 3.2936, eta: 17:23:48, time: 123.2765
it: 28800/80000, lr: 0.006768, loss: 3.1684, eta: 17:21:35, time: 116.1143
it: 28900/80000, lr: 0.006757, loss: 3.2365, eta: 17:19:21, time: 114.9202
it: 29000/80000, lr: 0.006745, loss: 3.1540, eta: 17:17:07, time: 115.4083
it: 29100/80000, lr: 0.006733, loss: 3.2619, eta: 17:15:07, time: 123.1955
it: 29200/80000, lr: 0.006721, loss: 3.1127, eta: 17:12:55, time: 115.9680
it: 29300/80000, lr: 0.006709, loss: 3.1874, eta: 17:10:40, time: 114.4672
it: 29400/80000, lr: 0.006697, loss: 3.1277, eta: 17:08:44, time: 125.5225
it: 29500/80000, lr: 0.006685, loss: 3.2166, eta: 17:06:28, time: 113.9325
it: 29600/80000, lr: 0.006673, loss: 3.2200, eta: 17:04:16, time: 116.2565
it: 29700/80000, lr: 0.006661, loss: 3.0708, eta: 17:02:01, time: 113.9301
it: 29800/80000, lr: 0.006649, loss: 3.1737, eta: 17:00:03, time: 124.4680
it: 29900/80000, lr: 0.006637, loss: 3.1493, eta: 16:57:49, time: 114.2999
it: 30000/80000, lr: 0.006625, loss: 3.1255, eta: 16:55:37, time: 115.8396
it: 30100/80000, lr: 0.006614, loss: 3.1573, eta: 16:53:23, time: 114.6947
it: 30200/80000, lr: 0.006602, loss: 3.3503, eta: 16:51:24, time: 123.6794
it: 30300/80000, lr: 0.006590, loss: 3.1548, eta: 16:49:13, time: 116.0580
it: 30400/80000, lr: 0.006578, loss: 3.1717, eta: 16:46:59, time: 114.8513
it: 30500/80000, lr: 0.006566, loss: 3.1657, eta: 16:44:46, time: 114.5930
it: 30600/80000, lr: 0.006554, loss: 3.1403, eta: 16:42:46, time: 123.2429
it: 30700/80000, lr: 0.006542, loss: 3.1428, eta: 16:40:36, time: 116.7314
it: 30800/80000, lr: 0.006530, loss: 3.2290, eta: 16:38:25, time: 115.6533
it: 30900/80000, lr: 0.006518, loss: 3.1267, eta: 16:36:28, time: 124.5904
it: 31000/80000, lr: 0.006506, loss: 3.1884, eta: 16:34:15, time: 115.0200
it: 31100/80000, lr: 0.006494, loss: 3.1661, eta: 16:32:06, time: 117.2807
it: 31200/80000, lr: 0.006482, loss: 3.1698, eta: 16:29:55, time: 115.3800
it: 31300/80000, lr: 0.006470, loss: 3.2038, eta: 16:27:59, time: 125.7808
it: 31400/80000, lr: 0.006458, loss: 3.2497, eta: 16:25:47, time: 114.5136
it: 31500/80000, lr: 0.006446, loss: 3.1310, eta: 16:23:38, time: 116.9450
it: 31600/80000, lr: 0.006434, loss: 3.1247, eta: 16:21:25, time: 114.6201
it: 31700/80000, lr: 0.006422, loss: 3.1809, eta: 16:19:27, time: 123.8095
it: 31800/80000, lr: 0.006410, loss: 3.1263, eta: 16:17:17, time: 116.4663
it: 31900/80000, lr: 0.006398, loss: 3.1299, eta: 16:15:06, time: 115.6163
it: 32000/80000, lr: 0.006386, loss: 3.2049, eta: 16:13:08, time: 124.0556
it: 32100/80000, lr: 0.006374, loss: 3.2062, eta: 16:10:55, time: 114.0042
it: 32200/80000, lr: 0.006363, loss: 3.0846, eta: 16:08:46, time: 116.1924
it: 32300/80000, lr: 0.006351, loss: 3.1437, eta: 16:06:34, time: 115.0673
it: 32400/80000, lr: 0.006339, loss: 3.1610, eta: 16:04:38, time: 125.3186
it: 32500/80000, lr: 0.006327, loss: 3.1017, eta: 16:02:26, time: 114.4670
it: 32600/80000, lr: 0.006315, loss: 3.0720, eta: 16:00:16, time: 115.7502
it: 32700/80000, lr: 0.006303, loss: 3.1288, eta: 15:58:04, time: 114.3872
it: 32800/80000, lr: 0.006291, loss: 3.1766, eta: 15:56:10, time: 126.7313
it: 32900/80000, lr: 0.006279, loss: 3.1469, eta: 15:53:58, time: 114.2351
it: 33000/80000, lr: 0.006267, loss: 3.1621, eta: 15:51:48, time: 115.3568
it: 33100/80000, lr: 0.006255, loss: 3.0750, eta: 15:49:36, time: 114.2870
it: 33200/80000, lr: 0.006243, loss: 3.1358, eta: 15:47:38, time: 123.4335
it: 33300/80000, lr: 0.006231, loss: 3.1096, eta: 15:45:27, time: 115.0423
it: 33400/80000, lr: 0.006219, loss: 3.0582, eta: 15:43:18, time: 116.4335
it: 33500/80000, lr: 0.006207, loss: 3.1945, eta: 15:41:17, time: 121.2993
it: 33600/80000, lr: 0.006195, loss: 3.1868, eta: 15:39:06, time: 114.7546
it: 33700/80000, lr: 0.006183, loss: 3.1423, eta: 15:36:58, time: 116.6197
it: 33800/80000, lr: 0.006171, loss: 3.1948, eta: 15:34:47, time: 114.6010
it: 33900/80000, lr: 0.006158, loss: 3.0985, eta: 15:32:50, time: 124.1348
it: 34000/80000, lr: 0.006146, loss: 3.2046, eta: 15:30:40, time: 115.4551
it: 34100/80000, lr: 0.006134, loss: 3.1563, eta: 15:28:32, time: 116.6839
it: 34200/80000, lr: 0.006122, loss: 3.2138, eta: 15:26:23, time: 115.1843
it: 34300/80000, lr: 0.006110, loss: 3.1639, eta: 15:24:25, time: 124.3870
it: 34400/80000, lr: 0.006098, loss: 3.1339, eta: 15:22:15, time: 114.6974
it: 34500/80000, lr: 0.006086, loss: 3.1163, eta: 15:20:08, time: 116.7259
it: 34600/80000, lr: 0.006074, loss: 3.1987, eta: 15:18:09, time: 123.3543
it: 34700/80000, lr: 0.006062, loss: 3.1576, eta: 15:16:00, time: 115.4771
it: 34800/80000, lr: 0.006050, loss: 3.0588, eta: 15:13:50, time: 114.8070
it: 34900/80000, lr: 0.006038, loss: 3.0669, eta: 15:11:44, time: 117.1328
it: 35000/80000, lr: 0.006026, loss: 3.1883, eta: 15:09:47, time: 124.6896
it: 35100/80000, lr: 0.006014, loss: 3.0780, eta: 15:07:36, time: 114.0410
it: 35200/80000, lr: 0.006002, loss: 3.0869, eta: 15:05:29, time: 116.8082
it: 35300/80000, lr: 0.005990, loss: 3.1389, eta: 15:03:20, time: 115.0283
it: 35400/80000, lr: 0.005978, loss: 3.1535, eta: 15:01:23, time: 124.4507
it: 35500/80000, lr: 0.005966, loss: 3.0456, eta: 14:59:14, time: 114.8963
it: 35600/80000, lr: 0.005954, loss: 3.1967, eta: 14:57:06, time: 116.3858
it: 35700/80000, lr: 0.005942, loss: 3.0908, eta: 14:54:57, time: 114.7948
it: 35800/80000, lr: 0.005930, loss: 3.2012, eta: 14:53:01, time: 125.5465
it: 35900/80000, lr: 0.005918, loss: 3.1608, eta: 14:50:52, time: 114.9821
it: 36000/80000, lr: 0.005905, loss: 3.1286, eta: 14:48:45, time: 116.1393
it: 36100/80000, lr: 0.005893, loss: 3.1126, eta: 14:46:46, time: 123.4869
it: 36200/80000, lr: 0.005881, loss: 3.1544, eta: 14:44:38, time: 115.4587
it: 36300/80000, lr: 0.005869, loss: 3.1762, eta: 14:42:29, time: 114.2533
it: 36400/80000, lr: 0.005857, loss: 3.0751, eta: 14:40:21, time: 115.8956
it: 36500/80000, lr: 0.005845, loss: 3.1646, eta: 14:38:24, time: 124.4967
it: 36600/80000, lr: 0.005833, loss: 3.0409, eta: 14:36:14, time: 113.9495
it: 36700/80000, lr: 0.005821, loss: 3.1794, eta: 14:34:07, time: 115.3829
it: 36800/80000, lr: 0.005809, loss: 3.0847, eta: 14:31:57, time: 113.6860
it: 36900/80000, lr: 0.005797, loss: 3.0712, eta: 14:29:58, time: 123.4856
it: 37000/80000, lr: 0.005785, loss: 3.1226, eta: 14:27:51, time: 115.5252
it: 37100/80000, lr: 0.005772, loss: 3.1668, eta: 14:25:45, time: 116.6290
it: 37200/80000, lr: 0.005760, loss: 3.0737, eta: 14:23:35, time: 114.0239
it: 37300/80000, lr: 0.005748, loss: 3.1380, eta: 14:21:39, time: 125.4777
it: 37400/80000, lr: 0.005736, loss: 3.1375, eta: 14:19:31, time: 115.1262
it: 37500/80000, lr: 0.005724, loss: 3.2164, eta: 14:17:25, time: 116.2823
it: 37600/80000, lr: 0.005712, loss: 3.2257, eta: 14:15:26, time: 123.2971
it: 37700/80000, lr: 0.005700, loss: 3.1441, eta: 14:13:20, time: 115.9284
it: 37800/80000, lr: 0.005688, loss: 3.1591, eta: 14:11:12, time: 115.1755
it: 37900/80000, lr: 0.005675, loss: 3.1615, eta: 14:09:06, time: 116.5010
it: 38000/80000, lr: 0.005663, loss: 3.0773, eta: 14:07:07, time: 122.5523
it: 38100/80000, lr: 0.005651, loss: 3.1218, eta: 14:05:01, time: 116.6437
it: 38200/80000, lr: 0.005639, loss: 3.1929, eta: 14:02:56, time: 117.2271
it: 38300/80000, lr: 0.005627, loss: 3.1992, eta: 14:00:48, time: 114.3187
it: 38400/80000, lr: 0.005615, loss: 3.2302, eta: 13:58:52, time: 126.1528
it: 38500/80000, lr: 0.005603, loss: 3.1548, eta: 13:56:45, time: 115.3193
it: 38600/80000, lr: 0.005590, loss: 3.1593, eta: 13:54:40, time: 116.8197
it: 38700/80000, lr: 0.005578, loss: 3.0386, eta: 13:52:41, time: 122.8108
it: 38800/80000, lr: 0.005566, loss: 3.1308, eta: 13:50:35, time: 116.3624
it: 38900/80000, lr: 0.005554, loss: 3.1051, eta: 13:48:28, time: 115.1736
it: 39000/80000, lr: 0.005542, loss: 3.0449, eta: 13:46:23, time: 117.0840
it: 39100/80000, lr: 0.005530, loss: 3.1736, eta: 13:44:23, time: 121.8796
it: 39200/80000, lr: 0.005517, loss: 3.0386, eta: 13:42:17, time: 116.2332
it: 39300/80000, lr: 0.005505, loss: 3.1456, eta: 13:40:10, time: 115.0009
it: 39400/80000, lr: 0.005493, loss: 3.1713, eta: 13:38:04, time: 116.3161
it: 39500/80000, lr: 0.005481, loss: 3.1017, eta: 13:36:04, time: 121.5885
it: 39600/80000, lr: 0.005469, loss: 3.0624, eta: 13:33:59, time: 116.3344
it: 39700/80000, lr: 0.005457, loss: 3.1869, eta: 13:31:54, time: 116.8030
it: 39800/80000, lr: 0.005444, loss: 3.1706, eta: 13:29:47, time: 114.8088
it: 39900/80000, lr: 0.005432, loss: 3.0855, eta: 13:27:49, time: 123.9232
it: 40000/80000, lr: 0.005420, loss: 3.0332, eta: 13:25:42, time: 114.8160
it: 40100/80000, lr: 0.005408, loss: 3.0984, eta: 13:23:36, time: 116.1373
it: 40200/80000, lr: 0.005396, loss: 3.1256, eta: 13:21:37, time: 122.1481
it: 40300/80000, lr: 0.005383, loss: 3.0761, eta: 13:19:31, time: 116.2038
it: 40400/80000, lr: 0.005371, loss: 3.1305, eta: 13:17:25, time: 114.9993
it: 40500/80000, lr: 0.005359, loss: 3.0714, eta: 13:15:19, time: 116.2181
it: 40600/80000, lr: 0.005347, loss: 3.2697, eta: 13:13:21, time: 123.2548
it: 40700/80000, lr: 0.005335, loss: 3.1353, eta: 13:11:15, time: 115.9173
it: 40800/80000, lr: 0.005322, loss: 3.1407, eta: 13:09:09, time: 114.7880
it: 40900/80000, lr: 0.005310, loss: 3.0829, eta: 13:07:02, time: 114.6763
it: 41000/80000, lr: 0.005298, loss: 3.0225, eta: 13:04:58, time: 116.9254
it: 41100/80000, lr: 0.005286, loss: 3.0420, eta: 13:02:48, time: 111.1601
it: 41200/80000, lr: 0.005273, loss: 3.1975, eta: 13:00:38, time: 110.7949
it: 41300/80000, lr: 0.005261, loss: 3.0833, eta: 12:58:34, time: 117.0311
it: 41400/80000, lr: 0.005249, loss: 3.0877, eta: 12:56:23, time: 110.2119
it: 41500/80000, lr: 0.005237, loss: 3.0673, eta: 12:54:14, time: 111.0259
it: 41600/80000, lr: 0.005224, loss: 2.9959, eta: 12:52:04, time: 111.0360
it: 41700/80000, lr: 0.005212, loss: 3.0609, eta: 12:49:59, time: 115.7276
it: 41800/80000, lr: 0.005200, loss: 3.0582, eta: 12:47:49, time: 110.2621
it: 41900/80000, lr: 0.005188, loss: 3.0010, eta: 12:45:39, time: 110.1525
it: 42000/80000, lr: 0.005175, loss: 3.1079, eta: 12:43:29, time: 110.8999
it: 42100/80000, lr: 0.005163, loss: 3.1244, eta: 12:41:25, time: 116.3134
it: 42200/80000, lr: 0.005151, loss: 3.0885, eta: 12:39:15, time: 110.3900
it: 42300/80000, lr: 0.005139, loss: 3.0898, eta: 12:37:06, time: 110.4112
it: 42400/80000, lr: 0.005126, loss: 3.0600, eta: 12:34:56, time: 110.0210
it: 42500/80000, lr: 0.005114, loss: 3.1070, eta: 12:32:53, time: 117.0852
it: 42600/80000, lr: 0.005102, loss: 3.0357, eta: 12:30:44, time: 111.0251
it: 42700/80000, lr: 0.005090, loss: 3.0308, eta: 12:28:35, time: 110.8628
it: 42800/80000, lr: 0.005077, loss: 3.0898, eta: 12:26:32, time: 117.6450
it: 42900/80000, lr: 0.005065, loss: 3.0330, eta: 12:24:23, time: 110.3397
it: 43000/80000, lr: 0.005053, loss: 3.1234, eta: 12:22:15, time: 110.9144
it: 43100/80000, lr: 0.005040, loss: 3.0658, eta: 12:20:06, time: 110.8267
it: 43200/80000, lr: 0.005028, loss: 3.2153, eta: 12:18:03, time: 117.3394
it: 43300/80000, lr: 0.005016, loss: 3.0509, eta: 12:15:55, time: 110.6679
it: 43400/80000, lr: 0.005004, loss: 3.0721, eta: 12:13:47, time: 111.1319
it: 43500/80000, lr: 0.004991, loss: 3.1229, eta: 12:11:39, time: 111.0732
it: 43600/80000, lr: 0.004979, loss: 3.0085, eta: 12:09:36, time: 117.1738
it: 43700/80000, lr: 0.004967, loss: 3.1331, eta: 12:07:28, time: 111.0114
it: 43800/80000, lr: 0.004954, loss: 3.0291, eta: 12:05:20, time: 110.9789
it: 43900/80000, lr: 0.004942, loss: 3.0093, eta: 12:03:17, time: 117.4943
it: 44000/80000, lr: 0.004930, loss: 3.1338, eta: 12:01:09, time: 110.5880
it: 44100/80000, lr: 0.004917, loss: 3.1164, eta: 11:59:02, time: 110.8426
it: 44200/80000, lr: 0.004905, loss: 3.0072, eta: 11:56:54, time: 111.0725
it: 44300/80000, lr: 0.004893, loss: 3.0680, eta: 11:54:51, time: 116.6627
it: 44400/80000, lr: 0.004880, loss: 3.0546, eta: 11:52:43, time: 110.5368
it: 44500/80000, lr: 0.004868, loss: 3.0499, eta: 11:50:36, time: 110.9023
it: 44600/80000, lr: 0.004856, loss: 2.9939, eta: 11:48:28, time: 111.0055
it: 44700/80000, lr: 0.004843, loss: 3.0481, eta: 11:46:26, time: 116.9220
it: 44800/80000, lr: 0.004831, loss: 2.9935, eta: 11:44:18, time: 110.7266
it: 44900/80000, lr: 0.004819, loss: 3.0025, eta: 11:42:11, time: 111.0202
it: 45000/80000, lr: 0.004806, loss: 3.1596, eta: 11:40:04, time: 110.7445
it: 45100/80000, lr: 0.004794, loss: 2.9426, eta: 11:38:01, time: 116.6262
it: 45200/80000, lr: 0.004782, loss: 3.0051, eta: 11:35:54, time: 110.8648
it: 45300/80000, lr: 0.004769, loss: 3.1046, eta: 11:33:48, time: 111.0152
it: 45400/80000, lr: 0.004757, loss: 3.0309, eta: 11:31:46, time: 117.7426
it: 45500/80000, lr: 0.004744, loss: 3.0204, eta: 11:29:39, time: 110.6120
it: 45600/80000, lr: 0.004732, loss: 3.0365, eta: 11:27:32, time: 111.0393
it: 45700/80000, lr: 0.004720, loss: 3.1483, eta: 11:25:26, time: 111.0427
it: 45800/80000, lr: 0.004707, loss: 3.0076, eta: 11:23:24, time: 117.9244
it: 45900/80000, lr: 0.004695, loss: 3.0792, eta: 11:21:18, time: 110.6962
it: 46000/80000, lr: 0.004683, loss: 2.9983, eta: 11:19:11, time: 111.1139
it: 46100/80000, lr: 0.004670, loss: 2.9942, eta: 11:17:05, time: 110.8873
it: 46200/80000, lr: 0.004658, loss: 2.9830, eta: 11:15:03, time: 117.3326
it: 46300/80000, lr: 0.004645, loss: 3.0623, eta: 11:12:56, time: 110.4102
it: 46400/80000, lr: 0.004633, loss: 2.9939, eta: 11:10:50, time: 110.6794
it: 46500/80000, lr: 0.004620, loss: 3.0251, eta: 11:08:44, time: 110.6391
it: 46600/80000, lr: 0.004608, loss: 2.9987, eta: 11:06:41, time: 116.0426
it: 46700/80000, lr: 0.004596, loss: 3.0606, eta: 11:04:35, time: 110.7850
it: 46800/80000, lr: 0.004583, loss: 3.1258, eta: 11:02:29, time: 111.1313
it: 46900/80000, lr: 0.004571, loss: 3.1014, eta: 11:00:28, time: 117.6191
it: 47000/80000, lr: 0.004558, loss: 2.9933, eta: 10:58:22, time: 110.6871
it: 47100/80000, lr: 0.004546, loss: 3.0402, eta: 10:56:16, time: 111.1763
it: 47200/80000, lr: 0.004534, loss: 3.0592, eta: 10:54:11, time: 111.2451
it: 47300/80000, lr: 0.004521, loss: 3.0566, eta: 10:52:09, time: 117.2088
it: 47400/80000, lr: 0.004509, loss: 2.9919, eta: 10:50:04, time: 110.7580
it: 47500/80000, lr: 0.004496, loss: 3.0623, eta: 10:47:58, time: 111.1817
it: 47600/80000, lr: 0.004484, loss: 3.0692, eta: 10:45:52, time: 110.8199
it: 47700/80000, lr: 0.004471, loss: 3.0701, eta: 10:43:52, time: 118.2646
it: 47800/80000, lr: 0.004459, loss: 3.1081, eta: 10:41:47, time: 111.0888
it: 47900/80000, lr: 0.004446, loss: 3.0767, eta: 10:39:42, time: 111.3673
it: 48000/80000, lr: 0.004434, loss: 3.0131, eta: 10:37:41, time: 117.6529
it: 48100/80000, lr: 0.004421, loss: 3.0260, eta: 10:35:35, time: 110.6097
it: 48200/80000, lr: 0.004409, loss: 3.1034, eta: 10:33:30, time: 111.2641
it: 48300/80000, lr: 0.004396, loss: 3.0591, eta: 10:31:25, time: 111.0427
it: 48400/80000, lr: 0.004384, loss: 3.0272, eta: 10:29:24, time: 117.0039
it: 48500/80000, lr: 0.004371, loss: 3.0476, eta: 10:27:19, time: 110.8527
it: 48600/80000, lr: 0.004359, loss: 3.0456, eta: 10:25:14, time: 111.1989
it: 48700/80000, lr: 0.004346, loss: 3.1143, eta: 10:23:09, time: 111.1421
it: 48800/80000, lr: 0.004334, loss: 3.0233, eta: 10:21:08, time: 117.0636
it: 48900/80000, lr: 0.004321, loss: 3.0098, eta: 10:19:03, time: 111.1189
it: 49000/80000, lr: 0.004309, loss: 2.9634, eta: 10:16:59, time: 110.8047
it: 49100/80000, lr: 0.004296, loss: 3.0094, eta: 10:14:53, time: 110.0901
it: 49200/80000, lr: 0.004284, loss: 3.0738, eta: 10:12:52, time: 116.2505
it: 49300/80000, lr: 0.004271, loss: 3.1464, eta: 10:10:47, time: 110.7377
it: 49400/80000, lr: 0.004259, loss: 3.0398, eta: 10:08:42, time: 110.5625
it: 49500/80000, lr: 0.004246, loss: 2.9316, eta: 10:06:42, time: 117.4787
it: 49600/80000, lr: 0.004234, loss: 2.9957, eta: 10:04:37, time: 110.4207
it: 49700/80000, lr: 0.004221, loss: 2.9861, eta: 10:02:32, time: 110.6881
it: 49800/80000, lr: 0.004209, loss: 3.0776, eta: 10:00:28, time: 110.7966
it: 49900/80000, lr: 0.004196, loss: 3.1011, eta: 9:58:27, time: 116.1587
it: 50000/80000, lr: 0.004184, loss: 3.0753, eta: 9:56:22, time: 110.6012
it: 50100/80000, lr: 0.004171, loss: 3.0257, eta: 9:54:18, time: 110.8842
it: 50200/80000, lr: 0.004159, loss: 3.0094, eta: 9:52:14, time: 111.1374
it: 50300/80000, lr: 0.004146, loss: 3.0633, eta: 9:50:13, time: 116.0087
it: 50400/80000, lr: 0.004133, loss: 3.0493, eta: 9:48:09, time: 110.9544
it: 50500/80000, lr: 0.004121, loss: 3.0757, eta: 9:46:05, time: 111.4029
it: 50600/80000, lr: 0.004108, loss: 3.0385, eta: 9:44:05, time: 117.7219
it: 50700/80000, lr: 0.004096, loss: 3.0319, eta: 9:42:01, time: 110.4160
it: 50800/80000, lr: 0.004083, loss: 3.0404, eta: 9:39:57, time: 111.2171
it: 50900/80000, lr: 0.004071, loss: 3.1022, eta: 9:37:53, time: 111.3095
it: 51000/80000, lr: 0.004058, loss: 2.9964, eta: 9:35:52, time: 116.4640
it: 51100/80000, lr: 0.004045, loss: 2.9764, eta: 9:33:49, time: 111.1567
it: 51200/80000, lr: 0.004033, loss: 3.0060, eta: 9:31:45, time: 111.1754
it: 51300/80000, lr: 0.004020, loss: 3.0044, eta: 9:29:42, time: 110.9894
it: 51400/80000, lr: 0.004008, loss: 2.9870, eta: 9:27:41, time: 117.3214
it: 51500/80000, lr: 0.003995, loss: 3.0549, eta: 9:25:38, time: 111.3610
it: 51600/80000, lr: 0.003982, loss: 3.1087, eta: 9:23:35, time: 111.0003
it: 51700/80000, lr: 0.003970, loss: 2.9877, eta: 9:21:31, time: 111.0017
it: 51800/80000, lr: 0.003957, loss: 2.9995, eta: 9:19:31, time: 117.0083
it: 51900/80000, lr: 0.003944, loss: 2.9966, eta: 9:17:28, time: 111.5287
it: 52000/80000, lr: 0.003932, loss: 3.0167, eta: 9:15:25, time: 111.1637
it: 52100/80000, lr: 0.003919, loss: 2.9447, eta: 9:13:24, time: 116.3661
it: 52200/80000, lr: 0.003907, loss: 3.0797, eta: 9:11:21, time: 110.8530
it: 52300/80000, lr: 0.003894, loss: 2.9744, eta: 9:09:18, time: 111.1146
it: 52400/80000, lr: 0.003881, loss: 3.0943, eta: 9:07:14, time: 111.1029
it: 52500/80000, lr: 0.003869, loss: 3.0138, eta: 9:05:14, time: 115.8988
it: 52600/80000, lr: 0.003856, loss: 3.0045, eta: 9:03:11, time: 111.1489
it: 52700/80000, lr: 0.003843, loss: 2.9469, eta: 9:01:08, time: 110.8651
it: 52800/80000, lr: 0.003831, loss: 3.0085, eta: 8:59:05, time: 111.0078
it: 52900/80000, lr: 0.003818, loss: 2.9760, eta: 8:57:05, time: 116.8162
it: 53000/80000, lr: 0.003805, loss: 3.0067, eta: 8:55:02, time: 110.8152
it: 53100/80000, lr: 0.003793, loss: 3.0425, eta: 8:52:59, time: 110.9139
it: 53200/80000, lr: 0.003780, loss: 2.9324, eta: 8:50:59, time: 117.3923
it: 53300/80000, lr: 0.003767, loss: 2.9519, eta: 8:48:56, time: 110.1557
it: 53400/80000, lr: 0.003754, loss: 3.0031, eta: 8:46:53, time: 110.7222
it: 53500/80000, lr: 0.003742, loss: 2.9900, eta: 8:44:50, time: 111.0152
it: 53600/80000, lr: 0.003729, loss: 2.9834, eta: 8:42:51, time: 117.6097
it: 53700/80000, lr: 0.003716, loss: 2.9837, eta: 8:40:48, time: 111.2301
it: 53800/80000, lr: 0.003704, loss: 2.9894, eta: 8:38:46, time: 111.5436
it: 53900/80000, lr: 0.003691, loss: 2.9391, eta: 8:36:44, time: 111.3185
it: 54000/80000, lr: 0.003678, loss: 2.9681, eta: 8:34:44, time: 117.1538
it: 54100/80000, lr: 0.003665, loss: 2.9950, eta: 8:32:42, time: 111.1798
it: 54200/80000, lr: 0.003653, loss: 2.9452, eta: 8:30:39, time: 111.1328
it: 54300/80000, lr: 0.003640, loss: 2.9328, eta: 8:28:37, time: 110.8877
it: 54400/80000, lr: 0.003627, loss: 2.9172, eta: 8:26:37, time: 116.8503
it: 54500/80000, lr: 0.003614, loss: 2.9226, eta: 8:24:35, time: 110.6335
it: 54600/80000, lr: 0.003602, loss: 3.0820, eta: 8:22:32, time: 111.0995
it: 54700/80000, lr: 0.003589, loss: 3.0317, eta: 8:20:33, time: 117.4231
it: 54800/80000, lr: 0.003576, loss: 2.9954, eta: 8:18:31, time: 111.5483
it: 54900/80000, lr: 0.003563, loss: 2.9745, eta: 8:16:30, time: 114.1016
it: 55000/80000, lr: 0.003551, loss: 2.9572, eta: 8:14:30, time: 115.6989
it: 55100/80000, lr: 0.003538, loss: 2.9894, eta: 8:12:32, time: 120.2469
it: 55200/80000, lr: 0.003525, loss: 2.9889, eta: 8:10:31, time: 113.5897
it: 55300/80000, lr: 0.003512, loss: 2.9478, eta: 8:08:30, time: 113.0136
it: 55400/80000, lr: 0.003499, loss: 2.9223, eta: 8:06:29, time: 112.4451
it: 55500/80000, lr: 0.003487, loss: 3.0125, eta: 8:04:30, time: 118.2605
it: 55600/80000, lr: 0.003474, loss: 2.9694, eta: 8:02:28, time: 111.9999
it: 55700/80000, lr: 0.003461, loss: 2.9933, eta: 8:00:27, time: 112.7964
it: 55800/80000, lr: 0.003448, loss: 3.0051, eta: 7:58:26, time: 113.7495
it: 55900/80000, lr: 0.003435, loss: 2.9231, eta: 7:56:29, time: 121.1504
it: 56000/80000, lr: 0.003422, loss: 2.9121, eta: 7:54:29, time: 115.1316
it: 56100/80000, lr: 0.003410, loss: 2.9724, eta: 7:52:28, time: 114.4827
it: 56200/80000, lr: 0.003397, loss: 3.0298, eta: 7:50:31, time: 120.7563
it: 56300/80000, lr: 0.003384, loss: 2.9002, eta: 7:48:30, time: 112.9894
it: 56400/80000, lr: 0.003371, loss: 2.9983, eta: 7:46:29, time: 113.6997
it: 56500/80000, lr: 0.003358, loss: 3.0475, eta: 7:44:28, time: 113.9513
it: 56600/80000, lr: 0.003345, loss: 2.9592, eta: 7:42:30, time: 120.2592
it: 56700/80000, lr: 0.003333, loss: 3.0431, eta: 7:40:30, time: 113.7104
it: 56800/80000, lr: 0.003320, loss: 3.0261, eta: 7:38:30, time: 114.3365
it: 56900/80000, lr: 0.003307, loss: 3.0173, eta: 7:36:29, time: 113.5717
it: 57000/80000, lr: 0.003294, loss: 2.9504, eta: 7:34:31, time: 120.8283
it: 57100/80000, lr: 0.003281, loss: 2.9400, eta: 7:32:31, time: 113.7317
it: 57200/80000, lr: 0.003268, loss: 2.9759, eta: 7:30:30, time: 114.1934
it: 57300/80000, lr: 0.003255, loss: 2.9453, eta: 7:28:33, time: 120.8688
it: 57400/80000, lr: 0.003242, loss: 3.0224, eta: 7:26:32, time: 113.2184
it: 57500/80000, lr: 0.003229, loss: 2.9080, eta: 7:24:32, time: 114.2932
it: 57600/80000, lr: 0.003216, loss: 2.9511, eta: 7:22:32, time: 113.9485
it: 57700/80000, lr: 0.003204, loss: 3.0402, eta: 7:20:34, time: 120.3186
it: 57800/80000, lr: 0.003191, loss: 2.9318, eta: 7:18:33, time: 113.3700
it: 57900/80000, lr: 0.003178, loss: 2.9788, eta: 7:16:33, time: 113.7212
it: 58000/80000, lr: 0.003165, loss: 2.9364, eta: 7:14:32, time: 112.8848
it: 58100/80000, lr: 0.003152, loss: 2.9390, eta: 7:12:34, time: 118.4723
it: 58200/80000, lr: 0.003139, loss: 2.9322, eta: 7:10:33, time: 112.8412
it: 58300/80000, lr: 0.003126, loss: 2.9982, eta: 7:08:32, time: 112.5482
it: 58400/80000, lr: 0.003113, loss: 2.9977, eta: 7:06:31, time: 111.0999
it: 58500/80000, lr: 0.003100, loss: 2.9458, eta: 7:04:32, time: 116.2771
it: 58600/80000, lr: 0.003087, loss: 2.9751, eta: 7:02:31, time: 111.4760
it: 58700/80000, lr: 0.003074, loss: 2.9325, eta: 7:00:30, time: 111.4035
it: 58800/80000, lr: 0.003061, loss: 3.0240, eta: 6:58:31, time: 117.9663
it: 58900/80000, lr: 0.003048, loss: 2.9766, eta: 6:56:30, time: 111.4375
it: 59000/80000, lr: 0.003035, loss: 2.9368, eta: 6:54:29, time: 111.1204
it: 59100/80000, lr: 0.003022, loss: 2.8951, eta: 6:52:28, time: 111.2271
it: 59200/80000, lr: 0.003009, loss: 2.9503, eta: 6:50:29, time: 117.0413
it: 59300/80000, lr: 0.002996, loss: 2.9006, eta: 6:48:29, time: 111.8103
it: 59400/80000, lr: 0.002983, loss: 2.9168, eta: 6:46:28, time: 111.5420
it: 59500/80000, lr: 0.002970, loss: 2.9318, eta: 6:44:27, time: 111.5560
it: 59600/80000, lr: 0.002957, loss: 2.9443, eta: 6:42:29, time: 117.7638
it: 59700/80000, lr: 0.002944, loss: 2.9574, eta: 6:40:28, time: 112.4726
it: 59800/80000, lr: 0.002931, loss: 2.9032, eta: 6:38:28, time: 112.3880
it: 59900/80000, lr: 0.002918, loss: 2.9159, eta: 6:36:30, time: 119.3681
it: 60000/80000, lr: 0.002905, loss: 2.9708, eta: 6:34:29, time: 111.7726
it: 60100/80000, lr: 0.002891, loss: 2.8871, eta: 6:32:29, time: 112.6140
it: 60200/80000, lr: 0.002878, loss: 2.9143, eta: 6:30:29, time: 112.9731
it: 60300/80000, lr: 0.002865, loss: 2.8746, eta: 6:28:31, time: 119.7448
it: 60400/80000, lr: 0.002852, loss: 2.8939, eta: 6:26:31, time: 112.1917
it: 60500/80000, lr: 0.002839, loss: 2.8758, eta: 6:24:31, time: 112.8533
it: 60600/80000, lr: 0.002826, loss: 2.9832, eta: 6:22:31, time: 112.6724
it: 60700/80000, lr: 0.002813, loss: 2.8857, eta: 6:20:33, time: 119.7121
it: 60800/80000, lr: 0.002800, loss: 2.8903, eta: 6:18:33, time: 112.4967
it: 60900/80000, lr: 0.002787, loss: 2.9036, eta: 6:16:33, time: 112.9310
it: 61000/80000, lr: 0.002774, loss: 2.9613, eta: 6:14:33, time: 112.4642
it: 61100/80000, lr: 0.002760, loss: 2.9376, eta: 6:12:34, time: 119.0288
it: 61200/80000, lr: 0.002747, loss: 2.9989, eta: 6:10:34, time: 112.6127
it: 61300/80000, lr: 0.002734, loss: 3.0439, eta: 6:08:34, time: 112.4283
it: 61400/80000, lr: 0.002721, loss: 2.9808, eta: 6:06:37, time: 120.3197
it: 61500/80000, lr: 0.002708, loss: 2.9224, eta: 6:04:37, time: 112.0466
it: 61600/80000, lr: 0.002695, loss: 2.9182, eta: 6:02:37, time: 112.2552
it: 61700/80000, lr: 0.002681, loss: 2.9138, eta: 6:00:37, time: 111.9018
it: 61800/80000, lr: 0.002668, loss: 2.8610, eta: 5:58:39, time: 119.2908
it: 61900/80000, lr: 0.002655, loss: 2.9289, eta: 5:56:39, time: 111.9300
it: 62000/80000, lr: 0.002642, loss: 2.9141, eta: 5:54:38, time: 111.7955
it: 62100/80000, lr: 0.002629, loss: 2.8891, eta: 5:52:38, time: 111.9173
it: 62200/80000, lr: 0.002615, loss: 2.9167, eta: 5:50:41, time: 120.1522
it: 62300/80000, lr: 0.002602, loss: 2.9511, eta: 5:48:41, time: 112.2909
it: 62400/80000, lr: 0.002589, loss: 2.9038, eta: 5:46:41, time: 112.4875
it: 62500/80000, lr: 0.002576, loss: 2.9292, eta: 5:44:43, time: 118.6509
it: 62600/80000, lr: 0.002562, loss: 2.8849, eta: 5:42:43, time: 111.2828
it: 62700/80000, lr: 0.002549, loss: 2.9220, eta: 5:40:43, time: 111.8508
it: 62800/80000, lr: 0.002536, loss: 2.9652, eta: 5:38:43, time: 111.7844
it: 62900/80000, lr: 0.002523, loss: 2.8888, eta: 5:36:45, time: 117.4037
it: 63000/80000, lr: 0.002509, loss: 2.8604, eta: 5:34:45, time: 111.6379
it: 63100/80000, lr: 0.002496, loss: 2.9430, eta: 5:32:45, time: 112.1472
it: 63200/80000, lr: 0.002483, loss: 2.9445, eta: 5:30:45, time: 111.4798
it: 63300/80000, lr: 0.002469, loss: 2.9586, eta: 5:28:47, time: 117.9500
it: 63400/80000, lr: 0.002456, loss: 2.8863, eta: 5:26:47, time: 111.5254
it: 63500/80000, lr: 0.002443, loss: 2.9170, eta: 5:24:47, time: 111.4893
it: 63600/80000, lr: 0.002430, loss: 2.9140, eta: 5:22:48, time: 111.5642
it: 63700/80000, lr: 0.002416, loss: 2.8843, eta: 5:20:49, time: 117.8858
it: 63800/80000, lr: 0.002403, loss: 2.8999, eta: 5:18:50, time: 111.7297
it: 63900/80000, lr: 0.002389, loss: 2.8504, eta: 5:16:50, time: 112.0354
it: 64000/80000, lr: 0.002376, loss: 2.8563, eta: 5:14:52, time: 118.7918
it: 64100/80000, lr: 0.002363, loss: 2.9130, eta: 5:12:52, time: 111.3638
it: 64200/80000, lr: 0.002349, loss: 2.9242, eta: 5:10:53, time: 111.7617
it: 64300/80000, lr: 0.002336, loss: 2.8717, eta: 5:08:53, time: 111.8970
it: 64400/80000, lr: 0.002323, loss: 2.9250, eta: 5:06:55, time: 117.3620
it: 64500/80000, lr: 0.002309, loss: 2.8874, eta: 5:04:56, time: 112.3117
it: 64600/80000, lr: 0.002296, loss: 2.9728, eta: 5:02:56, time: 111.9627
it: 64700/80000, lr: 0.002282, loss: 2.8772, eta: 5:00:57, time: 111.8695
it: 64800/80000, lr: 0.002269, loss: 2.8671, eta: 4:58:59, time: 117.4387
it: 64900/80000, lr: 0.002255, loss: 2.8913, eta: 4:56:59, time: 111.4401
it: 65000/80000, lr: 0.002242, loss: 2.8396, eta: 4:55:00, time: 111.7954
it: 65100/80000, lr: 0.002229, loss: 2.8342, eta: 4:53:00, time: 111.1077
it: 65200/80000, lr: 0.002215, loss: 2.8702, eta: 4:51:02, time: 117.1140
it: 65300/80000, lr: 0.002202, loss: 2.8552, eta: 4:49:03, time: 112.1467
it: 65400/80000, lr: 0.002188, loss: 2.8290, eta: 4:47:03, time: 111.9973
it: 65500/80000, lr: 0.002175, loss: 2.9135, eta: 4:45:06, time: 119.1314
it: 65600/80000, lr: 0.002161, loss: 2.8506, eta: 4:43:06, time: 111.7164
it: 65700/80000, lr: 0.002148, loss: 2.8667, eta: 4:41:07, time: 112.2810
it: 65800/80000, lr: 0.002134, loss: 2.8737, eta: 4:39:08, time: 112.1641
it: 65900/80000, lr: 0.002121, loss: 2.8745, eta: 4:37:10, time: 118.4165
it: 66000/80000, lr: 0.002107, loss: 2.8635, eta: 4:35:11, time: 112.3690
it: 66100/80000, lr: 0.002094, loss: 2.8275, eta: 4:33:12, time: 112.1763
it: 66200/80000, lr: 0.002080, loss: 2.8254, eta: 4:31:13, time: 111.8315
it: 66300/80000, lr: 0.002066, loss: 2.8547, eta: 4:29:15, time: 118.0498
it: 66400/80000, lr: 0.002053, loss: 2.8534, eta: 4:27:16, time: 111.9745
it: 66500/80000, lr: 0.002039, loss: 2.8643, eta: 4:25:16, time: 111.4774
it: 66600/80000, lr: 0.002026, loss: 2.8643, eta: 4:23:18, time: 117.2885
it: 66700/80000, lr: 0.002012, loss: 2.8868, eta: 4:21:19, time: 111.6496
it: 66800/80000, lr: 0.001998, loss: 2.8570, eta: 4:19:20, time: 112.0591
it: 66900/80000, lr: 0.001985, loss: 2.8350, eta: 4:17:21, time: 111.9001
it: 67000/80000, lr: 0.001971, loss: 2.8640, eta: 4:15:23, time: 117.1940
it: 67100/80000, lr: 0.001957, loss: 2.7700, eta: 4:13:24, time: 112.1578
it: 67200/80000, lr: 0.001944, loss: 2.8397, eta: 4:11:25, time: 112.3999
it: 67300/80000, lr: 0.001930, loss: 2.8658, eta: 4:09:26, time: 111.9513
it: 67400/80000, lr: 0.001916, loss: 2.9201, eta: 4:07:28, time: 118.1460
it: 67500/80000, lr: 0.001903, loss: 2.8458, eta: 4:05:30, time: 112.8309
it: 67600/80000, lr: 0.001889, loss: 2.8479, eta: 4:03:31, time: 112.3372
it: 67700/80000, lr: 0.001875, loss: 2.7899, eta: 4:01:32, time: 112.2288
it: 67800/80000, lr: 0.001862, loss: 2.8569, eta: 3:59:34, time: 117.7434
it: 67900/80000, lr: 0.001848, loss: 2.8826, eta: 3:57:35, time: 112.5059
it: 68000/80000, lr: 0.001834, loss: 2.8374, eta: 3:55:37, time: 112.0997
it: 68100/80000, lr: 0.001820, loss: 2.8474, eta: 3:53:39, time: 117.0620
it: 68200/80000, lr: 0.001807, loss: 2.8682, eta: 3:51:40, time: 111.9206
it: 68300/80000, lr: 0.001793, loss: 2.8232, eta: 3:49:41, time: 112.3750
it: 68400/80000, lr: 0.001779, loss: 2.8518, eta: 3:47:42, time: 112.0607
it: 68500/80000, lr: 0.001765, loss: 2.8274, eta: 3:45:45, time: 117.5825
it: 68600/80000, lr: 0.001751, loss: 2.7809, eta: 3:43:46, time: 112.4302
it: 68700/80000, lr: 0.001738, loss: 2.8177, eta: 3:41:47, time: 112.4335
it: 68800/80000, lr: 0.001724, loss: 2.8281, eta: 3:39:49, time: 112.0331
it: 68900/80000, lr: 0.001710, loss: 2.8408, eta: 3:37:51, time: 116.7479
it: 69000/80000, lr: 0.001696, loss: 2.8802, eta: 3:35:52, time: 111.9680
it: 69100/80000, lr: 0.001682, loss: 2.7977, eta: 3:33:53, time: 112.0006
it: 69200/80000, lr: 0.001668, loss: 2.8104, eta: 3:31:56, time: 118.3368
it: 69300/80000, lr: 0.001654, loss: 2.8045, eta: 3:29:57, time: 110.9233
it: 69400/80000, lr: 0.001640, loss: 2.8008, eta: 3:27:58, time: 111.7456
it: 69500/80000, lr: 0.001626, loss: 2.7802, eta: 3:26:00, time: 111.9209
it: 69600/80000, lr: 0.001613, loss: 2.7626, eta: 3:24:02, time: 116.7406
it: 69700/80000, lr: 0.001599, loss: 2.8572, eta: 3:22:03, time: 112.0337
it: 69800/80000, lr: 0.001585, loss: 2.7908, eta: 3:20:05, time: 111.7616
it: 69900/80000, lr: 0.001571, loss: 2.8317, eta: 3:18:06, time: 111.9688
it: 70000/80000, lr: 0.001557, loss: 2.8270, eta: 3:16:09, time: 117.2538
it: 70100/80000, lr: 0.001543, loss: 2.8302, eta: 3:14:10, time: 112.3093
it: 70200/80000, lr: 0.001529, loss: 2.8161, eta: 3:12:12, time: 112.1721
training done, model saved to: ./nn2/model_70200.pth
it: 70300/80000, lr: 0.001515, loss: 2.7752, eta: 3:10:15, time: 123.2049
it: 70400/80000, lr: 0.001500, loss: 2.9114, eta: 3:08:18, time: 127.8495
training done, model saved to: ./nn2/model_70400.pth
it: 70500/80000, lr: 0.001486, loss: 2.8130, eta: 3:06:20, time: 112.5205
it: 70600/80000, lr: 0.001472, loss: 2.8109, eta: 3:04:22, time: 111.5811
training done, model saved to: ./nn2/model_70600.pth
it: 70700/80000, lr: 0.001458, loss: 2.8135, eta: 3:02:24, time: 117.5839
it: 70800/80000, lr: 0.001444, loss: 2.8151, eta: 3:00:25, time: 111.3854
training done, model saved to: ./nn2/model_70800.pth
it: 70900/80000, lr: 0.001430, loss: 2.8922, eta: 2:58:27, time: 112.6850
it: 71000/80000, lr: 0.001416, loss: 2.8185, eta: 2:56:29, time: 111.9801
training done, model saved to: ./nn2/model_71000.pth
it: 71100/80000, lr: 0.001402, loss: 2.7694, eta: 2:54:31, time: 118.0121
it: 71200/80000, lr: 0.001387, loss: 2.8089, eta: 2:52:33, time: 111.3806
training done, model saved to: ./nn2/model_71200.pth
it: 71300/80000, lr: 0.001373, loss: 2.7766, eta: 2:50:34, time: 111.4578
it: 71400/80000, lr: 0.001359, loss: 2.8114, eta: 2:48:36, time: 111.2546
training done, model saved to: ./nn2/model_71400.pth
it: 71500/80000, lr: 0.001345, loss: 2.7525, eta: 2:46:38, time: 117.3064
it: 71600/80000, lr: 0.001331, loss: 2.8157, eta: 2:44:40, time: 111.0068
training done, model saved to: ./nn2/model_71600.pth
it: 71700/80000, lr: 0.001316, loss: 2.8056, eta: 2:42:42, time: 111.7057
it: 71800/80000, lr: 0.001302, loss: 2.7512, eta: 2:40:44, time: 118.1641
training done, model saved to: ./nn2/model_71800.pth
it: 71900/80000, lr: 0.001288, loss: 2.7393, eta: 2:38:46, time: 111.3261
it: 72000/80000, lr: 0.001273, loss: 2.7834, eta: 2:36:47, time: 111.2444
training done, model saved to: ./nn2/model_72000.pth
it: 72100/80000, lr: 0.001259, loss: 2.7678, eta: 2:34:49, time: 111.7213
it: 72200/80000, lr: 0.001245, loss: 2.8075, eta: 2:32:52, time: 117.5106
training done, model saved to: ./nn2/model_72200.pth
it: 72300/80000, lr: 0.001230, loss: 2.7890, eta: 2:30:53, time: 111.4511
it: 72400/80000, lr: 0.001216, loss: 2.7590, eta: 2:28:55, time: 111.2238
training done, model saved to: ./nn2/model_72400.pth
it: 72500/80000, lr: 0.001202, loss: 2.8062, eta: 2:26:57, time: 112.0546
it: 72600/80000, lr: 0.001187, loss: 2.7940, eta: 2:25:00, time: 117.3972
training done, model saved to: ./nn2/model_72600.pth
it: 72700/80000, lr: 0.001173, loss: 2.7875, eta: 2:23:01, time: 111.9329
it: 72800/80000, lr: 0.001158, loss: 2.7601, eta: 2:21:03, time: 111.2416
training done, model saved to: ./nn2/model_72800.pth
it: 72900/80000, lr: 0.001144, loss: 2.7769, eta: 2:19:05, time: 111.8140
it: 73000/80000, lr: 0.001129, loss: 2.8208, eta: 2:17:08, time: 117.1166
training done, model saved to: ./nn2/model_73000.pth
it: 73100/80000, lr: 0.001115, loss: 2.7341, eta: 2:15:10, time: 111.9090
it: 73200/80000, lr: 0.001100, loss: 2.8360, eta: 2:13:11, time: 111.5453
training done, model saved to: ./nn2/model_73200.pth
it: 73300/80000, lr: 0.001086, loss: 2.7378, eta: 2:11:14, time: 117.1268
it: 73400/80000, lr: 0.001071, loss: 2.7818, eta: 2:09:16, time: 111.0453
training done, model saved to: ./nn2/model_73400.pth
it: 73500/80000, lr: 0.001056, loss: 2.7944, eta: 2:07:18, time: 112.7991
it: 73600/80000, lr: 0.001042, loss: 2.7428, eta: 2:05:20, time: 113.2410
training done, model saved to: ./nn2/model_73600.pth
it: 73700/80000, lr: 0.001027, loss: 2.7649, eta: 2:03:23, time: 121.2569
it: 73800/80000, lr: 0.001012, loss: 2.7577, eta: 2:01:25, time: 113.7348
training done, model saved to: ./nn2/model_73800.pth
it: 73900/80000, lr: 0.000998, loss: 2.7271, eta: 1:59:27, time: 113.5519
it: 74000/80000, lr: 0.000983, loss: 2.7618, eta: 1:57:29, time: 113.2087
training done, model saved to: ./nn2/model_74000.pth
it: 74100/80000, lr: 0.000968, loss: 2.7330, eta: 1:55:32, time: 120.8803
it: 74200/80000, lr: 0.000953, loss: 2.8269, eta: 1:53:34, time: 113.5926
training done, model saved to: ./nn2/model_74200.pth
it: 74300/80000, lr: 0.000939, loss: 2.7653, eta: 1:51:37, time: 114.0903
it: 74400/80000, lr: 0.000924, loss: 2.7418, eta: 1:49:39, time: 113.0416
training done, model saved to: ./nn2/model_74400.pth
it: 74500/80000, lr: 0.000909, loss: 2.7149, eta: 1:47:42, time: 121.6591
it: 74600/80000, lr: 0.000894, loss: 2.7466, eta: 1:45:44, time: 114.0788
training done, model saved to: ./nn2/model_74600.pth
it: 74700/80000, lr: 0.000879, loss: 2.7345, eta: 1:43:46, time: 114.0897
it: 74800/80000, lr: 0.000864, loss: 2.7445, eta: 1:41:49, time: 119.8152
training done, model saved to: ./nn2/model_74800.pth
it: 74900/80000, lr: 0.000849, loss: 2.7292, eta: 1:39:51, time: 114.4031
it: 75000/80000, lr: 0.000834, loss: 2.7534, eta: 1:37:54, time: 113.0613
training done, model saved to: ./nn2/model_75000.pth
it: 75100/80000, lr: 0.000819, loss: 2.7414, eta: 1:35:56, time: 113.0109
it: 75200/80000, lr: 0.000804, loss: 2.7380, eta: 1:33:59, time: 121.7093
training done, model saved to: ./nn2/model_75200.pth
it: 75300/80000, lr: 0.000789, loss: 2.7630, eta: 1:32:01, time: 114.1968
it: 75400/80000, lr: 0.000774, loss: 2.7357, eta: 1:30:03, time: 113.6253
training done, model saved to: ./nn2/model_75400.pth
it: 75500/80000, lr: 0.000759, loss: 2.6927, eta: 1:28:06, time: 113.9475
it: 75600/80000, lr: 0.000744, loss: 2.7202, eta: 1:26:08, time: 118.7268
training done, model saved to: ./nn2/model_75600.pth
it: 75700/80000, lr: 0.000728, loss: 2.7704, eta: 1:24:11, time: 113.2221
it: 75800/80000, lr: 0.000713, loss: 2.7212, eta: 1:22:13, time: 112.7035
training done, model saved to: ./nn2/model_75800.pth
it: 75900/80000, lr: 0.000698, loss: 2.7518, eta: 1:20:16, time: 119.4429
it: 76000/80000, lr: 0.000682, loss: 2.7180, eta: 1:18:18, time: 112.3500
training done, model saved to: ./nn2/model_76000.pth
it: 76100/80000, lr: 0.000667, loss: 2.7148, eta: 1:16:20, time: 114.3868
it: 76200/80000, lr: 0.000652, loss: 2.7275, eta: 1:14:23, time: 113.6829
training done, model saved to: ./nn2/model_76200.pth
it: 76300/80000, lr: 0.000636, loss: 2.7125, eta: 1:12:25, time: 120.7324
it: 76400/80000, lr: 0.000621, loss: 2.6942, eta: 1:10:28, time: 113.5542
training done, model saved to: ./nn2/model_76400.pth
it: 76500/80000, lr: 0.000605, loss: 2.7286, eta: 1:08:30, time: 114.1095
it: 76600/80000, lr: 0.000590, loss: 2.7521, eta: 1:06:33, time: 113.5457
training done, model saved to: ./nn2/model_76600.pth
it: 76700/80000, lr: 0.000574, loss: 2.7160, eta: 1:04:35, time: 120.9290
it: 76800/80000, lr: 0.000558, loss: 2.7443, eta: 1:02:38, time: 113.7860
training done, model saved to: ./nn2/model_76800.pth
it: 76900/80000, lr: 0.000543, loss: 2.7119, eta: 1:00:40, time: 113.5651
it: 77000/80000, lr: 0.000527, loss: 2.7216, eta: 0:58:43, time: 113.1776
training done, model saved to: ./nn2/model_77000.pth
it: 77100/80000, lr: 0.000511, loss: 2.8008, eta: 0:56:45, time: 121.3297
it: 77200/80000, lr: 0.000495, loss: 2.7244, eta: 0:54:48, time: 113.6161
training done, model saved to: ./nn2/model_77200.pth
it: 77300/80000, lr: 0.000479, loss: 2.7040, eta: 0:52:50, time: 113.7041
it: 77400/80000, lr: 0.000463, loss: 2.7100, eta: 0:50:53, time: 120.4959
training done, model saved to: ./nn2/model_77400.pth
it: 77500/80000, lr: 0.000447, loss: 2.7390, eta: 0:48:55, time: 113.0847
it: 77600/80000, lr: 0.000431, loss: 2.7569, eta: 0:46:58, time: 113.0393
training done, model saved to: ./nn2/model_77600.pth
it: 77700/80000, lr: 0.000415, loss: 2.7547, eta: 0:45:00, time: 113.6162
it: 77800/80000, lr: 0.000399, loss: 2.6890, eta: 0:43:03, time: 120.6603
training done, model saved to: ./nn2/model_77800.pth
it: 77900/80000, lr: 0.000382, loss: 2.7225, eta: 0:41:06, time: 114.4937
it: 78000/80000, lr: 0.000366, loss: 2.6989, eta: 0:39:08, time: 113.7160
training done, model saved to: ./nn2/model_78000.pth
it: 78100/80000, lr: 0.000349, loss: 2.7206, eta: 0:37:11, time: 113.9305
it: 78200/80000, lr: 0.000333, loss: 2.6937, eta: 0:35:13, time: 120.5106
training done, model saved to: ./nn2/model_78200.pth
it: 78300/80000, lr: 0.000316, loss: 2.7309, eta: 0:33:16, time: 113.3441
it: 78400/80000, lr: 0.000299, loss: 2.7401, eta: 0:31:19, time: 112.9891
training done, model saved to: ./nn2/model_78400.pth
it: 78500/80000, lr: 0.000282, loss: 2.7418, eta: 0:29:21, time: 119.7754
it: 78600/80000, lr: 0.000265, loss: 2.6854, eta: 0:27:24, time: 112.2335
training done, model saved to: ./nn2/model_78600.pth
it: 78700/80000, lr: 0.000248, loss: 2.6713, eta: 0:25:26, time: 114.1213
it: 78800/80000, lr: 0.000231, loss: 2.6632, eta: 0:23:29, time: 113.4034
training done, model saved to: ./nn2/model_78800.pth
it: 78900/80000, lr: 0.000214, loss: 2.7808, eta: 0:21:32, time: 120.7514
it: 79000/80000, lr: 0.000196, loss: 2.7327, eta: 0:19:34, time: 113.5276
training done, model saved to: ./nn2/model_79000.pth
it: 79100/80000, lr: 0.000178, loss: 2.7161, eta: 0:17:37, time: 113.5720
it: 79200/80000, lr: 0.000160, loss: 2.7065, eta: 0:15:39, time: 113.2779
training done, model saved to: ./nn2/model_79200.pth
it: 79300/80000, lr: 0.000142, loss: 2.6593, eta: 0:13:42, time: 120.8537
it: 79400/80000, lr: 0.000124, loss: 2.6892, eta: 0:11:45, time: 112.9975
training done, model saved to: ./nn2/model_79400.pth
it: 79500/80000, lr: 0.000105, loss: 2.6836, eta: 0:09:47, time: 114.1085
it: 79600/80000, lr: 0.000086, loss: 2.7214, eta: 0:07:50, time: 113.5761
training done, model saved to: ./nn2/model_79600.pth
it: 79700/80000, lr: 0.000067, loss: 2.6990, eta: 0:05:53, time: 120.5870
it: 79800/80000, lr: 0.000046, loss: 2.6378, eta: 0:03:55, time: 113.1111
training done, model saved to: ./nn2/model_79800.pth
it: 79900/80000, lr: 0.000025, loss: 2.6912, eta: 0:01:58, time: 113.9020
it: 80000/80000, lr: 0.000000, loss: 2.6648, eta: 0:00:01, time: 121.0829
training done, model saved to: ./nn2/model_final_nn2.pth
