------------train
------------train
1
0
it: 100/80000, lr: 0.000020, loss: 9.4996, eta: 1 day, 4:59:53, time: 129.3467
it: 200/80000, lr: 0.000040, loss: 8.7519, eta: 1 day, 4:25:34, time: 125.8441
it: 300/80000, lr: 0.000079, loss: 7.6742, eta: 1 day, 3:34:30, time: 117.2241
it: 400/80000, lr: 0.000157, loss: 6.2391, eta: 1 day, 3:29:00, time: 123.5225
it: 500/80000, lr: 0.000314, loss: 4.7420, eta: 1 day, 3:02:52, time: 115.2350
it: 600/80000, lr: 0.000627, loss: 4.3155, eta: 1 day, 2:45:05, time: 115.3511
it: 700/80000, lr: 0.001250, loss: 4.4847, eta: 1 day, 2:30:17, time: 114.5335
it: 800/80000, lr: 0.002495, loss: 4.2218, eta: 1 day, 2:29:02, time: 120.7791
it: 900/80000, lr: 0.004977, loss: 3.9261, eta: 1 day, 2:18:08, time: 114.3198
it: 1000/80000, lr: 0.009931, loss: 4.0477, eta: 1 day, 2:08:18, time: 113.7632
==> warmup done, start to implement poly lr strategy
==> warmup done, start to implement poly lr strategy
it: 1100/80000, lr: 0.009989, loss: 4.0768, eta: 1 day, 1:59:08, time: 113.0980
it: 1200/80000, lr: 0.009977, loss: 3.8962, eta: 1 day, 1:58:52, time: 120.1260
it: 1300/80000, lr: 0.009966, loss: 3.7395, eta: 1 day, 1:54:16, time: 116.1046
it: 1400/80000, lr: 0.009955, loss: 3.7814, eta: 1 day, 1:51:39, time: 117.8053
it: 1500/80000, lr: 0.009943, loss: 3.7051, eta: 1 day, 1:57:49, time: 127.7693
it: 1600/80000, lr: 0.009932, loss: 3.8644, eta: 1 day, 1:53:19, time: 116.0006
it: 1700/80000, lr: 0.009920, loss: 3.6207, eta: 1 day, 1:52:32, time: 120.4382
it: 1800/80000, lr: 0.009909, loss: 3.6393, eta: 1 day, 1:49:56, time: 118.1166
it: 1900/80000, lr: 0.009898, loss: 3.5349, eta: 1 day, 2:01:48, time: 139.1058
it: 2000/80000, lr: 0.009886, loss: 3.5959, eta: 1 day, 2:06:04, time: 129.6168
it: 2100/80000, lr: 0.009875, loss: 3.7300, eta: 1 day, 2:15:32, time: 139.0179
it: 2200/80000, lr: 0.009863, loss: 3.5434, eta: 1 day, 2:19:15, time: 131.0876
it: 2300/80000, lr: 0.009852, loss: 3.6450, eta: 1 day, 2:24:23, time: 134.5054
it: 2400/80000, lr: 0.009840, loss: 3.6227, eta: 1 day, 2:38:27, time: 152.2391
it: 2500/80000, lr: 0.009829, loss: 3.5650, eta: 1 day, 2:30:29, time: 112.1363
it: 2600/80000, lr: 0.009818, loss: 3.5191, eta: 1 day, 2:24:54, time: 116.0331
it: 2700/80000, lr: 0.009806, loss: 3.5878, eta: 1 day, 2:25:05, time: 127.5278
it: 2800/80000, lr: 0.009795, loss: 3.5603, eta: 1 day, 2:17:06, time: 110.1243
it: 2900/80000, lr: 0.009783, loss: 3.5817, eta: 1 day, 2:09:39, time: 110.3885
it: 3000/80000, lr: 0.009772, loss: 3.5175, eta: 1 day, 2:06:25, time: 119.3421
it: 3100/80000, lr: 0.009761, loss: 3.5027, eta: 1 day, 2:06:57, time: 128.2551
it: 3200/80000, lr: 0.009749, loss: 3.5024, eta: 1 day, 2:01:20, time: 113.3284
it: 3300/80000, lr: 0.009738, loss: 3.6326, eta: 1 day, 1:54:45, time: 110.2306
it: 3400/80000, lr: 0.009726, loss: 3.5451, eta: 1 day, 1:52:28, time: 120.9388
it: 3500/80000, lr: 0.009715, loss: 3.4149, eta: 1 day, 1:46:48, time: 111.6292
it: 3600/80000, lr: 0.009703, loss: 3.4170, eta: 1 day, 1:41:33, time: 112.1779
it: 3700/80000, lr: 0.009692, loss: 3.4699, eta: 1 day, 1:36:20, time: 111.7795
it: 3800/80000, lr: 0.009681, loss: 3.4214, eta: 1 day, 1:34:02, time: 119.9149
it: 3900/80000, lr: 0.009669, loss: 3.5088, eta: 1 day, 1:29:02, time: 111.6386
it: 4000/80000, lr: 0.009658, loss: 3.4283, eta: 1 day, 1:24:12, time: 111.6466
it: 4100/80000, lr: 0.009646, loss: 3.4370, eta: 1 day, 1:22:26, time: 121.0584
it: 4200/80000, lr: 0.009635, loss: 3.4143, eta: 1 day, 1:17:32, time: 110.7339
it: 4300/80000, lr: 0.009623, loss: 3.5063, eta: 1 day, 1:13:05, time: 111.8183
it: 4400/80000, lr: 0.009612, loss: 3.6223, eta: 1 day, 1:08:38, time: 111.3539
it: 4500/80000, lr: 0.009600, loss: 3.3703, eta: 1 day, 1:06:35, time: 119.5503
it: 4600/80000, lr: 0.009589, loss: 3.4571, eta: 1 day, 1:02:32, time: 112.1650
it: 4700/80000, lr: 0.009578, loss: 3.4237, eta: 1 day, 0:58:28, time: 111.8209
it: 4800/80000, lr: 0.009566, loss: 3.4928, eta: 1 day, 0:54:31, time: 111.9038
it: 4900/80000, lr: 0.009555, loss: 3.4187, eta: 1 day, 0:52:26, time: 118.8634
it: 5000/80000, lr: 0.009543, loss: 3.5455, eta: 1 day, 0:48:36, time: 111.8836
it: 5100/80000, lr: 0.009532, loss: 3.4451, eta: 1 day, 0:44:55, time: 112.1510
it: 5200/80000, lr: 0.009520, loss: 3.4917, eta: 1 day, 0:41:10, time: 111.5599
it: 5300/80000, lr: 0.009509, loss: 3.4671, eta: 1 day, 0:39:33, time: 120.3518
it: 5400/80000, lr: 0.009497, loss: 3.5239, eta: 1 day, 0:35:58, time: 111.8424
it: 5500/80000, lr: 0.009486, loss: 3.3371, eta: 1 day, 0:32:26, time: 111.8259
it: 5600/80000, lr: 0.009475, loss: 3.4394, eta: 1 day, 0:30:46, time: 119.9932
it: 5700/80000, lr: 0.009463, loss: 3.4239, eta: 1 day, 0:27:16, time: 111.6239
it: 5800/80000, lr: 0.009452, loss: 3.4112, eta: 1 day, 0:23:51, time: 111.7450
it: 5900/80000, lr: 0.009440, loss: 3.4399, eta: 1 day, 0:20:33, time: 112.0419
it: 6000/80000, lr: 0.009429, loss: 3.2569, eta: 1 day, 0:18:53, time: 119.6805
it: 6100/80000, lr: 0.009417, loss: 3.3509, eta: 1 day, 0:15:36, time: 111.7975
it: 6200/80000, lr: 0.009406, loss: 3.3849, eta: 1 day, 0:12:19, time: 111.5970
it: 6300/80000, lr: 0.009394, loss: 3.3644, eta: 1 day, 0:09:06, time: 111.6231
it: 6400/80000, lr: 0.009383, loss: 3.4476, eta: 1 day, 0:07:26, time: 119.5951
it: 6500/80000, lr: 0.009371, loss: 3.3515, eta: 1 day, 0:04:18, time: 111.7973
it: 6600/80000, lr: 0.009360, loss: 3.3880, eta: 1 day, 0:01:13, time: 111.8066
it: 6700/80000, lr: 0.009348, loss: 3.3500, eta: 23:59:48, time: 120.8565
it: 6800/80000, lr: 0.009337, loss: 3.4477, eta: 23:56:33, time: 110.7201
it: 6900/80000, lr: 0.009325, loss: 3.4638, eta: 23:53:29, time: 111.4206
it: 7000/80000, lr: 0.009314, loss: 3.4111, eta: 23:50:27, time: 111.5279
it: 7100/80000, lr: 0.009302, loss: 3.4610, eta: 23:49:08, time: 121.3528
it: 7200/80000, lr: 0.009291, loss: 3.4706, eta: 23:46:05, time: 111.0883
it: 7300/80000, lr: 0.009279, loss: 3.2839, eta: 23:43:03, time: 111.1213
it: 7400/80000, lr: 0.009268, loss: 3.4619, eta: 23:40:09, time: 111.6516
it: 7500/80000, lr: 0.009256, loss: 3.4633, eta: 23:38:35, time: 119.7581
it: 7600/80000, lr: 0.009245, loss: 3.3925, eta: 23:35:37, time: 111.1182
it: 7700/80000, lr: 0.009233, loss: 3.4122, eta: 23:32:47, time: 111.6073
it: 7800/80000, lr: 0.009222, loss: 3.3721, eta: 23:29:56, time: 111.4603
it: 7900/80000, lr: 0.009210, loss: 3.4427, eta: 23:28:19, time: 119.4433
it: 8000/80000, lr: 0.009199, loss: 3.3958, eta: 23:25:32, time: 111.6622
it: 8100/80000, lr: 0.009187, loss: 3.3075, eta: 23:22:44, time: 111.3605
it: 8200/80000, lr: 0.009176, loss: 3.4177, eta: 23:21:15, time: 120.2051
it: 8300/80000, lr: 0.009164, loss: 3.3660, eta: 23:18:26, time: 111.1898
it: 8400/80000, lr: 0.009153, loss: 3.4322, eta: 23:15:43, time: 111.5240
it: 8500/80000, lr: 0.009141, loss: 3.3567, eta: 23:12:58, time: 111.3091
it: 8600/80000, lr: 0.009130, loss: 3.4158, eta: 23:11:19, time: 119.0023
it: 8700/80000, lr: 0.009118, loss: 3.3194, eta: 23:08:38, time: 111.5900
it: 8800/80000, lr: 0.009107, loss: 3.3709, eta: 23:06:06, time: 112.4759
it: 8900/80000, lr: 0.009095, loss: 3.3671, eta: 23:03:35, time: 112.5469
it: 9000/80000, lr: 0.009084, loss: 3.4178, eta: 23:02:05, time: 120.1673
it: 9100/80000, lr: 0.009072, loss: 3.3399, eta: 22:59:34, time: 112.3998
it: 9200/80000, lr: 0.009061, loss: 3.3353, eta: 22:57:11, time: 113.2721
it: 9300/80000, lr: 0.009049, loss: 3.3605, eta: 22:54:43, time: 112.5987
it: 9400/80000, lr: 0.009038, loss: 3.3199, eta: 22:53:37, time: 123.4762
it: 9500/80000, lr: 0.009026, loss: 3.3908, eta: 22:51:10, time: 112.7024
it: 9600/80000, lr: 0.009015, loss: 3.3747, eta: 22:48:46, time: 112.9291
it: 9700/80000, lr: 0.009003, loss: 3.3196, eta: 22:47:14, time: 120.0137
it: 9800/80000, lr: 0.008992, loss: 3.3461, eta: 22:44:51, time: 113.0170
it: 9900/80000, lr: 0.008980, loss: 3.3809, eta: 22:42:30, time: 113.2860
it: 10000/80000, lr: 0.008969, loss: 3.3296, eta: 22:40:07, time: 112.8723
it: 10100/80000, lr: 0.008957, loss: 3.4142, eta: 22:38:42, time: 121.0289
it: 10200/80000, lr: 0.008946, loss: 3.2424, eta: 22:36:19, time: 112.7533
it: 10300/80000, lr: 0.008934, loss: 3.3255, eta: 22:33:59, time: 113.1191
it: 10400/80000, lr: 0.008923, loss: 3.2822, eta: 22:31:38, time: 113.0039
it: 10500/80000, lr: 0.008911, loss: 3.3042, eta: 22:29:51, time: 117.9875
it: 10600/80000, lr: 0.008899, loss: 3.2593, eta: 22:27:30, time: 112.8114
it: 10700/80000, lr: 0.008888, loss: 3.3364, eta: 22:25:09, time: 112.5674
it: 10800/80000, lr: 0.008876, loss: 3.3593, eta: 22:23:27, time: 118.8231
it: 10900/80000, lr: 0.008865, loss: 3.4233, eta: 22:20:58, time: 111.3134
it: 11000/80000, lr: 0.008853, loss: 3.3866, eta: 22:18:30, time: 111.4075
it: 11100/80000, lr: 0.008842, loss: 3.3527, eta: 22:16:00, time: 110.9720
it: 11200/80000, lr: 0.008830, loss: 3.2553, eta: 22:14:08, time: 116.9875
it: 11300/80000, lr: 0.008819, loss: 3.3306, eta: 22:11:39, time: 111.0470
it: 11400/80000, lr: 0.008807, loss: 3.2909, eta: 22:09:12, time: 111.1319
it: 11500/80000, lr: 0.008796, loss: 3.3364, eta: 22:06:44, time: 111.0766
it: 11600/80000, lr: 0.008784, loss: 3.4173, eta: 22:04:56, time: 117.5991
it: 11700/80000, lr: 0.008772, loss: 3.2561, eta: 22:02:30, time: 111.0147
it: 11800/80000, lr: 0.008761, loss: 3.3407, eta: 22:00:02, time: 110.7721
it: 11900/80000, lr: 0.008749, loss: 3.4439, eta: 21:57:35, time: 110.6192
it: 12000/80000, lr: 0.008738, loss: 3.2664, eta: 21:55:48, time: 117.7073
it: 12100/80000, lr: 0.008726, loss: 3.2087, eta: 21:53:23, time: 111.0406
it: 12200/80000, lr: 0.008715, loss: 3.3004, eta: 21:51:00, time: 111.1010
it: 12300/80000, lr: 0.008703, loss: 3.3230, eta: 21:49:09, time: 116.9181
it: 12400/80000, lr: 0.008691, loss: 3.3376, eta: 21:46:44, time: 110.7879
it: 12500/80000, lr: 0.008680, loss: 3.3084, eta: 21:44:21, time: 110.9672
it: 12600/80000, lr: 0.008668, loss: 3.3483, eta: 21:41:58, time: 110.7933
it: 12700/80000, lr: 0.008657, loss: 3.3854, eta: 21:40:19, time: 119.1428
it: 12800/80000, lr: 0.008645, loss: 3.2453, eta: 21:38:00, time: 111.5022
it: 12900/80000, lr: 0.008634, loss: 3.3247, eta: 21:35:37, time: 110.6452
it: 13000/80000, lr: 0.008622, loss: 3.3545, eta: 21:33:15, time: 110.9287
it: 13100/80000, lr: 0.008610, loss: 3.2342, eta: 21:31:44, time: 120.5223
it: 13200/80000, lr: 0.008599, loss: 3.3153, eta: 21:29:22, time: 110.7585
it: 13300/80000, lr: 0.008587, loss: 3.2644, eta: 21:27:00, time: 110.5514
it: 13400/80000, lr: 0.008576, loss: 3.3990, eta: 21:25:17, time: 118.3094
it: 13500/80000, lr: 0.008564, loss: 3.2726, eta: 21:22:54, time: 110.4245
it: 13600/80000, lr: 0.008552, loss: 3.2280, eta: 21:20:34, time: 110.7275
it: 13700/80000, lr: 0.008541, loss: 3.2182, eta: 21:18:15, time: 110.8854
it: 13800/80000, lr: 0.008529, loss: 3.3095, eta: 21:16:28, time: 117.4919
it: 13900/80000, lr: 0.008518, loss: 3.2447, eta: 21:14:06, time: 110.0501
it: 14000/80000, lr: 0.008506, loss: 3.2719, eta: 21:11:48, time: 111.0560
it: 14100/80000, lr: 0.008495, loss: 3.4136, eta: 21:09:30, time: 110.8549
it: 14200/80000, lr: 0.008483, loss: 3.3518, eta: 21:07:53, time: 119.4827
it: 14300/80000, lr: 0.008471, loss: 3.3160, eta: 21:05:37, time: 111.1994
it: 14400/80000, lr: 0.008460, loss: 3.3388, eta: 21:03:21, time: 111.2092
it: 14500/80000, lr: 0.008448, loss: 3.5067, eta: 21:01:01, time: 109.9943
it: 14600/80000, lr: 0.008436, loss: 3.2704, eta: 20:59:15, time: 117.6721
it: 14700/80000, lr: 0.008425, loss: 3.3408, eta: 20:56:58, time: 110.6545
it: 14800/80000, lr: 0.008413, loss: 3.3101, eta: 20:54:42, time: 110.8490
it: 14900/80000, lr: 0.008402, loss: 3.3237, eta: 20:53:01, time: 118.7544
it: 15000/80000, lr: 0.008390, loss: 3.2727, eta: 20:50:44, time: 110.5245
it: 15100/80000, lr: 0.008378, loss: 3.1859, eta: 20:48:28, time: 110.8133
it: 15200/80000, lr: 0.008367, loss: 3.3564, eta: 20:46:13, time: 110.7550
it: 15300/80000, lr: 0.008355, loss: 3.2673, eta: 20:44:20, time: 115.9468
it: 15400/80000, lr: 0.008344, loss: 3.2598, eta: 20:42:02, time: 110.0302
it: 15500/80000, lr: 0.008332, loss: 3.1869, eta: 20:39:43, time: 109.5963
it: 15600/80000, lr: 0.008320, loss: 3.1573, eta: 20:37:23, time: 109.3803
it: 15700/80000, lr: 0.008309, loss: 3.3405, eta: 20:35:28, time: 115.3808
it: 15800/80000, lr: 0.008297, loss: 3.2630, eta: 20:33:09, time: 109.3372
it: 15900/80000, lr: 0.008285, loss: 3.2497, eta: 20:30:50, time: 109.3618
it: 16000/80000, lr: 0.008274, loss: 3.3073, eta: 20:28:58, time: 116.0111
it: 16100/80000, lr: 0.008262, loss: 3.2155, eta: 20:26:39, time: 109.4122
it: 16200/80000, lr: 0.008251, loss: 3.2101, eta: 20:24:25, time: 110.3408
it: 16300/80000, lr: 0.008239, loss: 3.1956, eta: 20:22:14, time: 110.9677
it: 16400/80000, lr: 0.008227, loss: 3.1926, eta: 20:20:29, time: 117.8011
it: 16500/80000, lr: 0.008216, loss: 3.2440, eta: 20:18:15, time: 110.3328
it: 16600/80000, lr: 0.008204, loss: 3.2697, eta: 20:16:05, time: 111.1275
it: 16700/80000, lr: 0.008192, loss: 3.3306, eta: 20:13:55, time: 111.0483
it: 16800/80000, lr: 0.008181, loss: 3.2793, eta: 20:12:06, time: 116.8753
it: 16900/80000, lr: 0.008169, loss: 3.2184, eta: 20:09:56, time: 111.0666
it: 17000/80000, lr: 0.008157, loss: 3.2843, eta: 20:07:49, time: 111.7190
it: 17100/80000, lr: 0.008146, loss: 3.3277, eta: 20:05:41, time: 111.5008
it: 17200/80000, lr: 0.008134, loss: 3.2198, eta: 20:03:54, time: 117.2800
it: 17300/80000, lr: 0.008122, loss: 3.2671, eta: 20:01:48, time: 111.9204
it: 17400/80000, lr: 0.008111, loss: 3.1852, eta: 19:59:42, time: 111.9586
it: 17500/80000, lr: 0.008099, loss: 3.1977, eta: 19:57:58, time: 117.9978
it: 17600/80000, lr: 0.008087, loss: 3.1934, eta: 19:55:50, time: 111.3625
it: 17700/80000, lr: 0.008076, loss: 3.2039, eta: 19:53:45, time: 112.0732
it: 17800/80000, lr: 0.008064, loss: 3.3163, eta: 19:51:39, time: 111.9939
it: 17900/80000, lr: 0.008052, loss: 3.2799, eta: 19:50:03, time: 120.4240
it: 18000/80000, lr: 0.008041, loss: 3.2394, eta: 19:47:57, time: 111.7762
it: 18100/80000, lr: 0.008029, loss: 3.2755, eta: 19:45:52, time: 111.8921
it: 18200/80000, lr: 0.008017, loss: 3.1554, eta: 19:43:48, time: 112.2343
it: 18300/80000, lr: 0.008006, loss: 3.1890, eta: 19:42:12, time: 120.7697
it: 18400/80000, lr: 0.007994, loss: 3.1225, eta: 19:40:09, time: 112.3059
it: 18500/80000, lr: 0.007982, loss: 3.2215, eta: 19:38:05, time: 112.2372
it: 18600/80000, lr: 0.007971, loss: 3.3193, eta: 19:36:00, time: 111.9797
it: 18700/80000, lr: 0.007959, loss: 3.3109, eta: 19:34:22, time: 120.0637
it: 18800/80000, lr: 0.007947, loss: 3.2879, eta: 19:32:18, time: 112.1942
it: 18900/80000, lr: 0.007936, loss: 3.2748, eta: 19:30:13, time: 111.8649
it: 19000/80000, lr: 0.007924, loss: 3.2601, eta: 19:28:28, time: 117.8544
it: 19100/80000, lr: 0.007912, loss: 3.2383, eta: 19:26:21, time: 111.0820
it: 19200/80000, lr: 0.007901, loss: 3.2270, eta: 19:24:13, time: 111.0629
it: 19300/80000, lr: 0.007889, loss: 3.1924, eta: 19:22:07, time: 111.3404
it: 19400/80000, lr: 0.007877, loss: 3.2952, eta: 19:20:19, time: 117.0588
it: 19500/80000, lr: 0.007865, loss: 3.3471, eta: 19:18:14, time: 111.6103
it: 19600/80000, lr: 0.007854, loss: 3.2421, eta: 19:16:09, time: 111.3152
it: 19700/80000, lr: 0.007842, loss: 3.1430, eta: 19:14:01, time: 110.7318
it: 19800/80000, lr: 0.007830, loss: 3.2531, eta: 19:12:13, time: 116.9608
it: 19900/80000, lr: 0.007819, loss: 3.2252, eta: 19:10:07, time: 111.3414
it: 20000/80000, lr: 0.007807, loss: 3.2310, eta: 19:08:02, time: 111.2761
it: 20100/80000, lr: 0.007795, loss: 3.1908, eta: 19:06:20, time: 119.0373
it: 20200/80000, lr: 0.007783, loss: 3.2461, eta: 19:04:13, time: 110.8866
it: 20300/80000, lr: 0.007772, loss: 3.2126, eta: 19:02:08, time: 111.2543
it: 20400/80000, lr: 0.007760, loss: 3.2847, eta: 19:00:04, time: 111.5486
it: 20500/80000, lr: 0.007748, loss: 3.2100, eta: 18:58:23, time: 119.4390
it: 20600/80000, lr: 0.007737, loss: 3.1935, eta: 18:56:18, time: 111.4262
it: 20700/80000, lr: 0.007725, loss: 3.2892, eta: 18:54:13, time: 111.1635
it: 20800/80000, lr: 0.007713, loss: 3.3828, eta: 18:52:07, time: 110.8426
it: 20900/80000, lr: 0.007701, loss: 3.1304, eta: 18:50:25, time: 119.1680
it: 21000/80000, lr: 0.007690, loss: 3.2482, eta: 18:48:20, time: 111.2663
it: 21100/80000, lr: 0.007678, loss: 3.2111, eta: 18:46:16, time: 111.4860
it: 21200/80000, lr: 0.007666, loss: 3.1905, eta: 18:44:11, time: 110.9492
it: 21300/80000, lr: 0.007654, loss: 3.1841, eta: 18:42:31, time: 120.1786
it: 21400/80000, lr: 0.007643, loss: 3.2710, eta: 18:40:28, time: 111.4806
it: 21500/80000, lr: 0.007631, loss: 3.1639, eta: 18:38:25, time: 111.8677
it: 21600/80000, lr: 0.007619, loss: 3.2313, eta: 18:36:47, time: 120.8114
it: 21700/80000, lr: 0.007608, loss: 3.1606, eta: 18:34:43, time: 111.1291
it: 21800/80000, lr: 0.007596, loss: 3.2480, eta: 18:32:40, time: 111.6405
it: 21900/80000, lr: 0.007584, loss: 3.2193, eta: 18:30:37, time: 111.6035
it: 22000/80000, lr: 0.007572, loss: 3.2251, eta: 18:29:01, time: 121.7250
it: 22100/80000, lr: 0.007561, loss: 3.2376, eta: 18:26:58, time: 111.6109
it: 22200/80000, lr: 0.007549, loss: 3.1609, eta: 18:24:55, time: 111.6792
it: 22300/80000, lr: 0.007537, loss: 3.1787, eta: 18:22:52, time: 111.4974
it: 22400/80000, lr: 0.007525, loss: 3.1753, eta: 18:21:15, time: 121.5325
it: 22500/80000, lr: 0.007514, loss: 3.2859, eta: 18:19:12, time: 111.4608
it: 22600/80000, lr: 0.007502, loss: 3.2484, eta: 18:17:09, time: 111.2502
it: 22700/80000, lr: 0.007490, loss: 3.2371, eta: 18:15:30, time: 121.0606
it: 22800/80000, lr: 0.007478, loss: 3.2694, eta: 18:13:24, time: 110.1457
it: 22900/80000, lr: 0.007466, loss: 3.1007, eta: 18:11:21, time: 111.3274
it: 23000/80000, lr: 0.007455, loss: 3.2153, eta: 18:09:17, time: 110.8720
it: 23100/80000, lr: 0.007443, loss: 3.1471, eta: 18:07:32, time: 118.8061
it: 23200/80000, lr: 0.007431, loss: 3.2426, eta: 18:05:28, time: 110.7291
it: 23300/80000, lr: 0.007419, loss: 3.1432, eta: 18:03:25, time: 111.1703
it: 23400/80000, lr: 0.007408, loss: 3.1647, eta: 18:01:21, time: 111.0171
it: 23500/80000, lr: 0.007396, loss: 3.1739, eta: 17:59:38, time: 119.2733
it: 23600/80000, lr: 0.007384, loss: 3.1909, eta: 17:57:33, time: 110.5694
it: 23700/80000, lr: 0.007372, loss: 3.2206, eta: 17:55:30, time: 110.8435
it: 23800/80000, lr: 0.007360, loss: 3.1753, eta: 17:53:26, time: 110.9085
it: 23900/80000, lr: 0.007349, loss: 3.1924, eta: 17:51:43, time: 119.4088
it: 24000/80000, lr: 0.007337, loss: 3.1533, eta: 17:49:40, time: 111.1576
it: 24100/80000, lr: 0.007325, loss: 3.2251, eta: 17:47:37, time: 110.9459
it: 24200/80000, lr: 0.007313, loss: 3.1859, eta: 17:45:51, time: 118.0637
it: 24300/80000, lr: 0.007302, loss: 3.1264, eta: 17:43:47, time: 110.4821
it: 24400/80000, lr: 0.007290, loss: 3.1548, eta: 17:41:43, time: 110.7684
it: 24500/80000, lr: 0.007278, loss: 3.1728, eta: 17:39:41, time: 111.3042
it: 24600/80000, lr: 0.007266, loss: 3.1590, eta: 17:37:56, time: 118.5811
it: 24700/80000, lr: 0.007254, loss: 3.2007, eta: 17:35:52, time: 110.6082
it: 24800/80000, lr: 0.007242, loss: 3.1470, eta: 17:33:50, time: 111.0971
it: 24900/80000, lr: 0.007231, loss: 3.2317, eta: 17:31:48, time: 111.0781
it: 25000/80000, lr: 0.007219, loss: 3.2157, eta: 17:30:03, time: 118.9261
it: 25100/80000, lr: 0.007207, loss: 3.3036, eta: 17:28:02, time: 111.5421
it: 25200/80000, lr: 0.007195, loss: 3.1872, eta: 17:26:01, time: 111.3653
it: 25300/80000, lr: 0.007183, loss: 3.2245, eta: 17:24:19, time: 120.3831
it: 25400/80000, lr: 0.007172, loss: 3.1688, eta: 17:22:15, time: 110.5212
it: 25500/80000, lr: 0.007160, loss: 3.2145, eta: 17:20:15, time: 111.5430
it: 25600/80000, lr: 0.007148, loss: 3.1544, eta: 17:18:13, time: 111.1313
it: 25700/80000, lr: 0.007136, loss: 3.1290, eta: 17:16:26, time: 118.1984
it: 25800/80000, lr: 0.007124, loss: 3.1834, eta: 17:14:23, time: 110.3484
it: 25900/80000, lr: 0.007112, loss: 3.1524, eta: 17:12:21, time: 110.9052
it: 26000/80000, lr: 0.007101, loss: 3.1523, eta: 17:10:20, time: 111.2377
it: 26100/80000, lr: 0.007089, loss: 3.1662, eta: 17:08:33, time: 118.5177
it: 26200/80000, lr: 0.007077, loss: 3.1945, eta: 17:06:32, time: 111.1906
it: 26300/80000, lr: 0.007065, loss: 3.1536, eta: 17:04:32, time: 111.4803
it: 26400/80000, lr: 0.007053, loss: 3.2006, eta: 17:02:31, time: 111.2796
it: 26500/80000, lr: 0.007041, loss: 3.1720, eta: 17:00:47, time: 119.6169
it: 26600/80000, lr: 0.007030, loss: 3.2056, eta: 16:58:46, time: 111.5390
it: 26700/80000, lr: 0.007018, loss: 3.1496, eta: 16:56:45, time: 111.3197
it: 26800/80000, lr: 0.007006, loss: 3.1916, eta: 16:55:04, time: 120.9483
it: 26900/80000, lr: 0.006994, loss: 3.1780, eta: 16:53:02, time: 110.7071
it: 27000/80000, lr: 0.006982, loss: 3.2379, eta: 16:51:02, time: 111.7562
it: 27100/80000, lr: 0.006970, loss: 3.1785, eta: 16:49:02, time: 111.3262
it: 27200/80000, lr: 0.006958, loss: 3.1540, eta: 16:47:17, time: 119.5064
it: 27300/80000, lr: 0.006947, loss: 3.3132, eta: 16:45:16, time: 111.1933
it: 27400/80000, lr: 0.006935, loss: 3.2554, eta: 16:43:16, time: 111.4270
it: 27500/80000, lr: 0.006923, loss: 3.1978, eta: 16:41:16, time: 111.4091
it: 27600/80000, lr: 0.006911, loss: 3.2758, eta: 16:39:32, time: 120.3396
it: 27700/80000, lr: 0.006899, loss: 3.1482, eta: 16:37:33, time: 111.6247
it: 27800/80000, lr: 0.006887, loss: 3.2206, eta: 16:35:33, time: 111.5004
it: 27900/80000, lr: 0.006875, loss: 3.1821, eta: 16:33:32, time: 111.1051
it: 28000/80000, lr: 0.006864, loss: 3.3118, eta: 16:31:48, time: 119.8213
it: 28100/80000, lr: 0.006852, loss: 3.1446, eta: 16:29:48, time: 111.4677
it: 28200/80000, lr: 0.006840, loss: 3.0899, eta: 16:27:47, time: 111.0268
it: 28300/80000, lr: 0.006828, loss: 3.1291, eta: 16:26:03, time: 120.0528
it: 28400/80000, lr: 0.006816, loss: 3.1373, eta: 16:24:02, time: 110.8805
it: 28500/80000, lr: 0.006804, loss: 3.1326, eta: 16:22:02, time: 111.3000
it: 28600/80000, lr: 0.006792, loss: 3.1390, eta: 16:20:02, time: 111.4102
it: 28700/80000, lr: 0.006780, loss: 3.1387, eta: 16:18:17, time: 119.3587
it: 28800/80000, lr: 0.006768, loss: 3.2353, eta: 16:16:17, time: 111.3103
it: 28900/80000, lr: 0.006757, loss: 3.1858, eta: 16:14:18, time: 111.8181
it: 29000/80000, lr: 0.006745, loss: 3.1173, eta: 16:12:18, time: 111.1692
it: 29100/80000, lr: 0.006733, loss: 3.1835, eta: 16:10:37, time: 122.0431
it: 29200/80000, lr: 0.006721, loss: 3.2080, eta: 16:08:37, time: 111.2792
it: 29300/80000, lr: 0.006709, loss: 3.0838, eta: 16:06:38, time: 111.6747
it: 29400/80000, lr: 0.006697, loss: 3.3431, eta: 16:04:55, time: 121.3382
it: 29500/80000, lr: 0.006685, loss: 3.1598, eta: 16:02:55, time: 110.7413
it: 29600/80000, lr: 0.006673, loss: 3.1584, eta: 16:00:56, time: 111.7518
it: 29700/80000, lr: 0.006661, loss: 3.1080, eta: 15:58:55, time: 110.6434
it: 29800/80000, lr: 0.006649, loss: 3.1155, eta: 15:57:11, time: 120.6053
it: 29900/80000, lr: 0.006637, loss: 3.0797, eta: 15:55:10, time: 110.6997
it: 30000/80000, lr: 0.006625, loss: 3.0941, eta: 15:53:11, time: 111.1593
it: 30100/80000, lr: 0.006614, loss: 3.0949, eta: 15:51:11, time: 111.0183
it: 30200/80000, lr: 0.006602, loss: 3.0424, eta: 15:49:26, time: 120.5052
it: 30300/80000, lr: 0.006590, loss: 3.1138, eta: 15:47:27, time: 111.3060
it: 30400/80000, lr: 0.006578, loss: 3.1798, eta: 15:45:28, time: 111.4674
it: 30500/80000, lr: 0.006566, loss: 3.2620, eta: 15:43:29, time: 111.4630
it: 30600/80000, lr: 0.006554, loss: 3.1291, eta: 15:41:41, time: 118.5654
it: 30700/80000, lr: 0.006542, loss: 3.1391, eta: 15:39:42, time: 111.5171
it: 30800/80000, lr: 0.006530, loss: 3.1826, eta: 15:37:43, time: 111.6120
it: 30900/80000, lr: 0.006518, loss: 3.1383, eta: 15:35:58, time: 119.8266
it: 31000/80000, lr: 0.006506, loss: 3.2501, eta: 15:33:59, time: 111.2480
it: 31100/80000, lr: 0.006494, loss: 3.1860, eta: 15:31:59, time: 111.3950
it: 31200/80000, lr: 0.006482, loss: 3.1086, eta: 15:30:01, time: 111.6337
it: 31300/80000, lr: 0.006470, loss: 3.1447, eta: 15:28:16, time: 120.3254
it: 31400/80000, lr: 0.006458, loss: 3.0868, eta: 15:26:17, time: 111.2133
it: 31500/80000, lr: 0.006446, loss: 3.0958, eta: 15:24:18, time: 111.3122
it: 31600/80000, lr: 0.006434, loss: 3.1118, eta: 15:22:18, time: 111.2130
it: 31700/80000, lr: 0.006422, loss: 3.2300, eta: 15:20:34, time: 121.1549
it: 31800/80000, lr: 0.006410, loss: 3.1064, eta: 15:18:36, time: 111.5634
it: 31900/80000, lr: 0.006398, loss: 3.1043, eta: 15:16:37, time: 111.1499
it: 32000/80000, lr: 0.006386, loss: 3.0277, eta: 15:14:54, time: 122.2593
it: 32100/80000, lr: 0.006374, loss: 3.1704, eta: 15:12:54, time: 110.4572
it: 32200/80000, lr: 0.006363, loss: 3.1428, eta: 15:10:55, time: 111.3219
it: 32300/80000, lr: 0.006351, loss: 3.1824, eta: 15:08:57, time: 111.5641
it: 32400/80000, lr: 0.006339, loss: 3.0814, eta: 15:07:12, time: 120.8839
it: 32500/80000, lr: 0.006327, loss: 3.1030, eta: 15:05:13, time: 111.3664
it: 32600/80000, lr: 0.006315, loss: 3.0333, eta: 15:03:14, time: 111.2147
it: 32700/80000, lr: 0.006303, loss: 3.2482, eta: 15:01:16, time: 111.7814
it: 32800/80000, lr: 0.006291, loss: 3.1284, eta: 14:59:31, time: 120.4886
it: 32900/80000, lr: 0.006279, loss: 3.0661, eta: 14:57:32, time: 110.8863
it: 33000/80000, lr: 0.006267, loss: 3.2052, eta: 14:55:33, time: 111.1562
it: 33100/80000, lr: 0.006255, loss: 3.1151, eta: 14:53:33, time: 110.7347
it: 33200/80000, lr: 0.006243, loss: 3.1051, eta: 14:51:46, time: 119.3413
it: 33300/80000, lr: 0.006231, loss: 3.1022, eta: 14:49:48, time: 111.6169
it: 33400/80000, lr: 0.006219, loss: 3.1584, eta: 14:47:50, time: 111.6660
it: 33500/80000, lr: 0.006207, loss: 3.0740, eta: 14:46:05, time: 121.0490
it: 33600/80000, lr: 0.006195, loss: 3.1619, eta: 14:44:06, time: 110.9181
it: 33700/80000, lr: 0.006183, loss: 3.0266, eta: 14:42:08, time: 111.4992
it: 33800/80000, lr: 0.006171, loss: 3.1259, eta: 14:40:10, time: 111.7214
it: 33900/80000, lr: 0.006158, loss: 3.0933, eta: 14:38:24, time: 120.0819
it: 34000/80000, lr: 0.006146, loss: 3.2082, eta: 14:36:25, time: 111.3888
it: 34100/80000, lr: 0.006134, loss: 3.1020, eta: 14:34:27, time: 111.2485
it: 34200/80000, lr: 0.006122, loss: 3.0992, eta: 14:32:29, time: 111.3946
it: 34300/80000, lr: 0.006110, loss: 3.1258, eta: 14:30:40, time: 118.4832
it: 34400/80000, lr: 0.006098, loss: 3.1351, eta: 14:28:42, time: 111.8105
it: 34500/80000, lr: 0.006086, loss: 3.1028, eta: 14:26:44, time: 111.4787
it: 34600/80000, lr: 0.006074, loss: 3.1177, eta: 14:24:57, time: 119.7702
it: 34700/80000, lr: 0.006062, loss: 3.0309, eta: 14:22:58, time: 110.2691
it: 34800/80000, lr: 0.006050, loss: 3.1172, eta: 14:20:58, time: 110.3912
it: 34900/80000, lr: 0.006038, loss: 3.1450, eta: 14:18:59, time: 110.3428
it: 35000/80000, lr: 0.006026, loss: 3.0912, eta: 14:17:11, time: 119.2232
it: 35100/80000, lr: 0.006014, loss: 3.1204, eta: 14:15:12, time: 110.4186
it: 35200/80000, lr: 0.006002, loss: 3.0862, eta: 14:13:13, time: 111.1410
it: 35300/80000, lr: 0.005990, loss: 3.1599, eta: 14:11:15, time: 110.8088
it: 35400/80000, lr: 0.005978, loss: 3.0531, eta: 14:09:28, time: 119.9409
it: 35500/80000, lr: 0.005966, loss: 3.0994, eta: 14:07:30, time: 111.2511
it: 35600/80000, lr: 0.005954, loss: 3.2021, eta: 14:05:31, time: 111.0175
it: 35700/80000, lr: 0.005942, loss: 3.0562, eta: 14:03:33, time: 110.9603
it: 35800/80000, lr: 0.005930, loss: 3.1639, eta: 14:01:44, time: 119.0022
it: 35900/80000, lr: 0.005918, loss: 3.2738, eta: 13:59:46, time: 111.0219
it: 36000/80000, lr: 0.005905, loss: 3.1938, eta: 13:57:48, time: 111.0566
it: 36100/80000, lr: 0.005893, loss: 3.0412, eta: 13:56:00, time: 119.1071
it: 36200/80000, lr: 0.005881, loss: 3.0751, eta: 13:54:01, time: 110.3037
it: 36300/80000, lr: 0.005869, loss: 3.1136, eta: 13:52:03, time: 111.0601
it: 36400/80000, lr: 0.005857, loss: 3.0944, eta: 13:50:05, time: 111.2235
it: 36500/80000, lr: 0.005845, loss: 2.9806, eta: 13:48:15, time: 117.9165
it: 36600/80000, lr: 0.005833, loss: 3.0605, eta: 13:46:17, time: 110.9472
it: 36700/80000, lr: 0.005821, loss: 3.1122, eta: 13:44:19, time: 110.9112
it: 36800/80000, lr: 0.005809, loss: 3.1198, eta: 13:42:21, time: 110.9735
it: 36900/80000, lr: 0.005797, loss: 3.1198, eta: 13:40:33, time: 119.7679
it: 37000/80000, lr: 0.005785, loss: 3.0711, eta: 13:38:35, time: 111.1648
it: 37100/80000, lr: 0.005772, loss: 3.0676, eta: 13:36:37, time: 111.1844
it: 37200/80000, lr: 0.005760, loss: 3.0852, eta: 13:34:39, time: 110.6402
it: 37300/80000, lr: 0.005748, loss: 3.1083, eta: 13:32:54, time: 122.1744
it: 37400/80000, lr: 0.005736, loss: 3.1063, eta: 13:30:56, time: 111.2776
it: 37500/80000, lr: 0.005724, loss: 3.0738, eta: 13:28:58, time: 110.9167
it: 37600/80000, lr: 0.005712, loss: 3.0614, eta: 13:27:11, time: 120.6242
it: 37700/80000, lr: 0.005700, loss: 3.1441, eta: 13:25:13, time: 110.7225
it: 37800/80000, lr: 0.005688, loss: 3.0409, eta: 13:23:16, time: 111.0986
it: 37900/80000, lr: 0.005675, loss: 3.1417, eta: 13:21:18, time: 111.0232
it: 38000/80000, lr: 0.005663, loss: 3.0936, eta: 13:19:31, time: 120.9266
it: 38100/80000, lr: 0.005651, loss: 3.0626, eta: 13:17:33, time: 110.8050
it: 38200/80000, lr: 0.005639, loss: 3.1135, eta: 13:15:36, time: 111.2607
it: 38300/80000, lr: 0.005627, loss: 3.0727, eta: 13:13:38, time: 110.6095
it: 38400/80000, lr: 0.005615, loss: 3.0796, eta: 13:11:50, time: 120.0918
it: 38500/80000, lr: 0.005603, loss: 3.0313, eta: 13:09:52, time: 110.7450
it: 38600/80000, lr: 0.005590, loss: 3.2246, eta: 13:07:55, time: 111.2267
it: 38700/80000, lr: 0.005578, loss: 3.1001, eta: 13:06:06, time: 119.3748
it: 38800/80000, lr: 0.005566, loss: 3.0494, eta: 13:04:08, time: 110.3476
it: 38900/80000, lr: 0.005554, loss: 3.0675, eta: 13:02:10, time: 110.8228
it: 39000/80000, lr: 0.005542, loss: 3.1047, eta: 13:00:12, time: 110.9542
it: 39100/80000, lr: 0.005530, loss: 3.1452, eta: 12:58:23, time: 118.8777
it: 39200/80000, lr: 0.005517, loss: 3.1289, eta: 12:56:25, time: 110.6191
it: 39300/80000, lr: 0.005505, loss: 3.0871, eta: 12:54:28, time: 111.1798
it: 39400/80000, lr: 0.005493, loss: 3.0702, eta: 12:52:31, time: 111.1251
it: 39500/80000, lr: 0.005481, loss: 3.0868, eta: 12:50:41, time: 118.8702
it: 39600/80000, lr: 0.005469, loss: 3.0756, eta: 12:48:43, time: 110.1863
it: 39700/80000, lr: 0.005457, loss: 3.1597, eta: 12:46:45, time: 110.5065
it: 39800/80000, lr: 0.005444, loss: 3.0776, eta: 12:44:47, time: 109.9810
it: 39900/80000, lr: 0.005432, loss: 3.0655, eta: 12:42:58, time: 119.4931
it: 40000/80000, lr: 0.005420, loss: 3.0704, eta: 12:41:01, time: 111.2903
it: 40100/80000, lr: 0.005408, loss: 3.0066, eta: 12:39:04, time: 111.3867
it: 40200/80000, lr: 0.005396, loss: 3.0882, eta: 12:37:16, time: 120.8341
it: 40300/80000, lr: 0.005383, loss: 3.1454, eta: 12:35:19, time: 110.5822
it: 40400/80000, lr: 0.005371, loss: 3.0799, eta: 12:33:22, time: 111.2368
it: 40500/80000, lr: 0.005359, loss: 3.0685, eta: 12:31:25, time: 111.0176
it: 40600/80000, lr: 0.005347, loss: 3.1174, eta: 12:29:36, time: 120.1428
it: 40700/80000, lr: 0.005335, loss: 3.1931, eta: 12:27:39, time: 110.8862
it: 40800/80000, lr: 0.005322, loss: 2.9453, eta: 12:25:42, time: 111.2714
it: 40900/80000, lr: 0.005310, loss: 3.0075, eta: 12:23:45, time: 111.1712
it: 41000/80000, lr: 0.005298, loss: 3.0183, eta: 12:21:56, time: 119.4771
it: 41100/80000, lr: 0.005286, loss: 2.9915, eta: 12:19:59, time: 111.4129
it: 41200/80000, lr: 0.005273, loss: 3.1455, eta: 12:18:02, time: 110.9468
it: 41300/80000, lr: 0.005261, loss: 3.1361, eta: 12:16:14, time: 120.8112
it: 41400/80000, lr: 0.005249, loss: 3.0947, eta: 12:14:17, time: 110.1984
it: 41500/80000, lr: 0.005237, loss: 3.1095, eta: 12:12:20, time: 111.1739
it: 41600/80000, lr: 0.005224, loss: 2.9590, eta: 12:10:23, time: 111.0520
it: 41700/80000, lr: 0.005212, loss: 3.0957, eta: 12:08:35, time: 121.4882
it: 41800/80000, lr: 0.005200, loss: 3.0161, eta: 12:06:38, time: 110.6718
it: 41900/80000, lr: 0.005188, loss: 3.0185, eta: 12:04:41, time: 111.4584
it: 42000/80000, lr: 0.005175, loss: 3.1239, eta: 12:02:44, time: 110.9494
it: 42100/80000, lr: 0.005163, loss: 3.0622, eta: 12:00:56, time: 120.8743
it: 42200/80000, lr: 0.005151, loss: 3.0540, eta: 11:59:00, time: 111.1403
it: 42300/80000, lr: 0.005139, loss: 3.0251, eta: 11:57:03, time: 111.1954
it: 42400/80000, lr: 0.005126, loss: 3.0406, eta: 11:55:06, time: 110.8288
it: 42500/80000, lr: 0.005114, loss: 3.0951, eta: 11:53:18, time: 120.7272
it: 42600/80000, lr: 0.005102, loss: 3.0457, eta: 11:51:21, time: 111.0830
it: 42700/80000, lr: 0.005090, loss: 3.0175, eta: 11:49:24, time: 111.3325
it: 42800/80000, lr: 0.005077, loss: 3.0320, eta: 11:47:36, time: 121.3152
it: 42900/80000, lr: 0.005065, loss: 3.0382, eta: 11:45:39, time: 110.1645
it: 43000/80000, lr: 0.005053, loss: 2.9937, eta: 11:43:42, time: 111.3944
it: 43100/80000, lr: 0.005040, loss: 3.0603, eta: 11:41:46, time: 111.1182
it: 43200/80000, lr: 0.005028, loss: 3.0602, eta: 11:39:57, time: 120.1286
it: 43300/80000, lr: 0.005016, loss: 3.0179, eta: 11:37:59, time: 110.3879
it: 43400/80000, lr: 0.005004, loss: 3.0578, eta: 11:36:03, time: 110.8707
it: 43500/80000, lr: 0.004991, loss: 3.0842, eta: 11:34:06, time: 110.9484
it: 43600/80000, lr: 0.004979, loss: 3.0159, eta: 11:32:16, time: 119.7289
it: 43700/80000, lr: 0.004967, loss: 3.0822, eta: 11:30:20, time: 111.3207
it: 43800/80000, lr: 0.004954, loss: 3.0099, eta: 11:28:23, time: 111.1348
it: 43900/80000, lr: 0.004942, loss: 3.0154, eta: 11:26:34, time: 120.3253
it: 44000/80000, lr: 0.004930, loss: 3.0906, eta: 11:24:37, time: 110.4217
it: 44100/80000, lr: 0.004917, loss: 3.0081, eta: 11:22:41, time: 111.1477
it: 44200/80000, lr: 0.004905, loss: 3.0010, eta: 11:20:44, time: 111.0307
it: 44300/80000, lr: 0.004893, loss: 3.0893, eta: 11:18:54, time: 118.6692
it: 44400/80000, lr: 0.004880, loss: 2.9943, eta: 11:16:57, time: 110.9265
it: 44500/80000, lr: 0.004868, loss: 3.0068, eta: 11:15:01, time: 110.9928
it: 44600/80000, lr: 0.004856, loss: 3.0184, eta: 11:13:04, time: 110.9042
it: 44700/80000, lr: 0.004843, loss: 2.9647, eta: 11:11:14, time: 118.8655
it: 44800/80000, lr: 0.004831, loss: 3.2343, eta: 11:09:18, time: 111.3441
it: 44900/80000, lr: 0.004819, loss: 3.1099, eta: 11:07:21, time: 110.8535
it: 45000/80000, lr: 0.004806, loss: 3.1202, eta: 11:05:24, time: 110.9499
it: 45100/80000, lr: 0.004794, loss: 3.0046, eta: 11:03:34, time: 119.0676
it: 45200/80000, lr: 0.004782, loss: 3.0257, eta: 11:01:38, time: 111.1156
it: 45300/80000, lr: 0.004769, loss: 3.0764, eta: 10:59:42, time: 111.3292
it: 45400/80000, lr: 0.004757, loss: 3.0265, eta: 10:57:52, time: 120.1850
it: 45500/80000, lr: 0.004744, loss: 3.0551, eta: 10:55:56, time: 110.6247
it: 45600/80000, lr: 0.004732, loss: 3.0297, eta: 10:53:59, time: 111.2559
it: 45700/80000, lr: 0.004720, loss: 3.0276, eta: 10:52:03, time: 111.1054
it: 45800/80000, lr: 0.004707, loss: 3.0409, eta: 10:50:14, time: 121.1811
it: 45900/80000, lr: 0.004695, loss: 3.0510, eta: 10:48:18, time: 111.0558
it: 46000/80000, lr: 0.004683, loss: 3.0169, eta: 10:46:22, time: 111.1881
it: 46100/80000, lr: 0.004670, loss: 3.0452, eta: 10:44:25, time: 110.9227
it: 46200/80000, lr: 0.004658, loss: 3.0336, eta: 10:42:35, time: 119.3716
it: 46300/80000, lr: 0.004645, loss: 3.0819, eta: 10:40:39, time: 111.2353
it: 46400/80000, lr: 0.004633, loss: 3.0710, eta: 10:38:43, time: 111.2487
it: 46500/80000, lr: 0.004620, loss: 2.9851, eta: 10:36:47, time: 110.8185
it: 46600/80000, lr: 0.004608, loss: 3.0109, eta: 10:34:58, time: 121.4797
it: 46700/80000, lr: 0.004596, loss: 3.0098, eta: 10:33:02, time: 111.4536
it: 46800/80000, lr: 0.004583, loss: 3.0171, eta: 10:31:06, time: 111.4743
it: 46900/80000, lr: 0.004571, loss: 3.0506, eta: 10:29:16, time: 120.1841
it: 47000/80000, lr: 0.004558, loss: 2.9963, eta: 10:27:20, time: 110.3091
it: 47100/80000, lr: 0.004546, loss: 3.0422, eta: 10:25:24, time: 111.2792
it: 47200/80000, lr: 0.004534, loss: 3.0590, eta: 10:23:28, time: 111.2212
it: 47300/80000, lr: 0.004521, loss: 3.0561, eta: 10:21:37, time: 118.7857
it: 47400/80000, lr: 0.004509, loss: 2.9828, eta: 10:19:41, time: 110.9225
it: 47500/80000, lr: 0.004496, loss: 2.9841, eta: 10:17:45, time: 111.3541
it: 47600/80000, lr: 0.004484, loss: 2.9489, eta: 10:15:49, time: 111.2547
it: 47700/80000, lr: 0.004471, loss: 2.9668, eta: 10:13:58, time: 119.3880
it: 47800/80000, lr: 0.004459, loss: 3.0461, eta: 10:12:02, time: 110.6758
it: 47900/80000, lr: 0.004446, loss: 3.1171, eta: 10:10:06, time: 111.0981
it: 48000/80000, lr: 0.004434, loss: 3.0097, eta: 10:08:16, time: 120.6329
it: 48100/80000, lr: 0.004421, loss: 3.0313, eta: 10:06:20, time: 110.5117
it: 48200/80000, lr: 0.004409, loss: 2.9892, eta: 10:04:24, time: 111.6522
it: 48300/80000, lr: 0.004396, loss: 2.9942, eta: 10:02:29, time: 111.5039
it: 48400/80000, lr: 0.004384, loss: 3.0413, eta: 10:00:38, time: 118.7506
it: 48500/80000, lr: 0.004371, loss: 3.0431, eta: 9:58:42, time: 111.3374
it: 48600/80000, lr: 0.004359, loss: 2.9562, eta: 9:56:46, time: 111.2485
it: 48700/80000, lr: 0.004346, loss: 2.9885, eta: 9:54:51, time: 111.5105
it: 48800/80000, lr: 0.004334, loss: 2.9861, eta: 9:53:00, time: 119.1161
it: 48900/80000, lr: 0.004321, loss: 3.0281, eta: 9:51:04, time: 111.6234
it: 49000/80000, lr: 0.004309, loss: 3.0409, eta: 9:49:09, time: 111.7697
it: 49100/80000, lr: 0.004296, loss: 3.0453, eta: 9:47:13, time: 111.1153
it: 49200/80000, lr: 0.004284, loss: 3.0667, eta: 9:45:22, time: 118.5900
it: 49300/80000, lr: 0.004271, loss: 3.0204, eta: 9:43:26, time: 110.9607
it: 49400/80000, lr: 0.004259, loss: 3.0001, eta: 9:41:30, time: 110.9611
it: 49500/80000, lr: 0.004246, loss: 2.9498, eta: 9:39:39, time: 119.3410
it: 49600/80000, lr: 0.004234, loss: 2.9779, eta: 9:37:43, time: 111.2135
it: 49700/80000, lr: 0.004221, loss: 2.9212, eta: 9:35:48, time: 111.5866
it: 49800/80000, lr: 0.004209, loss: 2.9634, eta: 9:33:52, time: 111.3743
it: 49900/80000, lr: 0.004196, loss: 2.9562, eta: 9:32:01, time: 118.9251
it: 50000/80000, lr: 0.004184, loss: 2.9758, eta: 9:30:05, time: 111.1358
it: 50100/80000, lr: 0.004171, loss: 2.9999, eta: 9:28:10, time: 111.5094
it: 50200/80000, lr: 0.004159, loss: 2.9633, eta: 9:26:14, time: 111.1391
it: 50300/80000, lr: 0.004146, loss: 3.0121, eta: 9:24:23, time: 119.4843
it: 50400/80000, lr: 0.004133, loss: 2.9281, eta: 9:22:28, time: 111.1255
it: 50500/80000, lr: 0.004121, loss: 2.9737, eta: 9:20:32, time: 111.3848
it: 50600/80000, lr: 0.004108, loss: 2.9401, eta: 9:18:42, time: 120.0816
it: 50700/80000, lr: 0.004096, loss: 2.9619, eta: 9:16:46, time: 110.4265
it: 50800/80000, lr: 0.004083, loss: 3.0241, eta: 9:14:50, time: 111.2227
it: 50900/80000, lr: 0.004071, loss: 3.0292, eta: 9:12:54, time: 111.1941
it: 51000/80000, lr: 0.004058, loss: 3.0168, eta: 9:11:05, time: 121.3658
it: 51100/80000, lr: 0.004045, loss: 2.9386, eta: 9:09:09, time: 110.6407
it: 51200/80000, lr: 0.004033, loss: 2.9527, eta: 9:07:13, time: 111.1279
it: 51300/80000, lr: 0.004020, loss: 2.9947, eta: 9:05:17, time: 110.9652
it: 51400/80000, lr: 0.004008, loss: 2.9628, eta: 9:03:26, time: 118.7559
it: 51500/80000, lr: 0.003995, loss: 3.0266, eta: 9:01:30, time: 111.2663
it: 51600/80000, lr: 0.003982, loss: 3.0855, eta: 8:59:35, time: 110.5356
it: 51700/80000, lr: 0.003970, loss: 2.9352, eta: 8:57:38, time: 109.7822
it: 51800/80000, lr: 0.003957, loss: 3.0643, eta: 8:55:47, time: 118.3704
it: 51900/80000, lr: 0.003944, loss: 3.0481, eta: 8:53:51, time: 110.3922
it: 52000/80000, lr: 0.003932, loss: 2.9814, eta: 8:51:55, time: 110.0970
it: 52100/80000, lr: 0.003919, loss: 2.9034, eta: 8:50:04, time: 119.7370
it: 52200/80000, lr: 0.003907, loss: 2.9564, eta: 8:48:08, time: 109.8457
it: 52300/80000, lr: 0.003894, loss: 2.9480, eta: 8:46:11, time: 110.0693
it: 52400/80000, lr: 0.003881, loss: 2.9979, eta: 8:44:15, time: 109.5999
it: 52500/80000, lr: 0.003869, loss: 2.9092, eta: 8:42:23, time: 117.2132
it: 52600/80000, lr: 0.003856, loss: 2.9625, eta: 8:40:27, time: 109.6068
it: 52700/80000, lr: 0.003843, loss: 3.0223, eta: 8:38:31, time: 109.6623
it: 52800/80000, lr: 0.003831, loss: 3.0752, eta: 8:36:35, time: 109.9842
it: 52900/80000, lr: 0.003818, loss: 2.9528, eta: 8:34:43, time: 117.7520
it: 53000/80000, lr: 0.003805, loss: 2.9972, eta: 8:32:47, time: 110.2987
it: 53100/80000, lr: 0.003793, loss: 2.9835, eta: 8:30:51, time: 110.5356
it: 53200/80000, lr: 0.003780, loss: 3.0248, eta: 8:28:59, time: 118.3655
it: 53300/80000, lr: 0.003767, loss: 2.9385, eta: 8:27:03, time: 109.9794
it: 53400/80000, lr: 0.003754, loss: 2.9472, eta: 8:25:08, time: 110.1825
it: 53500/80000, lr: 0.003742, loss: 2.9736, eta: 8:23:12, time: 109.8622
it: 53600/80000, lr: 0.003729, loss: 3.0131, eta: 8:21:19, time: 115.8322
it: 53700/80000, lr: 0.003716, loss: 2.9785, eta: 8:19:23, time: 109.6790
it: 53800/80000, lr: 0.003704, loss: 3.0011, eta: 8:17:27, time: 109.6621
it: 53900/80000, lr: 0.003691, loss: 2.9358, eta: 8:15:30, time: 109.2322
it: 54000/80000, lr: 0.003678, loss: 2.9894, eta: 8:13:37, time: 115.1375
it: 54100/80000, lr: 0.003665, loss: 3.0105, eta: 8:11:41, time: 109.0769
it: 54200/80000, lr: 0.003653, loss: 2.9235, eta: 8:09:45, time: 109.6017
it: 54300/80000, lr: 0.003640, loss: 2.9920, eta: 8:07:49, time: 109.6076
it: 54400/80000, lr: 0.003627, loss: 2.9619, eta: 8:05:57, time: 116.9793
it: 54500/80000, lr: 0.003614, loss: 2.9588, eta: 8:04:01, time: 109.6652
it: 54600/80000, lr: 0.003602, loss: 2.9178, eta: 8:02:05, time: 109.5303
it: 54700/80000, lr: 0.003589, loss: 2.9074, eta: 8:00:12, time: 117.1220
it: 54800/80000, lr: 0.003576, loss: 2.9232, eta: 7:58:17, time: 109.5312
it: 54900/80000, lr: 0.003563, loss: 2.9343, eta: 7:56:21, time: 109.9051
it: 55000/80000, lr: 0.003551, loss: 2.9587, eta: 7:54:25, time: 109.6810
it: 55100/80000, lr: 0.003538, loss: 2.8918, eta: 7:52:33, time: 117.4071
it: 55200/80000, lr: 0.003525, loss: 2.9290, eta: 7:50:37, time: 109.9094
it: 55300/80000, lr: 0.003512, loss: 2.9749, eta: 7:48:41, time: 109.6869
it: 55400/80000, lr: 0.003499, loss: 2.9057, eta: 7:46:46, time: 109.3414
it: 55500/80000, lr: 0.003487, loss: 2.9246, eta: 7:44:53, time: 116.2516
it: 55600/80000, lr: 0.003474, loss: 2.9537, eta: 7:42:57, time: 109.6505
it: 55700/80000, lr: 0.003461, loss: 3.0392, eta: 7:41:02, time: 110.2395
it: 55800/80000, lr: 0.003448, loss: 2.9197, eta: 7:39:06, time: 109.7785
it: 55900/80000, lr: 0.003435, loss: 2.9187, eta: 7:37:14, time: 117.3107
it: 56000/80000, lr: 0.003422, loss: 2.9177, eta: 7:35:18, time: 109.8541
it: 56100/80000, lr: 0.003410, loss: 2.9049, eta: 7:33:23, time: 110.0074
it: 56200/80000, lr: 0.003397, loss: 2.9763, eta: 7:31:30, time: 116.4087
it: 56300/80000, lr: 0.003384, loss: 2.9415, eta: 7:29:35, time: 109.9316
it: 56400/80000, lr: 0.003371, loss: 3.0091, eta: 7:27:39, time: 109.7750
it: 56500/80000, lr: 0.003358, loss: 2.9543, eta: 7:25:44, time: 109.6497
it: 56600/80000, lr: 0.003345, loss: 2.9597, eta: 7:23:51, time: 117.2563
it: 56700/80000, lr: 0.003333, loss: 2.9902, eta: 7:21:56, time: 109.7805
it: 56800/80000, lr: 0.003320, loss: 2.9749, eta: 7:20:00, time: 109.6792
it: 56900/80000, lr: 0.003307, loss: 2.9671, eta: 7:18:05, time: 109.4087
it: 57000/80000, lr: 0.003294, loss: 2.9291, eta: 7:16:12, time: 116.8771
it: 57100/80000, lr: 0.003281, loss: 2.9564, eta: 7:14:17, time: 109.8222
it: 57200/80000, lr: 0.003268, loss: 2.9337, eta: 7:12:21, time: 109.6713
it: 57300/80000, lr: 0.003255, loss: 2.9362, eta: 7:10:29, time: 116.5075
it: 57400/80000, lr: 0.003242, loss: 2.9765, eta: 7:08:33, time: 109.4770
it: 57500/80000, lr: 0.003229, loss: 2.9204, eta: 7:06:38, time: 109.7262
it: 57600/80000, lr: 0.003216, loss: 2.9564, eta: 7:04:43, time: 109.6628
it: 57700/80000, lr: 0.003204, loss: 2.9310, eta: 7:02:50, time: 116.2946
it: 57800/80000, lr: 0.003191, loss: 2.9014, eta: 7:00:54, time: 109.7424
it: 57900/80000, lr: 0.003178, loss: 2.8989, eta: 6:58:59, time: 109.4339
it: 58000/80000, lr: 0.003165, loss: 2.9279, eta: 6:57:04, time: 109.1014
it: 58100/80000, lr: 0.003152, loss: 2.9211, eta: 6:55:10, time: 114.2357
it: 58200/80000, lr: 0.003139, loss: 2.9720, eta: 6:53:14, time: 108.9374
it: 58300/80000, lr: 0.003126, loss: 2.9009, eta: 6:51:20, time: 110.5438
it: 58400/80000, lr: 0.003113, loss: 2.9304, eta: 6:49:24, time: 110.1248
it: 58500/80000, lr: 0.003100, loss: 2.9236, eta: 6:47:34, time: 121.2666
it: 58600/80000, lr: 0.003087, loss: 2.9597, eta: 6:45:39, time: 112.3708
it: 58700/80000, lr: 0.003074, loss: 2.9993, eta: 6:43:46, time: 113.9044
it: 58800/80000, lr: 0.003061, loss: 2.8778, eta: 6:41:54, time: 119.0848
it: 58900/80000, lr: 0.003048, loss: 2.9676, eta: 6:40:00, time: 113.7194
it: 59000/80000, lr: 0.003035, loss: 2.9036, eta: 6:38:06, time: 112.0752
it: 59100/80000, lr: 0.003022, loss: 2.9533, eta: 6:36:12, time: 112.9764
it: 59200/80000, lr: 0.003009, loss: 2.9162, eta: 6:34:20, time: 118.1322
it: 59300/80000, lr: 0.002996, loss: 2.8838, eta: 6:32:26, time: 113.4616
it: 59400/80000, lr: 0.002983, loss: 2.8808, eta: 6:30:31, time: 111.6870
it: 59500/80000, lr: 0.002970, loss: 2.9293, eta: 6:28:39, time: 118.3148
it: 59600/80000, lr: 0.002957, loss: 2.9179, eta: 6:26:52, time: 133.6997
it: 59700/80000, lr: 0.002944, loss: 2.8677, eta: 6:25:02, time: 123.7992
it: 59800/80000, lr: 0.002931, loss: 2.8941, eta: 6:23:10, time: 119.1216
it: 59900/80000, lr: 0.002918, loss: 2.9684, eta: 6:21:20, time: 124.4059
it: 60000/80000, lr: 0.002905, loss: 2.8660, eta: 6:19:25, time: 112.7181
it: 60100/80000, lr: 0.002891, loss: 2.9047, eta: 6:17:31, time: 113.0567
it: 60200/80000, lr: 0.002878, loss: 2.9410, eta: 6:15:37, time: 111.6520
it: 60300/80000, lr: 0.002865, loss: 2.9552, eta: 6:13:45, time: 120.6548
it: 60400/80000, lr: 0.002852, loss: 2.8986, eta: 6:11:51, time: 111.5230
it: 60500/80000, lr: 0.002839, loss: 2.8958, eta: 6:09:56, time: 112.3779
it: 60600/80000, lr: 0.002826, loss: 2.8672, eta: 6:08:02, time: 111.7269
it: 60700/80000, lr: 0.002813, loss: 2.8581, eta: 6:06:10, time: 120.0338
it: 60800/80000, lr: 0.002800, loss: 2.8822, eta: 6:04:15, time: 111.5972
it: 60900/80000, lr: 0.002787, loss: 2.9282, eta: 6:02:21, time: 113.1386
it: 61000/80000, lr: 0.002774, loss: 2.8902, eta: 6:00:27, time: 111.3120
it: 61100/80000, lr: 0.002760, loss: 2.9789, eta: 5:58:35, time: 121.3456
it: 61200/80000, lr: 0.002747, loss: 2.9651, eta: 5:56:41, time: 112.7034
it: 61300/80000, lr: 0.002734, loss: 2.8691, eta: 5:54:46, time: 110.8532
it: 61400/80000, lr: 0.002721, loss: 2.9091, eta: 5:52:55, time: 123.2870
it: 61500/80000, lr: 0.002708, loss: 2.8712, eta: 5:51:06, time: 127.8641
it: 61600/80000, lr: 0.002695, loss: 2.9087, eta: 5:49:15, time: 123.3568
it: 61700/80000, lr: 0.002681, loss: 2.9581, eta: 5:47:20, time: 110.7456
it: 61800/80000, lr: 0.002668, loss: 2.8369, eta: 5:45:29, time: 123.6719
it: 61900/80000, lr: 0.002655, loss: 2.8907, eta: 5:43:35, time: 112.5766
it: 62000/80000, lr: 0.002642, loss: 2.8843, eta: 5:41:41, time: 114.4783
it: 62100/80000, lr: 0.002629, loss: 2.9136, eta: 5:39:47, time: 112.9237
it: 62200/80000, lr: 0.002615, loss: 2.8990, eta: 5:37:56, time: 124.8318
it: 62300/80000, lr: 0.002602, loss: 2.9187, eta: 5:36:02, time: 113.1029
it: 62400/80000, lr: 0.002589, loss: 2.8900, eta: 5:34:08, time: 115.5436
it: 62500/80000, lr: 0.002576, loss: 2.8532, eta: 5:32:17, time: 123.3417
it: 62600/80000, lr: 0.002562, loss: 2.9663, eta: 5:30:23, time: 114.8035
it: 62700/80000, lr: 0.002549, loss: 2.8847, eta: 5:28:30, time: 114.2719
it: 62800/80000, lr: 0.002536, loss: 2.8745, eta: 5:26:36, time: 115.4628
it: 62900/80000, lr: 0.002523, loss: 2.8843, eta: 5:24:44, time: 122.3249
it: 63000/80000, lr: 0.002509, loss: 2.9359, eta: 5:22:51, time: 114.1981
it: 63100/80000, lr: 0.002496, loss: 2.8986, eta: 5:20:57, time: 113.5674
it: 63200/80000, lr: 0.002483, loss: 2.8506, eta: 5:19:03, time: 115.0284
it: 63300/80000, lr: 0.002469, loss: 2.8379, eta: 5:17:11, time: 121.9146
it: 63400/80000, lr: 0.002456, loss: 2.8845, eta: 5:15:17, time: 114.3679
it: 63500/80000, lr: 0.002443, loss: 2.9265, eta: 5:13:23, time: 112.9976
it: 63600/80000, lr: 0.002430, loss: 2.9297, eta: 5:11:29, time: 114.1940
it: 63700/80000, lr: 0.002416, loss: 2.8934, eta: 5:09:37, time: 122.3979
it: 63800/80000, lr: 0.002403, loss: 2.8855, eta: 5:07:44, time: 115.0569
it: 63900/80000, lr: 0.002389, loss: 2.8182, eta: 5:05:50, time: 114.2312
it: 64000/80000, lr: 0.002376, loss: 2.8347, eta: 5:03:59, time: 126.7535
it: 64100/80000, lr: 0.002363, loss: 2.7876, eta: 5:02:05, time: 115.4480
it: 64200/80000, lr: 0.002349, loss: 2.9355, eta: 5:00:12, time: 115.6387
it: 64300/80000, lr: 0.002336, loss: 2.8925, eta: 4:58:18, time: 114.9061
it: 64400/80000, lr: 0.002323, loss: 2.9744, eta: 4:56:27, time: 124.7116
it: 64500/80000, lr: 0.002309, loss: 2.9234, eta: 4:54:33, time: 114.6994
it: 64600/80000, lr: 0.002296, loss: 2.8538, eta: 4:52:39, time: 115.9920
it: 64700/80000, lr: 0.002282, loss: 2.9250, eta: 4:50:45, time: 114.6421
it: 64800/80000, lr: 0.002269, loss: 2.8619, eta: 4:48:54, time: 124.8044
it: 64900/80000, lr: 0.002255, loss: 2.8888, eta: 4:47:00, time: 114.0420
it: 65000/80000, lr: 0.002242, loss: 2.8715, eta: 4:45:06, time: 116.4430
it: 65100/80000, lr: 0.002229, loss: 2.8160, eta: 4:43:12, time: 114.2313
it: 65200/80000, lr: 0.002215, loss: 2.8566, eta: 4:41:21, time: 124.3284
it: 65300/80000, lr: 0.002202, loss: 2.8542, eta: 4:39:27, time: 115.6597
it: 65400/80000, lr: 0.002188, loss: 2.8422, eta: 4:37:33, time: 115.5314
it: 65500/80000, lr: 0.002175, loss: 2.8809, eta: 4:35:41, time: 123.1778
it: 65600/80000, lr: 0.002161, loss: 2.9157, eta: 4:33:47, time: 114.0784
it: 65700/80000, lr: 0.002148, loss: 2.8842, eta: 4:31:53, time: 115.5237
it: 65800/80000, lr: 0.002134, loss: 2.8623, eta: 4:29:59, time: 114.4466
it: 65900/80000, lr: 0.002121, loss: 2.8389, eta: 4:28:07, time: 123.2533
it: 66000/80000, lr: 0.002107, loss: 2.8322, eta: 4:26:13, time: 114.9983
it: 66100/80000, lr: 0.002094, loss: 2.8351, eta: 4:24:20, time: 116.0831
it: 66200/80000, lr: 0.002080, loss: 2.8863, eta: 4:22:26, time: 113.9242
it: 66300/80000, lr: 0.002066, loss: 2.8834, eta: 4:20:35, time: 130.0931
it: 66400/80000, lr: 0.002053, loss: 2.8320, eta: 4:18:41, time: 118.0956
it: 66500/80000, lr: 0.002039, loss: 2.8206, eta: 4:16:49, time: 121.8548
it: 66600/80000, lr: 0.002026, loss: 2.8425, eta: 4:14:59, time: 134.1191
it: 66700/80000, lr: 0.002012, loss: 2.8398, eta: 4:13:07, time: 124.1959
it: 66800/80000, lr: 0.001998, loss: 2.8230, eta: 4:11:14, time: 120.6549
it: 66900/80000, lr: 0.001985, loss: 2.8904, eta: 4:09:21, time: 123.9534
it: 67000/80000, lr: 0.001971, loss: 2.8394, eta: 4:07:31, time: 134.4642
it: 67100/80000, lr: 0.001957, loss: 2.8398, eta: 4:05:38, time: 121.6681
it: 67200/80000, lr: 0.001944, loss: 2.8456, eta: 4:03:47, time: 130.0762
it: 67300/80000, lr: 0.001930, loss: 2.8751, eta: 4:01:53, time: 115.9487
it: 67400/80000, lr: 0.001916, loss: 2.8884, eta: 4:00:01, time: 127.6614
it: 67500/80000, lr: 0.001903, loss: 2.7914, eta: 3:58:07, time: 115.5780
it: 67600/80000, lr: 0.001889, loss: 2.8320, eta: 3:56:13, time: 116.3769
it: 67700/80000, lr: 0.001875, loss: 2.8661, eta: 3:54:19, time: 115.2199
it: 67800/80000, lr: 0.001862, loss: 2.8655, eta: 3:52:28, time: 129.3937
it: 67900/80000, lr: 0.001848, loss: 2.8828, eta: 3:50:34, time: 116.1322
it: 68000/80000, lr: 0.001834, loss: 2.7938, eta: 3:48:40, time: 116.7555
it: 68100/80000, lr: 0.001820, loss: 2.8283, eta: 3:46:48, time: 127.6889
it: 68200/80000, lr: 0.001807, loss: 2.7601, eta: 3:44:54, time: 116.2700
it: 68300/80000, lr: 0.001793, loss: 2.8691, eta: 3:43:00, time: 115.9218
it: 68400/80000, lr: 0.001779, loss: 2.8658, eta: 3:41:06, time: 117.3825
it: 68500/80000, lr: 0.001765, loss: 2.9040, eta: 3:39:14, time: 127.2270
it: 68600/80000, lr: 0.001751, loss: 2.8311, eta: 3:37:20, time: 116.7571
it: 68700/80000, lr: 0.001738, loss: 2.9107, eta: 3:35:26, time: 115.7396
it: 68800/80000, lr: 0.001724, loss: 2.7919, eta: 3:33:31, time: 114.6851
it: 68900/80000, lr: 0.001710, loss: 2.7898, eta: 3:31:39, time: 127.3600
it: 69000/80000, lr: 0.001696, loss: 2.8315, eta: 3:29:45, time: 115.9242
it: 69100/80000, lr: 0.001682, loss: 2.8134, eta: 3:27:51, time: 117.4946
it: 69200/80000, lr: 0.001668, loss: 2.8293, eta: 3:25:58, time: 124.9727
it: 69300/80000, lr: 0.001654, loss: 2.8156, eta: 3:24:04, time: 115.3848
it: 69400/80000, lr: 0.001640, loss: 2.8806, eta: 3:22:09, time: 114.3868
it: 69500/80000, lr: 0.001626, loss: 2.7909, eta: 3:20:15, time: 116.3355
it: 69600/80000, lr: 0.001613, loss: 2.7912, eta: 3:18:23, time: 127.7571
it: 69700/80000, lr: 0.001599, loss: 2.8328, eta: 3:16:29, time: 115.6437
it: 69800/80000, lr: 0.001585, loss: 2.7899, eta: 3:14:34, time: 114.5747
it: 69900/80000, lr: 0.001571, loss: 2.8157, eta: 3:12:40, time: 115.9127
it: 70000/80000, lr: 0.001557, loss: 2.7910, eta: 3:10:47, time: 124.0649
it: 70100/80000, lr: 0.001543, loss: 2.8191, eta: 3:08:53, time: 115.7589
it: 70200/80000, lr: 0.001529, loss: 2.8194, eta: 3:06:58, time: 115.3508
training done, model saved to: ./2/model_70200.pth
it: 70300/80000, lr: 0.001515, loss: 2.7385, eta: 3:05:04, time: 113.8976
it: 70400/80000, lr: 0.001500, loss: 2.7887, eta: 3:03:11, time: 123.8889
training done, model saved to: ./2/model_70400.pth
it: 70500/80000, lr: 0.001486, loss: 2.8035, eta: 3:01:16, time: 114.9998
it: 70600/80000, lr: 0.001472, loss: 2.7942, eta: 2:59:22, time: 115.7883
training done, model saved to: ./2/model_70600.pth
it: 70700/80000, lr: 0.001458, loss: 2.8046, eta: 2:57:28, time: 123.3228
it: 70800/80000, lr: 0.001444, loss: 2.7746, eta: 2:55:34, time: 115.5067
training done, model saved to: ./2/model_70800.pth
it: 70900/80000, lr: 0.001430, loss: 2.8088, eta: 2:53:40, time: 114.2614
it: 71000/80000, lr: 0.001416, loss: 2.8237, eta: 2:51:45, time: 115.4476
training done, model saved to: ./2/model_71000.pth
it: 71100/80000, lr: 0.001402, loss: 2.7622, eta: 2:49:52, time: 123.3116
it: 71200/80000, lr: 0.001387, loss: 2.8273, eta: 2:47:57, time: 115.2892
training done, model saved to: ./2/model_71200.pth
it: 71300/80000, lr: 0.001373, loss: 2.7930, eta: 2:46:03, time: 114.4641
it: 71400/80000, lr: 0.001359, loss: 2.7622, eta: 2:44:09, time: 115.3496
training done, model saved to: ./2/model_71400.pth
it: 71500/80000, lr: 0.001345, loss: 2.8187, eta: 2:42:15, time: 123.0783
it: 71600/80000, lr: 0.001331, loss: 2.8042, eta: 2:40:21, time: 115.9392
training done, model saved to: ./2/model_71600.pth
it: 71700/80000, lr: 0.001316, loss: 2.8442, eta: 2:38:26, time: 114.1910
it: 71800/80000, lr: 0.001302, loss: 2.8199, eta: 2:36:32, time: 121.5917
training done, model saved to: ./2/model_71800.pth
it: 71900/80000, lr: 0.001288, loss: 2.7765, eta: 2:34:38, time: 113.5946
it: 72000/80000, lr: 0.001273, loss: 2.7682, eta: 2:32:43, time: 115.7816
training done, model saved to: ./2/model_72000.pth
it: 72100/80000, lr: 0.001259, loss: 2.8036, eta: 2:30:49, time: 114.7108
it: 72200/80000, lr: 0.001245, loss: 2.7855, eta: 2:28:55, time: 123.7839
training done, model saved to: ./2/model_72200.pth
it: 72300/80000, lr: 0.001230, loss: 2.7261, eta: 2:27:01, time: 114.3185
it: 72400/80000, lr: 0.001216, loss: 2.7622, eta: 2:25:06, time: 115.9411
training done, model saved to: ./2/model_72400.pth
it: 72500/80000, lr: 0.001202, loss: 2.7992, eta: 2:23:12, time: 115.0619
it: 72600/80000, lr: 0.001187, loss: 2.7271, eta: 2:21:19, time: 134.5421
training done, model saved to: ./2/model_72600.pth
it: 72700/80000, lr: 0.001173, loss: 2.7433, eta: 2:19:25, time: 114.8792
it: 72800/80000, lr: 0.001158, loss: 2.7798, eta: 2:17:30, time: 115.6139
training done, model saved to: ./2/model_72800.pth
it: 72900/80000, lr: 0.001144, loss: 2.7488, eta: 2:15:36, time: 114.2237
it: 73000/80000, lr: 0.001129, loss: 2.7814, eta: 2:13:42, time: 121.2236
training done, model saved to: ./2/model_73000.pth
it: 73100/80000, lr: 0.001115, loss: 2.7484, eta: 2:11:47, time: 113.8918
it: 73200/80000, lr: 0.001100, loss: 2.8156, eta: 2:09:53, time: 116.2977
training done, model saved to: ./2/model_73200.pth
it: 73300/80000, lr: 0.001086, loss: 2.7616, eta: 2:07:59, time: 123.9116
it: 73400/80000, lr: 0.001071, loss: 2.7461, eta: 2:06:04, time: 116.0796
training done, model saved to: ./2/model_73400.pth
it: 73500/80000, lr: 0.001056, loss: 2.7298, eta: 2:04:10, time: 114.9297
it: 73600/80000, lr: 0.001042, loss: 2.7701, eta: 2:02:15, time: 116.7602
training done, model saved to: ./2/model_73600.pth
it: 73700/80000, lr: 0.001027, loss: 2.7517, eta: 2:00:22, time: 128.4510
it: 73800/80000, lr: 0.001012, loss: 2.7997, eta: 1:58:28, time: 119.3049
training done, model saved to: ./2/model_73800.pth
it: 73900/80000, lr: 0.000998, loss: 2.7709, eta: 1:56:34, time: 118.7490
it: 74000/80000, lr: 0.000983, loss: 2.7399, eta: 1:54:39, time: 117.9251
training done, model saved to: ./2/model_74000.pth
it: 74100/80000, lr: 0.000968, loss: 2.7532, eta: 1:52:46, time: 133.2852
it: 74200/80000, lr: 0.000953, loss: 2.7489, eta: 1:50:52, time: 121.7910
training done, model saved to: ./2/model_74200.pth
it: 74300/80000, lr: 0.000939, loss: 2.7609, eta: 1:48:57, time: 114.4438
it: 74400/80000, lr: 0.000924, loss: 2.7773, eta: 1:47:02, time: 112.4830
training done, model saved to: ./2/model_74400.pth
it: 74500/80000, lr: 0.000909, loss: 2.7555, eta: 1:45:08, time: 118.1637
it: 74600/80000, lr: 0.000894, loss: 2.7358, eta: 1:43:13, time: 113.8482
training done, model saved to: ./2/model_74600.pth
it: 74700/80000, lr: 0.000879, loss: 2.7546, eta: 1:41:18, time: 112.3503
it: 74800/80000, lr: 0.000864, loss: 2.7497, eta: 1:39:25, time: 128.7293
training done, model saved to: ./2/model_74800.pth
it: 74900/80000, lr: 0.000849, loss: 2.7745, eta: 1:37:30, time: 114.5550
it: 75000/80000, lr: 0.000834, loss: 2.7478, eta: 1:35:35, time: 110.3505
training done, model saved to: ./2/model_75000.pth
it: 75100/80000, lr: 0.000819, loss: 2.7380, eta: 1:33:40, time: 111.9735
it: 75200/80000, lr: 0.000804, loss: 2.7622, eta: 1:31:46, time: 119.0674
training done, model saved to: ./2/model_75200.pth
it: 75300/80000, lr: 0.000789, loss: 2.7812, eta: 1:29:51, time: 111.9651
it: 75400/80000, lr: 0.000774, loss: 2.7201, eta: 1:27:56, time: 110.5542
training done, model saved to: ./2/model_75400.pth
it: 75500/80000, lr: 0.000759, loss: 2.7608, eta: 1:26:01, time: 112.2984
it: 75600/80000, lr: 0.000744, loss: 2.7553, eta: 1:24:07, time: 118.7836
training done, model saved to: ./2/model_75600.pth
it: 75700/80000, lr: 0.000728, loss: 2.7225, eta: 1:22:12, time: 114.4545
it: 75800/80000, lr: 0.000713, loss: 2.7050, eta: 1:20:17, time: 112.7734
training done, model saved to: ./2/model_75800.pth
it: 75900/80000, lr: 0.000698, loss: 2.7275, eta: 1:18:23, time: 124.4704
it: 76000/80000, lr: 0.000682, loss: 2.7870, eta: 1:16:28, time: 114.6784
training done, model saved to: ./2/model_76000.pth
it: 76100/80000, lr: 0.000667, loss: 2.7318, eta: 1:14:34, time: 117.7477
it: 76200/80000, lr: 0.000652, loss: 2.7377, eta: 1:12:39, time: 115.6133
training done, model saved to: ./2/model_76200.pth
it: 76300/80000, lr: 0.000636, loss: 2.7434, eta: 1:10:45, time: 125.6927
it: 76400/80000, lr: 0.000621, loss: 2.6833, eta: 1:08:51, time: 120.3205
training done, model saved to: ./2/model_76400.pth
it: 76500/80000, lr: 0.000605, loss: 2.7399, eta: 1:06:56, time: 123.6058
it: 76600/80000, lr: 0.000590, loss: 2.7219, eta: 1:05:02, time: 118.7312
training done, model saved to: ./2/model_76600.pth
it: 76700/80000, lr: 0.000574, loss: 2.7425, eta: 1:03:08, time: 132.3007
it: 76800/80000, lr: 0.000558, loss: 2.7167, eta: 1:01:13, time: 115.8128
training done, model saved to: ./2/model_76800.pth
it: 76900/80000, lr: 0.000543, loss: 2.7378, eta: 0:59:18, time: 118.6193
it: 77000/80000, lr: 0.000527, loss: 2.7342, eta: 0:57:24, time: 116.3094
training done, model saved to: ./2/model_77000.pth
it: 77100/80000, lr: 0.000511, loss: 2.7165, eta: 0:55:30, time: 130.9042
it: 77200/80000, lr: 0.000495, loss: 2.6804, eta: 0:53:35, time: 115.4192
training done, model saved to: ./2/model_77200.pth
it: 77300/80000, lr: 0.000479, loss: 2.7524, eta: 0:51:40, time: 117.9011
it: 77400/80000, lr: 0.000463, loss: 2.7203, eta: 0:49:46, time: 124.8813
training done, model saved to: ./2/model_77400.pth
it: 77500/80000, lr: 0.000447, loss: 2.7472, eta: 0:47:51, time: 119.3434
it: 77600/80000, lr: 0.000431, loss: 2.7356, eta: 0:45:56, time: 115.6429
training done, model saved to: ./2/model_77600.pth
it: 77700/80000, lr: 0.000415, loss: 2.7301, eta: 0:44:01, time: 115.6468
it: 77800/80000, lr: 0.000399, loss: 2.6881, eta: 0:42:07, time: 123.6489
training done, model saved to: ./2/model_77800.pth
it: 77900/80000, lr: 0.000382, loss: 2.7268, eta: 0:40:12, time: 116.5791
it: 78000/80000, lr: 0.000366, loss: 2.7097, eta: 0:38:17, time: 114.6691
training done, model saved to: ./2/model_78000.pth
it: 78100/80000, lr: 0.000349, loss: 2.6751, eta: 0:36:22, time: 115.4376
it: 78200/80000, lr: 0.000333, loss: 2.6890, eta: 0:34:28, time: 123.8368
training done, model saved to: ./2/model_78200.pth
it: 78300/80000, lr: 0.000316, loss: 2.7508, eta: 0:32:33, time: 115.4626
it: 78400/80000, lr: 0.000299, loss: 2.6923, eta: 0:30:38, time: 114.2790
training done, model saved to: ./2/model_78400.pth
it: 78500/80000, lr: 0.000282, loss: 2.6688, eta: 0:28:43, time: 126.1392
it: 78600/80000, lr: 0.000265, loss: 2.7274, eta: 0:26:49, time: 113.9537
training done, model saved to: ./2/model_78600.pth
it: 78700/80000, lr: 0.000248, loss: 2.7169, eta: 0:24:54, time: 114.6398
it: 78800/80000, lr: 0.000231, loss: 2.7039, eta: 0:22:59, time: 114.2900
training done, model saved to: ./2/model_78800.pth
it: 78900/80000, lr: 0.000214, loss: 2.7446, eta: 0:21:04, time: 123.4167
it: 79000/80000, lr: 0.000196, loss: 2.6710, eta: 0:19:09, time: 114.8324
training done, model saved to: ./2/model_79000.pth
it: 79100/80000, lr: 0.000178, loss: 2.7396, eta: 0:17:14, time: 112.8656
it: 79200/80000, lr: 0.000160, loss: 2.6911, eta: 0:15:20, time: 115.0218
training done, model saved to: ./2/model_79200.pth
it: 79300/80000, lr: 0.000142, loss: 2.6903, eta: 0:13:25, time: 121.4679
it: 79400/80000, lr: 0.000124, loss: 2.7272, eta: 0:11:30, time: 115.1327
training done, model saved to: ./2/model_79400.pth
it: 79500/80000, lr: 0.000105, loss: 2.6972, eta: 0:09:35, time: 113.6349
it: 79600/80000, lr: 0.000086, loss: 2.7350, eta: 0:07:40, time: 114.9398
training done, model saved to: ./2/model_79600.pth
it: 79700/80000, lr: 0.000067, loss: 2.7192, eta: 0:05:45, time: 122.3696
it: 79800/80000, lr: 0.000046, loss: 2.6630, eta: 0:03:50, time: 115.2654
training done, model saved to: ./2/model_79800.pth
it: 79900/80000, lr: 0.000025, loss: 2.7040, eta: 0:01:56, time: 115.5751
it: 80000/80000, lr: 0.000000, loss: 2.6799, eta: 0:00:01, time: 123.3420
training done, model saved to: ./2/model_final2.pth
